Removed Pin From Net: NetName=GND Pin=B_Cf-2
Removed Pin From Net: NetName=GND Pin=B_DiV_B-2
Removed Pin From Net: NetName=GND Pin=C_1U-2
Removed Pin From Net: NetName=GND Pin=C_1V-2
Removed Pin From Net: NetName=GND Pin=C_1W-2
Removed Pin From Net: NetName=GND Pin=C_2U-2
Removed Pin From Net: NetName=GND Pin=C_2V-2
Removed Pin From Net: NetName=GND Pin=C_2W-2
Removed Pin From Net: NetName=GND Pin=CS_Monitor_U-4
Removed Pin From Net: NetName=GND Pin=CS_Monitor_V-4
Removed Pin From Net: NetName=GND Pin=CS_Monitor_W-4
Removed Pin From Net: NetName=GND Pin=GD1U-3
Removed Pin From Net: NetName=GND Pin=GD1V-3
Removed Pin From Net: NetName=GND Pin=GD1W-3
Removed Pin From Net: NetName=GND Pin=GD2U-3
Removed Pin From Net: NetName=GND Pin=GD2V-3
Removed Pin From Net: NetName=GND Pin=GD2W-3
Removed Pin From Net: NetName=GND Pin=RL_U-1
Removed Pin From Net: NetName=GND Pin=RL_V-1
Removed Pin From Net: NetName=GND Pin=RL_W-1
Removed Pin From Net: NetName=GND Pin=Ros_U-1
Removed Pin From Net: NetName=GND Pin=Ros_V-1
Removed Pin From Net: NetName=GND Pin=Ros_W-1
Removed Pin From Net: NetName=GND Pin=U_Cf-2
Removed Pin From Net: NetName=GND Pin=U_DiV_B-2
Removed Pin From Net: NetName=GND Pin=V_Cf-2
Removed Pin From Net: NetName=GND Pin=V_DiV_B-2
Removed Pin From Net: NetName=GND Pin=W_Cf-2
Removed Pin From Net: NetName=GND Pin=W_DiV_B-2
