Replace Part Cboot_12 GRM188R71C473KA0 in C:\Users\Yann\Documents\GitHub\DRIVAIR_EDA\Source\Backbone_PCB\[02]_12V_DCDC.SchDoc with GRM188R71C473KA0 from Backbone_12V_DCDC.SchLib
Replace Part Ccomp_12 GRM188R71H182KA0 in C:\Users\Yann\Documents\GitHub\DRIVAIR_EDA\Source\Backbone_PCB\[02]_12V_DCDC.SchDoc with GRM188R71H182KA0 from Backbone_12V_DCDC.SchLib
Replace Part Cdthr GRM188R71C473KA0 in C:\Users\Yann\Documents\GitHub\DRIVAIR_EDA\Source\Backbone_PCB\[02]_12V_DCDC.SchDoc with GRM188R71C473KA0 from Backbone_12V_DCDC.SchLib
Replace Part Chf_12 C0603C220K3GACTU in C:\Users\Yann\Documents\GitHub\DRIVAIR_EDA\Source\Backbone_PCB\[02]_12V_DCDC.SchDoc with C0603C220K3GACTU from Backbone_12V_DCDC.SchLib
Replace Part Cin_12 C3225X7R2A225K23 in C:\Users\Yann\Documents\GitHub\DRIVAIR_EDA\Source\Backbone_PCB\[02]_12V_DCDC.SchDoc with C3225X7R2A225K23 from Backbone_12V_DCDC.SchLib
Replace Part Cout1_12 GRM188R61C225KE1 in C:\Users\Yann\Documents\GitHub\DRIVAIR_EDA\Source\Backbone_PCB\[02]_12V_DCDC.SchDoc with GRM188R61C225KE1 from Backbone_12V_DCDC.SchLib
Replace Part Cout_2_12 GRM32ER61C226KE2 in C:\Users\Yann\Documents\GitHub\DRIVAIR_EDA\Source\Backbone_PCB\[02]_12V_DCDC.SchDoc with GRM32ER61C226KE2 from Backbone_12V_DCDC.SchLib
Replace Part Cout_12 GRM32ER61C226KE2 in C:\Users\Yann\Documents\GitHub\DRIVAIR_EDA\Source\Backbone_PCB\[02]_12V_DCDC.SchDoc with GRM32ER61C226KE2 from Backbone_12V_DCDC.SchLib
Replace Part Cramp_12 06035A470KAT2A in C:\Users\Yann\Documents\GitHub\DRIVAIR_EDA\Source\Backbone_PCB\[02]_12V_DCDC.SchDoc with 06035A470KAT2A from Backbone_12V_DCDC.SchLib
Replace Part Css_12 C0603C103J5RACTU in C:\Users\Yann\Documents\GitHub\DRIVAIR_EDA\Source\Backbone_PCB\[02]_12V_DCDC.SchDoc with C0603C103J5RACTU from Backbone_12V_DCDC.SchLib
Replace Part Cvcc_12 C0603C105K8PACTU in C:\Users\Yann\Documents\GitHub\DRIVAIR_EDA\Source\Backbone_PCB\[02]_12V_DCDC.SchDoc with C0603C105K8PACTU from Backbone_12V_DCDC.SchLib
Replace Part D1_12 50WQ10FNPBF in C:\Users\Yann\Documents\GitHub\DRIVAIR_EDA\Source\Backbone_PCB\[02]_12V_DCDC.SchDoc with 50WQ10FNPBF from Backbone_12V_DCDC.SchLib
Replace Part L1_12 7443551131 in C:\Users\Yann\Documents\GitHub\DRIVAIR_EDA\Source\Backbone_PCB\[02]_12V_DCDC.SchDoc with 7443551131 from Backbone_12V_DCDC.SchLib
Replace Part LM5088 LM5088QMHX-1/NOP in C:\Users\Yann\Documents\GitHub\DRIVAIR_EDA\Source\Backbone_PCB\[02]_12V_DCDC.SchDoc with LM5088QMHX-1/NOP from Backbone_12V_DCDC.SchLib
Replace Part M1_12 CSD19533Q5A in C:\Users\Yann\Documents\GitHub\DRIVAIR_EDA\Source\Backbone_PCB\[02]_12V_DCDC.SchDoc with CSD19533Q5A from Backbone_12V_DCDC.SchLib
Replace Part Rcomp_12 CRCW060330K9FKEA in C:\Users\Yann\Documents\GitHub\DRIVAIR_EDA\Source\Backbone_PCB\[02]_12V_DCDC.SchDoc with CRCW060330K9FKEA from Backbone_12V_DCDC.SchLib
Replace Part Rfbb RR1220P-162-D in C:\Users\Yann\Documents\GitHub\DRIVAIR_EDA\Source\Backbone_PCB\[02]_12V_DCDC.SchDoc with RR1220P-162-D from Backbone_12V_DCDC.SchLib
Replace Part Rfbt CRCW040214K3FKED in C:\Users\Yann\Documents\GitHub\DRIVAIR_EDA\Source\Backbone_PCB\[02]_12V_DCDC.SchDoc with CRCW040214K3FKED from Backbone_12V_DCDC.SchLib
Replace Part Rramp_12 CRCW0603200KFKEA in C:\Users\Yann\Documents\GitHub\DRIVAIR_EDA\Source\Backbone_PCB\[02]_12V_DCDC.SchDoc with CRCW0603200KFKEA from Backbone_12V_DCDC.SchLib
Replace Part Rsns_12 CSR1206FK15L0 in C:\Users\Yann\Documents\GitHub\DRIVAIR_EDA\Source\Backbone_PCB\[02]_12V_DCDC.SchDoc with CSR1206FK15L0 from Backbone_12V_DCDC.SchLib
Replace Part Rt_12 CRCW060310K7FKEA in C:\Users\Yann\Documents\GitHub\DRIVAIR_EDA\Source\Backbone_PCB\[02]_12V_DCDC.SchDoc with CRCW060310K7FKEA from Backbone_12V_DCDC.SchLib
Replace Part Ruv1_12 ERJ-6ENF2611V in C:\Users\Yann\Documents\GitHub\DRIVAIR_EDA\Source\Backbone_PCB\[02]_12V_DCDC.SchDoc with ERJ-6ENF2611V from Backbone_12V_DCDC.SchLib
Replace Part Ruv2_12 ERJ-6ENF4992V in C:\Users\Yann\Documents\GitHub\DRIVAIR_EDA\Source\Backbone_PCB\[02]_12V_DCDC.SchDoc with ERJ-6ENF4992V from Backbone_12V_DCDC.SchLib
