Removed Pin From Net: NetName=NetCcomp2_2 Pin=Ccomp-2
Removed Pin From Net: NetName=0 Pin=Cin-2
Removed Pin From Net: NetName=0 Pin=Css-2
Removed Pin From Net: NetName=NetCbst_2 Pin=L1-1
Removed Pin From Net: NetName=NetCbst_2 Pin=M1-1
Removed Pin From Net: NetName=NetCbst_2 Pin=M1-2
Removed Pin From Net: NetName=NetCbst_2 Pin=M1-3
Removed Pin From Net: NetName=NetCout_1 Pin=Rcomp2-1
Removed Pin From Net: NetName=NetCcomp2_1 Pin=Rcomp-2
Removed Pin From Net: NetName=NetCcomp2_1 Pin=Rfbb-1
Removed Pin From Net: NetName=0 Pin=Rfbb-2
Removed Pin From Net: NetName=NetCcomp2_1 Pin=Rfbt-2
Removed Pin From Net: NetName=NetCin_1 Pin=Ruv2-1
Removed Pin From Net: NetName=NetRpgood_2 Pin=U1-3
Removed Pin From Net: NetName=NetCcomp2_2 Pin=U1-4
Removed Pin From Net: NetName=NetCcomp2_1 Pin=U1-5
Removed Pin From Net: NetName=NetCbst_1 Pin=U1-6
Removed Pin From Net: NetName=NetCbst_2 Pin=U1-8
Removed Pin From Net: NetName=NetM2_4 Pin=U1-9
Removed Pin From Net: NetName=NetCbyp_1 Pin=U1-10
Removed Pin From Net: NetName=0 Pin=U1-11
Removed Pin From Net: NetName=NetCin_1 Pin=VIN-1
Change Component DesignItemId : Designator=Cout Old DesignItemId=CC0603MRX5R5BB106 New DesignItemId=GRM32ER61C226KE20L
Change Component DesignItemId : Designator=Ccomp Old DesignItemId=CC0805KRX7R9BB472 New DesignItemId=GRM188R71H182KA01D
Change Component DesignItemId : Designator=Rfbb Old DesignItemId=CRCW04021K37FKED New DesignItemId=RR1220P-162-D
Change Component DesignItemId : Designator=Rcomp Old DesignItemId=CRCW04021K69FKED New DesignItemId=CRCW060330K9FKEA
Change Component DesignItemId : Designator=Rfbt Old DesignItemId=CRCW040210K0FKED New DesignItemId=CRCW040214K3FKED
Change Component DesignItemId : Designator=M1 Old DesignItemId=CSD17308Q3 New DesignItemId=CSD19533Q5A
Change Component DesignItemId : Designator=Cin Old DesignItemId=GRM21BR61E475MA12L New DesignItemId=C3225X7R2A225K230AB
Change Component DesignItemId : Designator=Css Old DesignItemId=GRM033R71C332KA88D New DesignItemId=C0603C103J5RACTU
Change Component DesignItemId : Designator=L1 Old DesignItemId=SRP6540-1R5M New DesignItemId=7443551131
Change Component DesignItemId : Designator=U1 Old DesignItemId=TPS40305DRCR New DesignItemId=LM5088MHX-2/NOPB
Change Component Footprint: Designator=U1 Old Footprint=S-PVSON-N10 New Footprint=MXA16A
Change Component Comment : Designator=Cout Old Comment=CC0603MRX5R5BB106 New Comment=GRM32ER61C226KE20L
Change Component Comment : Designator=Ccomp Old Comment=CC0805KRX7R9BB472 New Comment=GRM188R71H182KA01D
Change Component Comment : Designator=Rfbb Old Comment=CRCW04021K37FKED New Comment=RR1220P-162-D
Change Component Comment : Designator=Rcomp Old Comment=CRCW04021K69FKED New Comment=CRCW060330K9FKEA
Change Component Comment : Designator=Rfbt Old Comment=CRCW040210K0FKED New Comment=CRCW040214K3FKED
Change Component Comment : Designator=M1 Old Comment=CSD17308Q3 New Comment=CSD19533Q5A
Change Component Comment : Designator=Cin Old Comment=GRM21BR61E475MA12L New Comment=C3225X7R2A225K230AB
Change Component Comment : Designator=Css Old Comment=GRM033R71C332KA88D New Comment=C0603C103J5RACTU
Change Component Comment : Designator=L1 Old Comment=SRP6540-1R5M New Comment=7443551131
Change Component Comment : Designator=U1 Old Comment=TPS40305DRCR New Comment=LM5088MHX-2/NOPB
Change Component Description : Designator=Cout Old Description=CC0603MRX5R5BB10 New Description=GRM32ER61C226KE2
Change Component Description : Designator=Ccomp Old Description=CC0805KRX7R9BB47 New Description=GRM188R71H182KA0
Change Component Description : Designator=Rfbb Old Description=CRCW04021K37FKED New Description=RR1220P-162-D
Change Component Description : Designator=Rcomp Old Description=CRCW04021K69FKED New Description=CRCW060330K9FKEA
Change Component Description : Designator=Rfbt Old Description=CRCW040210K0FKED New Description=CRCW040214K3FKED
Change Component Description : Designator=M1 Old Description=CSD17308Q3 New Description=CSD19533Q5A
Change Component Description : Designator=Cin Old Description=GRM21BR61E475MA1 New Description=C3225X7R2A225K23
Change Component Description : Designator=Css Old Description=GRM033R71C332KA8 New Description=C0603C103J5RACTU
Change Component Description : Designator=L1 Old Description=Unknown New Description=7443551131
Added Component: Designator=Ccomp(0805)
Added Component: Designator=Cin(0805)
Added Component: Designator=Cout(0603)
Added Component: Designator=Css(0201)
Added Component: Designator=L1(SRP6540)
Added Component: Designator=M1(TRANS_NexFET_Q3)
Added Component: Designator=Rcomp(0402)
Added Component: Designator=Rfbb(0402)
Added Component: Designator=Rfbt(0402)
Added Component: Designator=U1(S-PVSON-N10)
Added Pin To Net: NetName=NetCcomp_1 Pin=Ccomp-1
Added Pin To Net: NetName=NetCcomp2_2 Pin=Ccomp-2
Added Pin To Net: NetName=NetCcomp_2 Pin=Ccomp-2
Added Pin To Net: NetName=NetCin_1 Pin=Cin-1
Added Pin To Net: NetName=0 Pin=Cin-2
Added Pin To Net: NetName=NetCout_1 Pin=Cout1-1
Added Pin To Net: NetName=0 Pin=Cout-2
Added Pin To Net: NetName=NetCout_1 Pin=Cout_2-1
Added Pin To Net: NetName=NetCss_1 Pin=Css-1
Added Pin To Net: NetName=0 Pin=Css-2
Added Pin To Net: NetName=NetCin_1 Pin=Cvcc-1
Added Pin To Net: NetName=0 Pin=Cvcc-2
Added Pin To Net: NetName=NetCboot_1 Pin=L1-1
Added Pin To Net: NetName=NetCbst_2 Pin=L1-1
Added Pin To Net: NetName=NetCboot_1 Pin=M1-1
Added Pin To Net: NetName=NetCbst_2 Pin=M1-1
Added Pin To Net: NetName=NetCboot_1 Pin=M1-2
Added Pin To Net: NetName=NetCbst_2 Pin=M1-2
Added Pin To Net: NetName=NetCboot_1 Pin=M1-3
Added Pin To Net: NetName=NetCbst_2 Pin=M1-3
Added Pin To Net: NetName=NetM1_4 Pin=M1-4
Added Pin To Net: NetName=NetCin_1 Pin=M1-5
Added Pin To Net: NetName=NetCin_1 Pin=M1-6
Added Pin To Net: NetName=NetCin_1 Pin=M1-7
Added Pin To Net: NetName=NetCin_1 Pin=M1-8
Added Pin To Net: NetName=NetCin_1 Pin=M1-9
Added Pin To Net: NetName=NetCcomp_1 Pin=Rcomp-1
Added Pin To Net: NetName=NetChf_2 Pin=Rcomp-1
Added Pin To Net: NetName=NetCcomp2_1 Pin=Rcomp-2
Added Pin To Net: NetName=NetCcomp2_1 Pin=Rfbb-1
Added Pin To Net: NetName=NetChf_2 Pin=Rfbb-1
Added Pin To Net: NetName=0 Pin=Rfbb-2
Added Pin To Net: NetName=NetCcomp2_1 Pin=Rfbt-2
Added Pin To Net: NetName=NetChf_2 Pin=Rfbt-2
Added Pin To Net: NetName=NetCin_1 Pin=U1-1
Added Pin To Net: NetName=NetCss_1 Pin=U1-2
Added Pin To Net: NetName=NetRuv1_1 Pin=U1-2
Added Pin To Net: NetName=NetRpgood_2 Pin=U1-3
Added Pin To Net: NetName=NetCcomp2_2 Pin=U1-4
Added Pin To Net: NetName=NetCramp_1 Pin=U1-4
Added Pin To Net: NetName=NetCcomp2_1 Pin=U1-5
Added Pin To Net: NetName=NetRt_1 Pin=U1-5
Added Pin To Net: NetName=0 Pin=U1-6
Added Pin To Net: NetName=NetCbst_1 Pin=U1-6
Added Pin To Net: NetName=NetCcomp_2 Pin=U1-7
Added Pin To Net: NetName=NetM1_4 Pin=U1-7
Added Pin To Net: NetName=NetCbst_2 Pin=U1-8
Added Pin To Net: NetName=NetChf_2 Pin=U1-8
Added Pin To Net: NetName=NetCout_1 Pin=U1-9
Added Pin To Net: NetName=NetM2_4 Pin=U1-9
Added Pin To Net: NetName=NetCbyp_1 Pin=U1-10
Added Pin To Net: NetName=NetCdthr_2 Pin=U1-10
Added Pin To Net: NetName=0 Pin=U1-11
Change Net Name : Old Net Name=NetCout_1 New Net Name=NetCout1_1
Added Pin To Net: NetName=NetCout_1 Pin=Cout-1
Added Pin To Net: NetName=NetCout_1 Pin=L1-2
Added Pin To Net: NetName=NetCout_1 Pin=Rcomp2-1
Added Pin To Net: NetName=NetCout_1 Pin=Rfbt-1
Added Net: Name=NetCout_1
