Replace Part Cboot GRM188R71C473KA0 in C:\Users\Yann\Documents\GitHub\DRIVAIR_EDA\Source\Backbone_PCB\Backbone_12V_DCDC.schdoc with GRM188R71C473KA0 from Backbone_12V_DCDC.SchLib
Replace Part Ccomp GRM188R71H182KA0 in C:\Users\Yann\Documents\GitHub\DRIVAIR_EDA\Source\Backbone_PCB\Backbone_12V_DCDC.schdoc with GRM188R71H182KA0 from Backbone_12V_DCDC.SchLib
Replace Part Cdthr GRM188R71C473KA0 in C:\Users\Yann\Documents\GitHub\DRIVAIR_EDA\Source\Backbone_PCB\Backbone_12V_DCDC.schdoc with GRM188R71C473KA0 from Backbone_12V_DCDC.SchLib
Replace Part Chf C0603C220K3GACTU in C:\Users\Yann\Documents\GitHub\DRIVAIR_EDA\Source\Backbone_PCB\Backbone_12V_DCDC.schdoc with C0603C220K3GACTU from Backbone_12V_DCDC.SchLib
Replace Part Cin C3225X7R2A225K23 in C:\Users\Yann\Documents\GitHub\DRIVAIR_EDA\Source\Backbone_PCB\Backbone_12V_DCDC.schdoc with C3225X7R2A225K23 from Backbone_12V_DCDC.SchLib
Replace Part Cout GRM32ER61C226KE2 in C:\Users\Yann\Documents\GitHub\DRIVAIR_EDA\Source\Backbone_PCB\Backbone_12V_DCDC.schdoc with GRM32ER61C226KE2 from Backbone_12V_DCDC.SchLib
Replace Part Cout1 GRM188R61C225KE1 in C:\Users\Yann\Documents\GitHub\DRIVAIR_EDA\Source\Backbone_PCB\Backbone_12V_DCDC.schdoc with GRM188R61C225KE1 from Backbone_12V_DCDC.SchLib
Replace Part Cout_2 GRM32ER61C226KE2 in C:\Users\Yann\Documents\GitHub\DRIVAIR_EDA\Source\Backbone_PCB\Backbone_12V_DCDC.schdoc with GRM32ER61C226KE2 from Backbone_12V_DCDC.SchLib
Replace Part Cramp 06035A470KAT2A in C:\Users\Yann\Documents\GitHub\DRIVAIR_EDA\Source\Backbone_PCB\Backbone_12V_DCDC.schdoc with 06035A470KAT2A from Backbone_12V_DCDC.SchLib
Replace Part Css C0603C103J5RACTU in C:\Users\Yann\Documents\GitHub\DRIVAIR_EDA\Source\Backbone_PCB\Backbone_12V_DCDC.schdoc with C0603C103J5RACTU from Backbone_12V_DCDC.SchLib
Replace Part Cvcc C0603C105K8PACTU in C:\Users\Yann\Documents\GitHub\DRIVAIR_EDA\Source\Backbone_PCB\Backbone_12V_DCDC.schdoc with C0603C105K8PACTU from Backbone_12V_DCDC.SchLib
Replace Part D1 50WQ10FNPBF in C:\Users\Yann\Documents\GitHub\DRIVAIR_EDA\Source\Backbone_PCB\Backbone_12V_DCDC.schdoc with 50WQ10FNPBF from Backbone_12V_DCDC.SchLib
Replace Part Iout_1 WB_CURRENT_LOAD in C:\Users\Yann\Documents\GitHub\DRIVAIR_EDA\Source\Backbone_PCB\Backbone_12V_DCDC.schdoc with WB_CURRENT_LOAD from Backbone_12V_DCDC.SchLib
Replace Part L1 7443551131 in C:\Users\Yann\Documents\GitHub\DRIVAIR_EDA\Source\Backbone_PCB\Backbone_12V_DCDC.schdoc with 7443551131 from Backbone_12V_DCDC.SchLib
Replace Part M1 CSD19533Q5A in C:\Users\Yann\Documents\GitHub\DRIVAIR_EDA\Source\Backbone_PCB\Backbone_12V_DCDC.schdoc with CSD19533Q5A from Backbone_12V_DCDC.SchLib
Replace Part Rcomp CRCW060330K9FKEA in C:\Users\Yann\Documents\GitHub\DRIVAIR_EDA\Source\Backbone_PCB\Backbone_12V_DCDC.schdoc with CRCW060330K9FKEA from Backbone_12V_DCDC.SchLib
Replace Part Rfbb RR1220P-162-D in C:\Users\Yann\Documents\GitHub\DRIVAIR_EDA\Source\Backbone_PCB\Backbone_12V_DCDC.schdoc with RR1220P-162-D from Backbone_12V_DCDC.SchLib
Replace Part Rfbt CRCW040214K3FKED in C:\Users\Yann\Documents\GitHub\DRIVAIR_EDA\Source\Backbone_PCB\Backbone_12V_DCDC.schdoc with CRCW040214K3FKED from Backbone_12V_DCDC.SchLib
Replace Part Rramp CRCW0603200KFKEA in C:\Users\Yann\Documents\GitHub\DRIVAIR_EDA\Source\Backbone_PCB\Backbone_12V_DCDC.schdoc with CRCW0603200KFKEA from Backbone_12V_DCDC.SchLib
Replace Part Rsns CSR1206FK15L0 in C:\Users\Yann\Documents\GitHub\DRIVAIR_EDA\Source\Backbone_PCB\Backbone_12V_DCDC.schdoc with CSR1206FK15L0 from Backbone_12V_DCDC.SchLib
Replace Part Rt CRCW060310K7FKEA in C:\Users\Yann\Documents\GitHub\DRIVAIR_EDA\Source\Backbone_PCB\Backbone_12V_DCDC.schdoc with CRCW060310K7FKEA from Backbone_12V_DCDC.SchLib
Replace Part Ruv1 ERJ-6ENF2611V in C:\Users\Yann\Documents\GitHub\DRIVAIR_EDA\Source\Backbone_PCB\Backbone_12V_DCDC.schdoc with ERJ-6ENF2611V from Backbone_12V_DCDC.SchLib
Replace Part Ruv2 ERJ-6ENF4992V in C:\Users\Yann\Documents\GitHub\DRIVAIR_EDA\Source\Backbone_PCB\Backbone_12V_DCDC.schdoc with ERJ-6ENF4992V from Backbone_12V_DCDC.SchLib
Replace Part U1 LM5088QMHX-1/NOP in C:\Users\Yann\Documents\GitHub\DRIVAIR_EDA\Source\Backbone_PCB\Backbone_12V_DCDC.schdoc with LM5088QMHX-1/NOP from Backbone_12V_DCDC.SchLib
Replace Part Vin WB_BATTERY in C:\Users\Yann\Documents\GitHub\DRIVAIR_EDA\Source\Backbone_PCB\Backbone_12V_DCDC.schdoc with WB_BATTERY from Backbone_12V_DCDC.SchLib
