Change Component Comment: Designator=D1 Old Comment=50WQ10FNPBF New Comment=Comment
Change Component Comment: Designator=Cramp Old Comment=06035A470KAT2A New Comment=Comment
Change Component Comment: Designator=L1 Old Comment=7443551131 New Comment=Comment
Change Component Comment: Designator=Css Old Comment=C0603C103J5RACTU New Comment=Comment
Change Component Comment: Designator=Cvcc Old Comment=C0603C105K8PACTU New Comment=Comment
Change Component Comment: Designator=Chf Old Comment=C0603C220K3GACTU New Comment=Comment
Change Component Comment: Designator=Cin Old Comment=C3225X7R2A225K230AB New Comment=Comment
Change Component Comment: Designator=Rfbt Old Comment=CRCW040214K3FKED New Comment=Comment
Change Component Comment: Designator=Rt Old Comment=CRCW060310K7FKEA New Comment=Comment
Change Component Comment: Designator=Rcomp Old Comment=CRCW060330K9FKEA New Comment=Comment
Change Component Comment: Designator=Rramp Old Comment=CRCW0603200KFKEA New Comment=Comment
Change Component Comment: Designator=M1 Old Comment=CSD19533Q5A New Comment=Comment
Change Component Comment: Designator=Rsns Old Comment=CSR1206FK15L0 New Comment=Comment
Change Component Comment: Designator=Ruv1 Old Comment=ERJ-6ENF2611V New Comment=Comment
Change Component Comment: Designator=Ruv2 Old Comment=ERJ-6ENF4992V New Comment=Comment
Change Component Comment: Designator=Cout_2 Old Comment=GRM32ER61C226KE20L New Comment=Comment
Change Component Comment: Designator=Cout1 Old Comment=GRM188R61C225KE15D New Comment=Comment
Change Component Comment: Designator=Cboot Old Comment=GRM188R71C473KA01D New Comment=Comment
Change Component Comment: Designator=Cdthr Old Comment=GRM188R71C473KA01D New Comment=Comment
Change Component Comment: Designator=Ccomp Old Comment=GRM188R71H182KA01D New Comment=Comment
Change Component Comment: Designator=U1 Old Comment=LM5088MHX-2/NOPB New Comment=Comment
Change Component Comment: Designator=Rfbb Old Comment=RR1220P-162-D New Comment=Comment
Change Component Comment: Designator=Vin Old Comment=WB_BATTERY New Comment=Comment
