Change Component Designator: OldDesignator=Cboot NewDesignator=Cboot_12
Change Component Designator: OldDesignator=Ccomp NewDesignator=Ccomp_12
Change Component Designator: OldDesignator=Chf NewDesignator=Chf_12
Change Component Designator: OldDesignator=Cin NewDesignator=Cin_12
Change Component Designator: OldDesignator=Cout1 NewDesignator=Cout1_12
Change Component Designator: OldDesignator=Cout NewDesignator=Cout_12
Change Component Designator: OldDesignator=Cout_2 NewDesignator=Cout_2_12
Change Component Designator: OldDesignator=Cramp NewDesignator=Cramp_12
Change Component Designator: OldDesignator=Css NewDesignator=Css_12
Change Component Designator: OldDesignator=Cvcc NewDesignator=Cvcc_12
Change Component Designator: OldDesignator=D1 NewDesignator=D1_12
Change Component Designator: OldDesignator=L1 NewDesignator=L1_12
Change Component Designator: OldDesignator=M1 NewDesignator=M1_12
Change Component Designator: OldDesignator=Rcomp NewDesignator=Rcomp_12
Change Component Designator: OldDesignator=Rramp NewDesignator=Rramp_12
Change Component Designator: OldDesignator=Rsns NewDesignator=Rsns_12
Change Component Designator: OldDesignator=Rt NewDesignator=Rt_12
Change Component Designator: OldDesignator=Ruv1 NewDesignator=Ruv1_12
Change Component Designator: OldDesignator=Ruv2 NewDesignator=Ruv2_12
Added Component: Designator=*(PAN132x)
Added Component: Designator=C_1U(CAPC3216X18N)
Added Component: Designator=C_1V(CAPC3216X18N)
Added Component: Designator=C_1W(CAPC3216X18N)
Added Component: Designator=C_2U(CAPC3216X18N)
Added Component: Designator=C_2V(CAPC3216X18N)
Added Component: Designator=C_2W(CAPC3216X18N)
Added Component: Designator=C_Boot_1U(CAPC3216X18N)
Added Component: Designator=C_Boot_1V(CAPC3216X18N)
Added Component: Designator=C_Boot_1W(CAPC3216X18N)
Added Component: Designator=C_BOOT_2U(CAPC3216X18N)
Added Component: Designator=C_BOOT_2V(CAPC3216X18N)
Added Component: Designator=C_Boot_2W(CAPC3216X18N)
Added Component: Designator=C_VS_U(RAD-0.3)
Added Component: Designator=C_VS_V(RAD-0.3)
Added Component: Designator=C_VS_W(RAD-0.3)
Added Component: Designator=CS_Monitor_U(DGK8)
Added Component: Designator=CS_Monitor_V(DGK8)
Added Component: Designator=CS_Monitor_W(DGK8)
Added Component: Designator=D1(SOD882D)
Added Component: Designator=D2(SOD882D)
Added Component: Designator=D3(SOD882D)
Added Component: Designator=D4(SOD882D)
Added Component: Designator=D5(SOD882D)
Added Component: Designator=D6(SOD882D)
Added Component: Designator=GD1U(SOIC127P600X265-8N)
Added Component: Designator=GD1V(SOIC127P600X265-8N)
Added Component: Designator=GD1W(SOIC127P600X265-8N)
Added Component: Designator=GD2U(SOIC127P600X265-8N)
Added Component: Designator=GD2V(SOIC127P600X265-8N)
Added Component: Designator=GD2W(SOIC127P600X265-8N)
Added Component: Designator=HTWTOAOQ(AXIAL-0.4)
Added Component: Designator=ICKSKIEF(AXIAL-0.4)
Added Component: Designator=J1_U(R1608)
Added Component: Designator=J1_V(R1608)
Added Component: Designator=J1_W(R1608)
Added Component: Designator=J3_U(R1608)
Added Component: Designator=J3_V(R1608)
Added Component: Designator=J3_W(R1608)
Added Component: Designator=J4_U(R1608)
Added Component: Designator=J4_V(R1608)
Added Component: Designator=J4_W(R1608)
Added Component: Designator=J_2U(R1608)
Added Component: Designator=J_2V(R1608)
Added Component: Designator=J_2W(R1608)
Added Component: Designator=OAGFPXFO(AXIAL-0.4)
Added Component: Designator=R_BOOT_1U(R1608)
Added Component: Designator=R_BOOT_1V(R1608)
Added Component: Designator=R_BOOT_1W(R1608)
Added Component: Designator=R_BOOT_2U(R1608)
Added Component: Designator=R_BOOT_2V(R1608)
Added Component: Designator=R_BOOT_2W(R1608)
Added Component: Designator=RL_U(0805)
Added Component: Designator=RL_V(0805)
Added Component: Designator=RL_W(0805)
Added Component: Designator=Ros_U(0805)
Added Component: Designator=Ros_V(0805)
Added Component: Designator=Ros_W(0805)
Added Component: Designator=VDXLMBYT(AXIAL-0.4)
Added Component: Designator=WMVVFDSP(AXIAL-0.4)
Added Component: Designator=YCSDONYW(AXIAL-0.4)
Change Net Name : Old Net Name=NetCboot_1 New Net Name=NetCboot_12_1
Change Net Name : Old Net Name=NetCboot_2 New Net Name=NetCboot_12_2
Change Net Name : Old Net Name=NetCcomp_1 New Net Name=NetCcomp_12_1
Change Net Name : Old Net Name=NetCcomp_2 New Net Name=NetCcomp_12_2
Change Net Name : Old Net Name=NetChf_2 New Net Name=NetChf_12_2
Change Net Name : Old Net Name=NetCin_1 New Net Name=NetCin_12_1
Change Net Name : Old Net Name=NetCout1_1 New Net Name=NetCout1_12_1
Change Net Name : Old Net Name=NetCramp_1 New Net Name=NetCramp_12_1
Change Net Name : Old Net Name=NetCss_1 New Net Name=NetCss_12_1
Change Net Name : Old Net Name=NetCvcc_1 New Net Name=NetCvcc_12_1
Change Net Name : Old Net Name=NetD1_1 New Net Name=NetD1_12_1
Change Net Name : Old Net Name=NetM1_4 New Net Name=NetM1_12_4
Change Net Name : Old Net Name=NetRt_1 New Net Name=NetRt_12_1
Change Net Name : Old Net Name=NetRuv1_1 New Net Name=NetRuv1_12_1
Added Pin To Net: NetName=+12 Pin=C_1U-1
Added Pin To Net: NetName=+12 Pin=C_1V-1
Added Pin To Net: NetName=+12 Pin=C_1W-1
Added Pin To Net: NetName=+12 Pin=C_2U-1
Added Pin To Net: NetName=+12 Pin=C_2V-1
Added Pin To Net: NetName=+12 Pin=C_2W-1
Added Pin To Net: NetName=+12 Pin=D1-2
Added Pin To Net: NetName=+12 Pin=D2-2
Added Pin To Net: NetName=+12 Pin=D3-2
Added Pin To Net: NetName=+12 Pin=D4-2
Added Pin To Net: NetName=+12 Pin=D5-2
Added Pin To Net: NetName=+12 Pin=D6-2
Added Pin To Net: NetName=+12 Pin=GD1U-5
Added Pin To Net: NetName=+12 Pin=GD1V-5
Added Pin To Net: NetName=+12 Pin=GD1W-5
Added Pin To Net: NetName=+12 Pin=GD2U-5
Added Pin To Net: NetName=+12 Pin=GD2V-5
Added Pin To Net: NetName=+12 Pin=GD2W-5
Added Net: Name=+12
Added Pin To Net: NetName=3.3V Pin=CS_Monitor_U-3
Added Pin To Net: NetName=3.3V Pin=CS_Monitor_V-3
Added Pin To Net: NetName=3.3V Pin=CS_Monitor_W-3
Added Net: Name=3.3V
Added Pin To Net: NetName=5V Pin=CS_Monitor_U-8
Added Pin To Net: NetName=5V Pin=CS_Monitor_V-8
Added Pin To Net: NetName=5V Pin=CS_Monitor_W-8
Added Net: Name=5V
Added Pin To Net: NetName=CS_U_OUT Pin=CS_Monitor_U-6
Added Pin To Net: NetName=CS_U_OUT Pin=RL_U-2
Added Net: Name=CS_U_OUT
Added Pin To Net: NetName=CS_V_OUT Pin=CS_Monitor_V-6
Added Pin To Net: NetName=CS_V_OUT Pin=RL_V-2
Added Net: Name=CS_V_OUT
Added Pin To Net: NetName=CS_W_OUT Pin=CS_Monitor_W-6
Added Pin To Net: NetName=CS_W_OUT Pin=RL_W-2
Added Net: Name=CS_W_OUT
Added Pin To Net: NetName=GND Pin=C_1U-2
Added Pin To Net: NetName=GND Pin=C_1V-2
Added Pin To Net: NetName=GND Pin=C_1W-2
Added Pin To Net: NetName=GND Pin=C_2U-2
Added Pin To Net: NetName=GND Pin=C_2V-2
Added Pin To Net: NetName=GND Pin=C_2W-2
Added Pin To Net: NetName=GND Pin=C_VS_U-2
Added Pin To Net: NetName=GND Pin=C_VS_V-1
Added Pin To Net: NetName=GND Pin=C_VS_W-1
Added Pin To Net: NetName=GND Pin=CS_Monitor_U-4
Added Pin To Net: NetName=GND Pin=CS_Monitor_V-4
Added Pin To Net: NetName=GND Pin=CS_Monitor_W-4
Added Pin To Net: NetName=GND Pin=GD1U-3
Added Pin To Net: NetName=GND Pin=GD1V-3
Added Pin To Net: NetName=GND Pin=GD1W-3
Added Pin To Net: NetName=GND Pin=GD2U-3
Added Pin To Net: NetName=GND Pin=GD2V-3
Added Pin To Net: NetName=GND Pin=GD2W-3
Added Pin To Net: NetName=GND Pin=OAGFPXFO-1
Added Pin To Net: NetName=GND Pin=RL_U-1
Added Pin To Net: NetName=GND Pin=RL_V-1
Added Pin To Net: NetName=GND Pin=RL_W-1
Added Pin To Net: NetName=GND Pin=Ros_U-1
Added Pin To Net: NetName=GND Pin=Ros_V-1
Added Pin To Net: NetName=GND Pin=Ros_W-1
Added Pin To Net: NetName=GND Pin=WMVVFDSP-1
Added Pin To Net: NetName=GND Pin=YCSDONYW-1
Added Net: Name=GND
Added Pin To Net: NetName=HIN_U Pin=GD1U-1
Added Pin To Net: NetName=HIN_U Pin=GD2U-1
Added Net: Name=HIN_U
Added Pin To Net: NetName=HIN_V Pin=GD1V-1
Added Pin To Net: NetName=HIN_V Pin=GD2V-1
Added Net: Name=HIN_V
Added Pin To Net: NetName=HIN_W Pin=GD1W-1
Added Pin To Net: NetName=HIN_W Pin=GD2W-1
Added Net: Name=HIN_W
Added Pin To Net: NetName=LIN_U Pin=GD1U-2
Added Pin To Net: NetName=LIN_U Pin=GD2U-2
Added Net: Name=LIN_U
Added Pin To Net: NetName=LIN_V Pin=GD1V-2
Added Pin To Net: NetName=LIN_V Pin=GD2V-2
Added Net: Name=LIN_V
Added Pin To Net: NetName=LIN_W Pin=GD1W-2
Added Pin To Net: NetName=LIN_W Pin=GD2W-2
Added Net: Name=LIN_W
Added Pin To Net: NetName=NetC_Boot_1U_1 Pin=C_Boot_1U-1
Added Pin To Net: NetName=NetC_Boot_1U_1 Pin=GD1U-6
Added Net: Name=NetC_Boot_1U_1
Added Pin To Net: NetName=NetC_Boot_1U_2 Pin=C_Boot_1U-2
Added Pin To Net: NetName=NetC_Boot_1U_2 Pin=GD1U-8
Added Pin To Net: NetName=NetC_Boot_1U_2 Pin=R_BOOT_1U-2
Added Net: Name=NetC_Boot_1U_2
Added Pin To Net: NetName=NetC_Boot_1V_1 Pin=C_Boot_1V-1
Added Pin To Net: NetName=NetC_Boot_1V_1 Pin=GD1V-6
Added Net: Name=NetC_Boot_1V_1
Added Pin To Net: NetName=NetC_Boot_1V_2 Pin=C_Boot_1V-2
Added Pin To Net: NetName=NetC_Boot_1V_2 Pin=GD1V-8
Added Pin To Net: NetName=NetC_Boot_1V_2 Pin=R_BOOT_1V-2
Added Net: Name=NetC_Boot_1V_2
Added Pin To Net: NetName=NetC_Boot_1W_1 Pin=C_Boot_1W-1
Added Pin To Net: NetName=NetC_Boot_1W_1 Pin=GD1W-6
Added Net: Name=NetC_Boot_1W_1
Added Pin To Net: NetName=NetC_Boot_1W_2 Pin=C_Boot_1W-2
Added Pin To Net: NetName=NetC_Boot_1W_2 Pin=GD1W-8
Added Pin To Net: NetName=NetC_Boot_1W_2 Pin=R_BOOT_1W-2
Added Net: Name=NetC_Boot_1W_2
Added Pin To Net: NetName=NetC_BOOT_2U_1 Pin=C_BOOT_2U-1
Added Pin To Net: NetName=NetC_BOOT_2U_1 Pin=GD2U-6
Added Net: Name=NetC_BOOT_2U_1
Added Pin To Net: NetName=NetC_BOOT_2U_2 Pin=C_BOOT_2U-2
Added Pin To Net: NetName=NetC_BOOT_2U_2 Pin=GD2U-8
Added Pin To Net: NetName=NetC_BOOT_2U_2 Pin=R_BOOT_2U-2
Added Net: Name=NetC_BOOT_2U_2
Added Pin To Net: NetName=NetC_BOOT_2V_1 Pin=C_BOOT_2V-1
Added Pin To Net: NetName=NetC_BOOT_2V_1 Pin=GD2V-6
Added Net: Name=NetC_BOOT_2V_1
Added Pin To Net: NetName=NetC_BOOT_2V_2 Pin=C_BOOT_2V-2
Added Pin To Net: NetName=NetC_BOOT_2V_2 Pin=GD2V-8
Added Pin To Net: NetName=NetC_BOOT_2V_2 Pin=R_BOOT_2V-2
Added Net: Name=NetC_BOOT_2V_2
Added Pin To Net: NetName=NetC_Boot_2W_1 Pin=C_Boot_2W-1
Added Pin To Net: NetName=NetC_Boot_2W_1 Pin=GD2W-6
Added Net: Name=NetC_Boot_2W_1
Added Pin To Net: NetName=NetC_Boot_2W_2 Pin=C_Boot_2W-2
Added Pin To Net: NetName=NetC_Boot_2W_2 Pin=GD2W-8
Added Pin To Net: NetName=NetC_Boot_2W_2 Pin=R_BOOT_2W-2
Added Net: Name=NetC_Boot_2W_2
Added Pin To Net: NetName=NetCS_Monitor_U_5 Pin=CS_Monitor_U-5
Added Pin To Net: NetName=NetCS_Monitor_U_5 Pin=Ros_U-2
Added Net: Name=NetCS_Monitor_U_5
Added Pin To Net: NetName=NetCS_Monitor_V_5 Pin=CS_Monitor_V-5
Added Pin To Net: NetName=NetCS_Monitor_V_5 Pin=Ros_V-2
Added Net: Name=NetCS_Monitor_V_5
Added Pin To Net: NetName=NetCS_Monitor_W_5 Pin=CS_Monitor_W-5
Added Pin To Net: NetName=NetCS_Monitor_W_5 Pin=Ros_W-2
Added Net: Name=NetCS_Monitor_W_5
Added Pin To Net: NetName=NetD1_1 Pin=D1-1
Added Pin To Net: NetName=NetD1_1 Pin=R_BOOT_1U-1
Added Net: Name=NetD1_1
Added Pin To Net: NetName=NetD2_1 Pin=D2-1
Added Pin To Net: NetName=NetD2_1 Pin=R_BOOT_2U-1
Added Net: Name=NetD2_1
Added Pin To Net: NetName=NetD3_1 Pin=D3-1
Added Pin To Net: NetName=NetD3_1 Pin=R_BOOT_1V-1
Added Net: Name=NetD3_1
Added Pin To Net: NetName=NetD4_1 Pin=D4-1
Added Pin To Net: NetName=NetD4_1 Pin=R_BOOT_2V-1
Added Net: Name=NetD4_1
Added Pin To Net: NetName=NetD5_1 Pin=D5-1
Added Pin To Net: NetName=NetD5_1 Pin=R_BOOT_1W-1
Added Net: Name=NetD5_1
Added Pin To Net: NetName=NetD6_1 Pin=D6-1
Added Pin To Net: NetName=NetD6_1 Pin=R_BOOT_2W-1
Added Net: Name=NetD6_1
Added Pin To Net: NetName=NetGD1U_4 Pin=GD1U-4
Added Pin To Net: NetName=NetGD1U_4 Pin=J1_U-2
Added Net: Name=NetGD1U_4
Added Pin To Net: NetName=NetGD1U_7 Pin=GD1U-7
Added Pin To Net: NetName=NetGD1U_7 Pin=J_2U-1
Added Net: Name=NetGD1U_7
Added Pin To Net: NetName=NetGD1V_4 Pin=GD1V-4
Added Pin To Net: NetName=NetGD1V_4 Pin=J1_V-2
Added Net: Name=NetGD1V_4
Added Pin To Net: NetName=NetGD1V_7 Pin=GD1V-7
Added Pin To Net: NetName=NetGD1V_7 Pin=J_2V-1
Added Net: Name=NetGD1V_7
Added Pin To Net: NetName=NetGD1W_4 Pin=GD1W-4
Added Pin To Net: NetName=NetGD1W_4 Pin=J1_W-2
Added Net: Name=NetGD1W_4
Added Pin To Net: NetName=NetGD1W_7 Pin=GD1W-7
Added Pin To Net: NetName=NetGD1W_7 Pin=J_2W-1
Added Net: Name=NetGD1W_7
Added Pin To Net: NetName=NetGD2U_4 Pin=GD2U-4
Added Pin To Net: NetName=NetGD2U_4 Pin=J3_U-2
Added Net: Name=NetGD2U_4
Added Pin To Net: NetName=NetGD2U_7 Pin=GD2U-7
Added Pin To Net: NetName=NetGD2U_7 Pin=J4_U-1
Added Net: Name=NetGD2U_7
Added Pin To Net: NetName=NetGD2V_4 Pin=GD2V-4
Added Pin To Net: NetName=NetGD2V_4 Pin=J3_V-2
Added Net: Name=NetGD2V_4
Added Pin To Net: NetName=NetGD2V_7 Pin=GD2V-7
Added Pin To Net: NetName=NetGD2V_7 Pin=J4_V-1
Added Net: Name=NetGD2V_7
Added Pin To Net: NetName=NetGD2W_4 Pin=GD2W-4
Added Pin To Net: NetName=NetGD2W_4 Pin=J3_W-2
Added Net: Name=NetGD2W_4
Added Pin To Net: NetName=NetGD2W_7 Pin=GD2W-7
Added Pin To Net: NetName=NetGD2W_7 Pin=J4_W-1
Added Net: Name=NetGD2W_7
Added Pin To Net: NetName=U_B Pin=J1_U-1
Added Pin To Net: NetName=U_B Pin=J3_U-1
Added Net: Name=U_B
Added Pin To Net: NetName=U_OUT Pin=VDXLMBYT-2
Added Net: Name=U_OUT
Added Pin To Net: NetName=U_T Pin=J4_U-2
Added Pin To Net: NetName=U_T Pin=J_2U-2
Added Net: Name=U_T
Added Pin To Net: NetName=V_ADC_U Pin=C_VS_U-1
Added Pin To Net: NetName=V_ADC_U Pin=VDXLMBYT-1
Added Pin To Net: NetName=V_ADC_U Pin=YCSDONYW-2
Added Net: Name=V_ADC_U
Added Pin To Net: NetName=V_ADC_V Pin=C_VS_V-2
Added Pin To Net: NetName=V_ADC_V Pin=ICKSKIEF-1
Added Pin To Net: NetName=V_ADC_V Pin=WMVVFDSP-2
Added Net: Name=V_ADC_V
Added Pin To Net: NetName=V_ADC_W Pin=C_VS_W-2
Added Pin To Net: NetName=V_ADC_W Pin=HTWTOAOQ-1
Added Pin To Net: NetName=V_ADC_W Pin=OAGFPXFO-2
Added Net: Name=V_ADC_W
Added Pin To Net: NetName=V_B Pin=J1_V-1
Added Pin To Net: NetName=V_B Pin=J3_V-1
Added Net: Name=V_B
Added Pin To Net: NetName=V_OUT Pin=ICKSKIEF-2
Added Net: Name=V_OUT
Added Pin To Net: NetName=V_T Pin=J4_V-2
Added Pin To Net: NetName=V_T Pin=J_2V-2
Added Net: Name=V_T
Added Pin To Net: NetName=VIN+U Pin=CS_Monitor_U-2
Added Net: Name=VIN+U
Added Pin To Net: NetName=VIN+V Pin=CS_Monitor_V-2
Added Net: Name=VIN+V
Added Pin To Net: NetName=VIN+W Pin=CS_Monitor_W-2
Added Net: Name=VIN+W
Added Pin To Net: NetName=VIN-U Pin=CS_Monitor_U-1
Added Net: Name=VIN-U
Added Pin To Net: NetName=VIN-V Pin=CS_Monitor_V-1
Added Net: Name=VIN-V
Added Pin To Net: NetName=VIN-W Pin=CS_Monitor_W-1
Added Net: Name=VIN-W
Added Pin To Net: NetName=W_B Pin=J1_W-1
Added Pin To Net: NetName=W_B Pin=J3_W-1
Added Net: Name=W_B
Added Pin To Net: NetName=W_OUT Pin=HTWTOAOQ-2
Added Net: Name=W_OUT
Added Pin To Net: NetName=W_T Pin=J4_W-2
Added Pin To Net: NetName=W_T Pin=J_2W-2
Added Net: Name=W_T
Added Class: Name=Backbone-Signal_Handling
Added Class: Name=Backbone_12V_DCDC
Added Class: Name=Bluetooth
Added Room: Name=Backbone-Signal_Handling
Added Room: Name=Backbone_12V_DCDC
Added Room: Name=Bluetooth
