Change Physical Footprint: Designator=Cboot Old Footprint=0603 New Footprint=0603
Change Physical Footprint: Designator=Ccomp Old Footprint=0603 New Footprint=0603
Change Physical Footprint: Designator=Cdthr Old Footprint=0603 New Footprint=0603
Change Physical Footprint: Designator=Chf Old Footprint=0603 New Footprint=0603
Change Physical Footprint: Designator=Cin Old Footprint=1210 New Footprint=1210
Change Physical Footprint: Designator=Cout Old Footprint=1210 New Footprint=1210
Change Physical Footprint: Designator=Cout1 Old Footprint=0603 New Footprint=0603
Change Physical Footprint: Designator=Cout_2 Old Footprint=1210 New Footprint=1210
Change Physical Footprint: Designator=Cramp Old Footprint=0603 New Footprint=0603
Change Physical Footprint: Designator=Css Old Footprint=0603 New Footprint=0603
Change Physical Footprint: Designator=Cvcc Old Footprint=0603 New Footprint=0603
Change Physical Footprint: Designator=D1 Old Footprint=DPAK New Footprint=DPAK
Change Physical Footprint: Designator=L1 Old Footprint=WE-HCA1 New Footprint=WE-HCA1
Change Physical Footprint: Designator=M1 Old Footprint=TRANS_NexFET_Q5A New Footprint=TRANS_NexFET_Q5A
Change Physical Footprint: Designator=Rcomp Old Footprint=0603 New Footprint=0603
Change Physical Footprint: Designator=Rfbb Old Footprint=0805 New Footprint=0805
Change Physical Footprint: Designator=Rfbt Old Footprint=0402 New Footprint=0402
Change Physical Footprint: Designator=Rramp Old Footprint=0603 New Footprint=0603
Change Physical Footprint: Designator=Rsns Old Footprint=1206 New Footprint=1206
Change Physical Footprint: Designator=Rt Old Footprint=0603 New Footprint=0603
Change Physical Footprint: Designator=Ruv1 Old Footprint=0805 New Footprint=0805
Change Physical Footprint: Designator=Ruv2 Old Footprint=0805 New Footprint=0805
Change Physical Footprint: Designator=U1 Old Footprint=MXA16A New Footprint=MXA16A
