Removed Pin From Net: NetName=9 Pin=Cout_1-1
Removed Pin From Net: NetName=0 Pin=Cout_1-2
Removed Pin From Net: NetName=0 Pin=GND1-1
Removed Pin From Net: NetName=0 Pin=GND-1
Removed Pin From Net: NetName=9 Pin=VOUT-1
Change Component DesignItemId : Designator=D1 Old DesignItemId= New DesignItemId=50WQ10FNPBF
Change Component DesignItemId : Designator=Cramp Old DesignItemId= New DesignItemId=06035A470KAT2A
Change Component DesignItemId : Designator=L1 Old DesignItemId= New DesignItemId=7443551131
Change Component DesignItemId : Designator=Css Old DesignItemId= New DesignItemId=C0603C103J5RACTU
Change Component DesignItemId : Designator=Cvcc Old DesignItemId= New DesignItemId=C0603C105K8PACTU
Change Component DesignItemId : Designator=Chf Old DesignItemId= New DesignItemId=C0603C220K3GACTU
Change Component DesignItemId : Designator=Cin Old DesignItemId= New DesignItemId=C3225X7R2A225K230AB
Change Component DesignItemId : Designator=Rfbt Old DesignItemId= New DesignItemId=CRCW040214K3FKED
Change Component DesignItemId : Designator=Rt Old DesignItemId= New DesignItemId=CRCW060310K7FKEA
Change Component DesignItemId : Designator=Rcomp Old DesignItemId= New DesignItemId=CRCW060330K9FKEA
Change Component DesignItemId : Designator=Rramp Old DesignItemId= New DesignItemId=CRCW0603200KFKEA
Change Component DesignItemId : Designator=M1 Old DesignItemId= New DesignItemId=CSD19533Q5A
Change Component DesignItemId : Designator=Rsns Old DesignItemId= New DesignItemId=CSR1206FK15L0
Change Component DesignItemId : Designator=Ruv1 Old DesignItemId= New DesignItemId=ERJ-6ENF2611V
Change Component DesignItemId : Designator=Ruv2 Old DesignItemId= New DesignItemId=ERJ-6ENF4992V
Change Component DesignItemId : Designator=Cout_2 Old DesignItemId= New DesignItemId=GRM32ER61C226KE20L
Change Component DesignItemId : Designator=Cout1 Old DesignItemId= New DesignItemId=GRM188R61C225KE15D
Change Component DesignItemId : Designator=Cboot Old DesignItemId= New DesignItemId=GRM188R71C473KA01D
Change Component DesignItemId : Designator=Cdthr Old DesignItemId= New DesignItemId=GRM188R71C473KA01D
Change Component DesignItemId : Designator=Ccomp Old DesignItemId= New DesignItemId=GRM188R71H182KA01D
Change Component DesignItemId : Designator=U1 Old DesignItemId= New DesignItemId=LM5088MHX-2/NOPB
Change Component DesignItemId : Designator=Rfbb Old DesignItemId= New DesignItemId=RR1220P-162-D
Change Component DesignItemId : Designator=VIN Old DesignItemId= New DesignItemId=WB_BATTERY
Change Component Comment : Designator=D1 Old Comment=Comment New Comment=50WQ10FNPBF
Change Component Comment : Designator=Cramp Old Comment=Comment New Comment=06035A470KAT2A
Change Component Comment : Designator=L1 Old Comment=Comment New Comment=7443551131
Change Component Comment : Designator=Css Old Comment=Comment New Comment=C0603C103J5RACTU
Change Component Comment : Designator=Cvcc Old Comment=Comment New Comment=C0603C105K8PACTU
Change Component Comment : Designator=Chf Old Comment=Comment New Comment=C0603C220K3GACTU
Change Component Comment : Designator=Cin Old Comment=Comment New Comment=C3225X7R2A225K230AB
Change Component Comment : Designator=Rfbt Old Comment=Comment New Comment=CRCW040214K3FKED
Change Component Comment : Designator=Rt Old Comment=Comment New Comment=CRCW060310K7FKEA
Change Component Comment : Designator=Rcomp Old Comment=Comment New Comment=CRCW060330K9FKEA
Change Component Comment : Designator=Rramp Old Comment=Comment New Comment=CRCW0603200KFKEA
Change Component Comment : Designator=M1 Old Comment=Comment New Comment=CSD19533Q5A
Change Component Comment : Designator=Rsns Old Comment=Comment New Comment=CSR1206FK15L0
Change Component Comment : Designator=Ruv1 Old Comment=Comment New Comment=ERJ-6ENF2611V
Change Component Comment : Designator=Ruv2 Old Comment=Comment New Comment=ERJ-6ENF4992V
Change Component Comment : Designator=Cout_2 Old Comment=Comment New Comment=GRM32ER61C226KE20L
Change Component Comment : Designator=Cout1 Old Comment=Comment New Comment=GRM188R61C225KE15D
Change Component Comment : Designator=Cboot Old Comment=Comment New Comment=GRM188R71C473KA01D
Change Component Comment : Designator=Cdthr Old Comment=Comment New Comment=GRM188R71C473KA01D
Change Component Comment : Designator=Ccomp Old Comment=Comment New Comment=GRM188R71H182KA01D
Change Component Comment : Designator=U1 Old Comment=Comment New Comment=LM5088MHX-2/NOPB
Change Component Comment : Designator=Rfbb Old Comment=Comment New Comment=RR1220P-162-D
Change Component Comment : Designator=VIN Old Comment=Comment New Comment=WB_BATTERY
Change Component Description : Designator=D1 Old Description= New Description=50WQ10FNPBF
Change Component Description : Designator=Cramp Old Description= New Description=06035A470KAT2A
Change Component Description : Designator=L1 Old Description= New Description=7443551131
Change Component Description : Designator=Css Old Description= New Description=C0603C103J5RACTU
Change Component Description : Designator=Cvcc Old Description= New Description=C0603C105K8PACTU
Change Component Description : Designator=Chf Old Description= New Description=C0603C220K3GACTU
Change Component Description : Designator=Cin Old Description= New Description=C3225X7R2A225K23
Change Component Description : Designator=Rfbt Old Description= New Description=CRCW040214K3FKED
Change Component Description : Designator=Rt Old Description= New Description=CRCW060310K7FKEA
Change Component Description : Designator=Rcomp Old Description= New Description=CRCW060330K9FKEA
Change Component Description : Designator=Rramp Old Description= New Description=CRCW0603200KFKEA
Change Component Description : Designator=M1 Old Description= New Description=CSD19533Q5A
Change Component Description : Designator=Rsns Old Description= New Description=CSR1206FK15L0
Change Component Description : Designator=Ruv1 Old Description= New Description=ERJ-6ENF2611V
Change Component Description : Designator=Ruv2 Old Description= New Description=ERJ-6ENF4992V
Change Component Description : Designator=Cout_2 Old Description= New Description=GRM32ER61C226KE2
Change Component Description : Designator=Cout1 Old Description= New Description=GRM188R61C225KE1
Change Component Description : Designator=Cboot Old Description= New Description=GRM188R71C473KA0
Change Component Description : Designator=Cdthr Old Description= New Description=GRM188R71C473KA0
Change Component Description : Designator=Ccomp Old Description= New Description=GRM188R71H182KA0
Change Component Description : Designator=U1 Old Description= New Description=LM5088QMHX-1/NOP
Change Component Description : Designator=Rfbb Old Description= New Description=RR1220P-162-D
Change Component Description : Designator=VIN Old Description= New Description=WB_BATTERY
Change Component Library : Designator=Cboot Old Library= New Library=TI WEBENCH
Change Component Library : Designator=Ccomp Old Library= New Library=TI WEBENCH
Change Component Library : Designator=Cdthr Old Library= New Library=TI WEBENCH
Change Component Library : Designator=Chf Old Library= New Library=TI WEBENCH
Change Component Library : Designator=Cin Old Library= New Library=TI WEBENCH
Change Component Library : Designator=Cout1 Old Library= New Library=TI WEBENCH
Change Component Library : Designator=Cout_2 Old Library= New Library=TI WEBENCH
Change Component Library : Designator=Cramp Old Library= New Library=TI WEBENCH
Change Component Library : Designator=Css Old Library= New Library=TI WEBENCH
Change Component Library : Designator=Cvcc Old Library= New Library=TI WEBENCH
Change Component Library : Designator=D1 Old Library= New Library=TI WEBENCH
Change Component Library : Designator=L1 Old Library= New Library=TI WEBENCH
Change Component Library : Designator=M1 Old Library= New Library=TI WEBENCH
Change Component Library : Designator=Rcomp Old Library= New Library=TI WEBENCH
Change Component Library : Designator=Rfbb Old Library= New Library=TI WEBENCH
Change Component Library : Designator=Rfbt Old Library= New Library=TI WEBENCH
Change Component Library : Designator=Rramp Old Library= New Library=TI WEBENCH
Change Component Library : Designator=Rsns Old Library= New Library=TI WEBENCH
Change Component Library : Designator=Rt Old Library= New Library=TI WEBENCH
Change Component Library : Designator=Ruv1 Old Library= New Library=TI WEBENCH
Change Component Library : Designator=Ruv2 Old Library= New Library=TI WEBENCH
Change Component Library : Designator=U1 Old Library= New Library=TI WEBENCH
Change Component Library : Designator=VIN Old Library= New Library=TI WEBENCH
Added Component: Designator=Cbst(0805)
Added Component: Designator=Cbyp(1608)
Added Component: Designator=Ccomp2(0805)
Added Component: Designator=Ccomp3(0805)
Added Component: Designator=Ccomp(0805)
Added Component: Designator=Cin(0805)
Added Component: Designator=Cout(0603)
Added Component: Designator=Css(0201)
Added Component: Designator=L1(SRP6540)
Added Component: Designator=M1(TRANS_NexFET_Q3)
Added Component: Designator=M2(PG-TSDSON-8)
Added Component: Designator=Rcomp2(0402)
Added Component: Designator=Rcomp(0402)
Added Component: Designator=Rfbb(0402)
Added Component: Designator=Rfbt(0402)
Added Component: Designator=Rpgood(0402)
Added Component: Designator=Rs(0402)
Added Component: Designator=U1(S-PVSON-N10)
Added Pin To Net: NetName=0 Pin=Cbyp-2
Added Pin To Net: NetName=0 Pin=Cin-2
Added Pin To Net: NetName=9 Pin=Cout-1
Added Pin To Net: NetName=0 Pin=Cout-2
Added Pin To Net: NetName=0 Pin=Cout-2
Added Pin To Net: NetName=0 Pin=Css-2
Added Pin To Net: NetName=0 Pin=Cvcc-2
Added Pin To Net: NetName=0 Pin=M2-1
Added Pin To Net: NetName=0 Pin=M2-2
Added Pin To Net: NetName=0 Pin=M2-3
Added Pin To Net: NetName=0 Pin=Rfbb-2
Added Pin To Net: NetName=0 Pin=Rs-2
Added Pin To Net: NetName=0 Pin=U1-11
Change Net Name : Old Net Name=1 New Net Name=NetCin_1
Change Net Name : Old Net Name=2 New Net Name=NetCramp_1
Change Net Name : Old Net Name=3 New Net Name=NetRt_1
Change Net Name : Old Net Name=4 New Net Name=NetCss_1
Change Net Name : Old Net Name=5 New Net Name=NetCdthr_2
Change Net Name : Old Net Name=6 New Net Name=NetCcomp_2
Change Net Name : Old Net Name=7 New Net Name=NetChf_2
Change Net Name : Old Net Name=8 New Net Name=NetCboot_1
Change Net Name : Old Net Name=9 New Net Name=NetCout1_1
Change Net Name : Old Net Name=10 New Net Name=NetCvcc_1
Change Net Name : Old Net Name=11 New Net Name=NetRuv1_1
Change Net Name : Old Net Name=12 New Net Name=NetD1_1
Change Net Name : Old Net Name=13 New Net Name=NetM1_4
Change Net Name : Old Net Name=14 New Net Name=NetCboot_2
Change Net Name : Old Net Name=15 New Net Name=NetCcomp_1
Added Pin To Net: NetName=NetCbst_1 Pin=Cbst-1
Added Pin To Net: NetName=NetCbst_1 Pin=U1-6
Added Net: Name=NetCbst_1
Added Pin To Net: NetName=NetCbst_2 Pin=Cbst-2
Added Pin To Net: NetName=NetCbst_2 Pin=L1-1
Added Pin To Net: NetName=NetCbst_2 Pin=M1-1
Added Pin To Net: NetName=NetCbst_2 Pin=M1-2
Added Pin To Net: NetName=NetCbst_2 Pin=M1-3
Added Pin To Net: NetName=NetCbst_2 Pin=M2-5
Added Pin To Net: NetName=NetCbst_2 Pin=M2-6
Added Pin To Net: NetName=NetCbst_2 Pin=M2-7
Added Pin To Net: NetName=NetCbst_2 Pin=M2-8
Added Pin To Net: NetName=NetCbst_2 Pin=M2-9
Added Pin To Net: NetName=NetCbst_2 Pin=U1-8
Added Net: Name=NetCbst_2
Added Pin To Net: NetName=NetCbyp_1 Pin=Cbyp-1
Added Pin To Net: NetName=NetCbyp_1 Pin=Rpgood-1
Added Pin To Net: NetName=NetCbyp_1 Pin=U1-10
Added Net: Name=NetCbyp_1
Added Pin To Net: NetName=NetCcomp2_1 Pin=Ccomp2-1
Added Pin To Net: NetName=NetCcomp2_1 Pin=Ccomp3-2
Added Pin To Net: NetName=NetCcomp2_1 Pin=Rcomp-2
Added Pin To Net: NetName=NetCcomp2_1 Pin=Rfbb-1
Added Pin To Net: NetName=NetCcomp2_1 Pin=Rfbt-2
Added Pin To Net: NetName=NetCcomp2_1 Pin=U1-5
Added Net: Name=NetCcomp2_1
Added Pin To Net: NetName=NetCcomp2_2 Pin=Ccomp2-2
Added Pin To Net: NetName=NetCcomp2_2 Pin=Ccomp-2
Added Pin To Net: NetName=NetCcomp2_2 Pin=U1-4
Added Net: Name=NetCcomp2_2
Added Pin To Net: NetName=NetCcomp3_1 Pin=Ccomp3-1
Added Pin To Net: NetName=NetCcomp3_1 Pin=Rcomp2-2
Added Net: Name=NetCcomp3_1
Added Pin To Net: NetName=NetCout_1 Pin=Cout-1
Added Pin To Net: NetName=NetCout_1 Pin=L1-2
Added Pin To Net: NetName=NetCout_1 Pin=Rcomp2-1
Added Pin To Net: NetName=NetCout_1 Pin=Rfbt-1
Added Net: Name=NetCout_1
Added Pin To Net: NetName=NetM2_4 Pin=M2-4
Added Pin To Net: NetName=NetM2_4 Pin=Rs-1
Added Pin To Net: NetName=NetM2_4 Pin=U1-9
Added Net: Name=NetM2_4
Added Pin To Net: NetName=NetRpgood_2 Pin=Rpgood-2
Added Pin To Net: NetName=NetRpgood_2 Pin=U1-3
Added Net: Name=NetRpgood_2
Added Class: Name=Backbone_5V_DCDC
Added Class: Name=Backbone_12V_DCDC
Added Room: Name=Backbone_5V_DCDC
Added Room: Name=Backbone_12V_DCDC
