Added Component: Designator=*(PAN132x)
Added Component: Designator=B_Cf(0805)
Added Component: Designator=B_DiV_B(0402)
Added Component: Designator=B_DiV_T(0402)
Added Component: Designator=C7_Vcc_5(0603)
Added Component: Designator=C_1U(CAPC3216X18N)
Added Component: Designator=C_1V(CAPC3216X18N)
Added Component: Designator=C_1W(CAPC3216X18N)
Added Component: Designator=C_2U(CAPC3216X18N)
Added Component: Designator=C_2V(CAPC3216X18N)
Added Component: Designator=C_2W(CAPC3216X18N)
Added Component: Designator=C_Boot_1U(CAPC3216X18N)
Added Component: Designator=C_Boot_1V(CAPC3216X18N)
Added Component: Designator=C_Boot_1W(CAPC3216X18N)
Added Component: Designator=C_BOOT_2U(CAPC3216X18N)
Added Component: Designator=C_BOOT_2V(CAPC3216X18N)
Added Component: Designator=C_BOOT_2W(CAPC3216X18N)
Added Component: Designator=Cboot_12(0603)
Added Component: Designator=Cbst_5(0805)
Added Component: Designator=Cbyp_5(1608)
Added Component: Designator=Ccomp2_5(0805)
Added Component: Designator=Ccomp3_5(0805)
Added Component: Designator=Ccomp_5(0805)
Added Component: Designator=Ccomp_12(0603)
Added Component: Designator=Cdthr(0603)
Added Component: Designator=Chf_12(0603)
Added Component: Designator=Cin_5(0805)
Added Component: Designator=Cin_12(1210)
Added Component: Designator=Cout1_12(0603)
Added Component: Designator=Cout_2_12(1210)
Added Component: Designator=Cout_12(1210)
Added Component: Designator=Cout_%(0603)
Added Component: Designator=Cramp_12(0603)
Added Component: Designator=CS_Monitor_U(DGK8)
Added Component: Designator=CS_Monitor_V(DGK8)
Added Component: Designator=CS_Monitor_W(DGK8)
Added Component: Designator=Css_5(0201)
Added Component: Designator=Css_12(0603)
Added Component: Designator=Cvcc_12(0603)
Added Component: Designator=D1_12(DPAK)
Added Component: Designator=D1(SOD882D)
Added Component: Designator=D2(SOD882D)
Added Component: Designator=D3(SOD882D)
Added Component: Designator=D4(SOD882D)
Added Component: Designator=D5(SOD882D)
Added Component: Designator=D6(SOD882D)
Added Component: Designator=GD1U(SOIC127P600X265-8N)
Added Component: Designator=GD1V(SOIC127P600X265-8N)
Added Component: Designator=GD1W(SOIC127P600X265-8N)
Added Component: Designator=GD2U(SOIC127P600X265-8N)
Added Component: Designator=GD2V(SOIC127P600X265-8N)
Added Component: Designator=GD2W(SOIC127P600X265-8N)
Added Component: Designator=J1_U(R1608)
Added Component: Designator=J1_V(R1608)
Added Component: Designator=J1_W(R1608)
Added Component: Designator=J2_U(R1608)
Added Component: Designator=J3_U(R1608)
Added Component: Designator=J3_V(R1608)
Added Component: Designator=J3_W(R1608)
Added Component: Designator=J4_U(R1608)
Added Component: Designator=J4_V(R1608)
Added Component: Designator=J4_W(R1608)
Added Component: Designator=J_2V(R1608)
Added Component: Designator=J_2W(R1608)
Added Component: Designator=J_HIN_1U(R1608)
Added Component: Designator=J_HIN_1V(R1608)
Added Component: Designator=J_HIN_1W(R1608)
Added Component: Designator=J_HIN_2U(R1608)
Added Component: Designator=J_HIN_2V(R1608)
Added Component: Designator=J_HIN_2W(R1608)
Added Component: Designator=J_LIN_1U(R1608)
Added Component: Designator=J_LIN_1V(R1608)
Added Component: Designator=J_LIN_1W(R1608)
Added Component: Designator=J_LIN_2U(R1608)
Added Component: Designator=J_LIN_2V(R1608)
Added Component: Designator=J_LIN_2W(R1608)
Added Component: Designator=L1_5(SRP6540)
Added Component: Designator=L1_12(WE-HCA1)
Added Component: Designator=M1_12(TRANS_NexFET_Q5A)
Added Component: Designator=Q1_5(TRANS_NexFET_Q3)
Added Component: Designator=Q2_5(PG-TSDSON-8)
Added Component: Designator=R_BOOT_1U(R1608)
Added Component: Designator=R_BOOT_1V(R1608)
Added Component: Designator=R_BOOT_1W(R1608)
Added Component: Designator=R_BOOT_2U(R1608)
Added Component: Designator=R_BOOT_2V(R1608)
Added Component: Designator=R_BOOT_2W(R1608)
Added Component: Designator=Rcomp2_5(0402)
Added Component: Designator=Rcomp_5(0402)
Added Component: Designator=Rcomp_12(0603)
Added Component: Designator=Rfbb_5(0402)
Added Component: Designator=Rfbb(0805)
Added Component: Designator=Rfbt_5(0402)
Added Component: Designator=Rfbt(0402)
Added Component: Designator=RL_U(0603)
Added Component: Designator=RL_V(0603)
Added Component: Designator=RL_W(0603)
Added Component: Designator=Ros_U(0603)
Added Component: Designator=Ros_V(0603)
Added Component: Designator=Ros_W(0603)
Added Component: Designator=Rpgood_5(0402)
Added Component: Designator=Rramp_12(0603)
Added Component: Designator=Rs_5(0402)
Added Component: Designator=Rsns_12(1206)
Added Component: Designator=Rt_12(0603)
Added Component: Designator=Ruv1_12(0805)
Added Component: Designator=Ruv2_12(0805)
Added Component: Designator=TPS40305DRCR(S-PVSON-N10)
Added Component: Designator=U1(MXA16A)
Added Component: Designator=U_Cf(0805)
Added Component: Designator=U_DiV_B(0402)
Added Component: Designator=U_DiV_T(0402)
Added Component: Designator=V_Cf(0805)
Added Component: Designator=V_DiV_B(0402)
Added Component: Designator=V_DiV_T(0402)
Added Component: Designator=W_Cf(0805)
Added Component: Designator=W_DiV_B(0402)
Added Component: Designator=W_DiV_T(0402)
Added Pin To Net: NetName=+12 Pin=C_1U-1
Added Pin To Net: NetName=+12 Pin=C_1V-1
Added Pin To Net: NetName=+12 Pin=C_1W-1
Added Pin To Net: NetName=+12 Pin=C_2U-1
Added Pin To Net: NetName=+12 Pin=C_2V-1
Added Pin To Net: NetName=+12 Pin=C_2W-1
Added Pin To Net: NetName=+12 Pin=D1-2
Added Pin To Net: NetName=+12 Pin=D2-2
Added Pin To Net: NetName=+12 Pin=D3-2
Added Pin To Net: NetName=+12 Pin=D4-2
Added Pin To Net: NetName=+12 Pin=D5-2
Added Pin To Net: NetName=+12 Pin=D6-2
Added Pin To Net: NetName=+12 Pin=GD1U-5
Added Pin To Net: NetName=+12 Pin=GD1V-5
Added Pin To Net: NetName=+12 Pin=GD1W-5
Added Pin To Net: NetName=+12 Pin=GD2U-5
Added Pin To Net: NetName=+12 Pin=GD2V-5
Added Pin To Net: NetName=+12 Pin=GD2W-5
Added Net: Name=+12
Added Pin To Net: NetName=0 Pin=C7_Vcc_5-2
Added Pin To Net: NetName=0 Pin=Cbyp_5-2
Added Pin To Net: NetName=0 Pin=Cdthr-1
Added Pin To Net: NetName=0 Pin=Cin_5-2
Added Pin To Net: NetName=0 Pin=Cin_12-2
Added Pin To Net: NetName=0 Pin=Cout1_12-2
Added Pin To Net: NetName=0 Pin=Cout_2_12-2
Added Pin To Net: NetName=0 Pin=Cout_12-2
Added Pin To Net: NetName=0 Pin=Cout_%-2
Added Pin To Net: NetName=0 Pin=Cramp_12-2
Added Pin To Net: NetName=0 Pin=Css_5-2
Added Pin To Net: NetName=0 Pin=Css_12-2
Added Pin To Net: NetName=0 Pin=Cvcc_12-2
Added Pin To Net: NetName=0 Pin=Q2_5-1
Added Pin To Net: NetName=0 Pin=Q2_5-2
Added Pin To Net: NetName=0 Pin=Q2_5-3
Added Pin To Net: NetName=0 Pin=Rfbb-2
Added Pin To Net: NetName=0 Pin=Rfbb_5-2
Added Pin To Net: NetName=0 Pin=Rs_5-2
Added Pin To Net: NetName=0 Pin=Rsns_12-2
Added Pin To Net: NetName=0 Pin=Rt_12-2
Added Pin To Net: NetName=0 Pin=Ruv1_12-2
Added Pin To Net: NetName=0 Pin=TPS40305DRCR-11
Added Pin To Net: NetName=0 Pin=U1-6
Added Pin To Net: NetName=0 Pin=U1-11
Added Pin To Net: NetName=0 Pin=U1-17
Added Net: Name=0
Added Pin To Net: NetName=3V3 Pin=CS_Monitor_U-3
Added Pin To Net: NetName=3V3 Pin=CS_Monitor_V-3
Added Pin To Net: NetName=3V3 Pin=CS_Monitor_W-3
Added Net: Name=3V3
Added Pin To Net: NetName=5V Pin=Cout_%-1
Added Pin To Net: NetName=5V Pin=CS_Monitor_U-8
Added Pin To Net: NetName=5V Pin=CS_Monitor_V-8
Added Pin To Net: NetName=5V Pin=CS_Monitor_W-8
Added Pin To Net: NetName=5V Pin=L1_5-2
Added Pin To Net: NetName=5V Pin=Rcomp2_5-1
Added Pin To Net: NetName=5V Pin=Rfbt_5-1
Added Net: Name=5V
Added Pin To Net: NetName=12V Pin=C7_Vcc_5-1
Added Pin To Net: NetName=12V Pin=Cin_5-1
Added Pin To Net: NetName=12V Pin=Cout1_12-1
Added Pin To Net: NetName=12V Pin=Cout_2_12-1
Added Pin To Net: NetName=12V Pin=Cout_12-1
Added Pin To Net: NetName=12V Pin=L1_12-2
Added Pin To Net: NetName=12V Pin=Q1_5-5
Added Pin To Net: NetName=12V Pin=Q1_5-6
Added Pin To Net: NetName=12V Pin=Q1_5-7
Added Pin To Net: NetName=12V Pin=Q1_5-8
Added Pin To Net: NetName=12V Pin=Q1_5-9
Added Pin To Net: NetName=12V Pin=Rfbt-1
Added Pin To Net: NetName=12V Pin=TPS40305DRCR-1
Added Pin To Net: NetName=12V Pin=U1-9
Added Net: Name=12V
Added Pin To Net: NetName=BATTERY Pin=B_DiV_T-1
Added Pin To Net: NetName=BATTERY Pin=Cin_12-1
Added Pin To Net: NetName=BATTERY Pin=M1_12-5
Added Pin To Net: NetName=BATTERY Pin=M1_12-6
Added Pin To Net: NetName=BATTERY Pin=M1_12-7
Added Pin To Net: NetName=BATTERY Pin=M1_12-8
Added Pin To Net: NetName=BATTERY Pin=M1_12-9
Added Pin To Net: NetName=BATTERY Pin=Ruv2_12-1
Added Pin To Net: NetName=BATTERY Pin=U1-1
Added Net: Name=BATTERY
Added Pin To Net: NetName=CS_PHS_U Pin=CS_Monitor_U-6
Added Pin To Net: NetName=CS_PHS_U Pin=RL_U-2
Added Net: Name=CS_PHS_U
Added Pin To Net: NetName=CS_PHS_V Pin=CS_Monitor_V-6
Added Pin To Net: NetName=CS_PHS_V Pin=RL_V-2
Added Net: Name=CS_PHS_V
Added Pin To Net: NetName=CS_PHS_W Pin=CS_Monitor_W-6
Added Pin To Net: NetName=CS_PHS_W Pin=RL_W-2
Added Net: Name=CS_PHS_W
Added Pin To Net: NetName=GND Pin=B_Cf-2
Added Pin To Net: NetName=GND Pin=B_DiV_B-2
Added Pin To Net: NetName=GND Pin=C_1U-2
Added Pin To Net: NetName=GND Pin=C_1V-2
Added Pin To Net: NetName=GND Pin=C_1W-2
Added Pin To Net: NetName=GND Pin=C_2U-2
Added Pin To Net: NetName=GND Pin=C_2V-2
Added Pin To Net: NetName=GND Pin=C_2W-2
Added Pin To Net: NetName=GND Pin=CS_Monitor_U-4
Added Pin To Net: NetName=GND Pin=CS_Monitor_V-4
Added Pin To Net: NetName=GND Pin=CS_Monitor_W-4
Added Pin To Net: NetName=GND Pin=GD1U-3
Added Pin To Net: NetName=GND Pin=GD1V-3
Added Pin To Net: NetName=GND Pin=GD1W-3
Added Pin To Net: NetName=GND Pin=GD2U-3
Added Pin To Net: NetName=GND Pin=GD2V-3
Added Pin To Net: NetName=GND Pin=GD2W-3
Added Pin To Net: NetName=GND Pin=RL_U-1
Added Pin To Net: NetName=GND Pin=RL_V-1
Added Pin To Net: NetName=GND Pin=RL_W-1
Added Pin To Net: NetName=GND Pin=Ros_U-2
Added Pin To Net: NetName=GND Pin=Ros_V-2
Added Pin To Net: NetName=GND Pin=Ros_W-2
Added Pin To Net: NetName=GND Pin=U_Cf-2
Added Pin To Net: NetName=GND Pin=U_DiV_B-2
Added Pin To Net: NetName=GND Pin=V_Cf-2
Added Pin To Net: NetName=GND Pin=V_DiV_B-2
Added Pin To Net: NetName=GND Pin=W_Cf-2
Added Pin To Net: NetName=GND Pin=W_DiV_B-2
Added Net: Name=GND
Added Pin To Net: NetName=HIN_U Pin=J_HIN_1U-2
Added Pin To Net: NetName=HIN_U Pin=J_HIN_2U-2
Added Net: Name=HIN_U
Added Pin To Net: NetName=HIN_V Pin=J_HIN_1V-2
Added Pin To Net: NetName=HIN_V Pin=J_HIN_2V-2
Added Net: Name=HIN_V
Added Pin To Net: NetName=HIN_W Pin=J_HIN_1W-2
Added Net: Name=HIN_W
Added Net: Name=J2.GND
Added Net: Name=J3.GND
Added Net: Name=J6.GND
Added Net: Name=J7.GND
Added Pin To Net: NetName=LIN_U Pin=J_LIN_1U-2
Added Pin To Net: NetName=LIN_U Pin=J_LIN_2U-2
Added Net: Name=LIN_U
Added Pin To Net: NetName=LIN_V Pin=J_LIN_1V-2
Added Pin To Net: NetName=LIN_V Pin=J_LIN_2V-2
Added Net: Name=LIN_V
Added Pin To Net: NetName=LIN_W Pin=J_LIN_1W-2
Added Pin To Net: NetName=LIN_W Pin=J_LIN_2W-2
Added Net: Name=LIN_W
Added Pin To Net: NetName=NetC_Boot_1U_1 Pin=C_Boot_1U-1
Added Pin To Net: NetName=NetC_Boot_1U_1 Pin=GD1U-6
Added Net: Name=NetC_Boot_1U_1
Added Pin To Net: NetName=NetC_Boot_1U_2 Pin=C_Boot_1U-2
Added Pin To Net: NetName=NetC_Boot_1U_2 Pin=GD1U-8
Added Pin To Net: NetName=NetC_Boot_1U_2 Pin=R_BOOT_1U-2
Added Net: Name=NetC_Boot_1U_2
Added Pin To Net: NetName=NetC_Boot_1V_1 Pin=C_Boot_1V-1
Added Pin To Net: NetName=NetC_Boot_1V_1 Pin=GD1V-6
Added Net: Name=NetC_Boot_1V_1
Added Pin To Net: NetName=NetC_Boot_1V_2 Pin=C_Boot_1V-2
Added Pin To Net: NetName=NetC_Boot_1V_2 Pin=GD1V-8
Added Pin To Net: NetName=NetC_Boot_1V_2 Pin=R_BOOT_1V-2
Added Net: Name=NetC_Boot_1V_2
Added Pin To Net: NetName=NetC_Boot_1W_1 Pin=C_Boot_1W-1
Added Pin To Net: NetName=NetC_Boot_1W_1 Pin=GD1W-6
Added Net: Name=NetC_Boot_1W_1
Added Pin To Net: NetName=NetC_Boot_1W_2 Pin=C_Boot_1W-2
Added Pin To Net: NetName=NetC_Boot_1W_2 Pin=GD1W-8
Added Pin To Net: NetName=NetC_Boot_1W_2 Pin=R_BOOT_1W-2
Added Net: Name=NetC_Boot_1W_2
Added Pin To Net: NetName=NetC_BOOT_2U_1 Pin=C_BOOT_2U-1
Added Pin To Net: NetName=NetC_BOOT_2U_1 Pin=GD2U-6
Added Net: Name=NetC_BOOT_2U_1
Added Pin To Net: NetName=NetC_BOOT_2U_2 Pin=C_BOOT_2U-2
Added Pin To Net: NetName=NetC_BOOT_2U_2 Pin=GD2U-8
Added Pin To Net: NetName=NetC_BOOT_2U_2 Pin=R_BOOT_2U-2
Added Net: Name=NetC_BOOT_2U_2
Added Pin To Net: NetName=NetC_BOOT_2V_1 Pin=C_BOOT_2V-1
Added Pin To Net: NetName=NetC_BOOT_2V_1 Pin=GD2V-6
Added Net: Name=NetC_BOOT_2V_1
Added Pin To Net: NetName=NetC_BOOT_2V_2 Pin=C_BOOT_2V-2
Added Pin To Net: NetName=NetC_BOOT_2V_2 Pin=GD2V-8
Added Pin To Net: NetName=NetC_BOOT_2V_2 Pin=R_BOOT_2V-2
Added Net: Name=NetC_BOOT_2V_2
Added Pin To Net: NetName=NetC_BOOT_2W_1 Pin=C_BOOT_2W-1
Added Pin To Net: NetName=NetC_BOOT_2W_1 Pin=GD2W-6
Added Net: Name=NetC_BOOT_2W_1
Added Pin To Net: NetName=NetC_BOOT_2W_2 Pin=C_BOOT_2W-2
Added Pin To Net: NetName=NetC_BOOT_2W_2 Pin=GD2W-8
Added Pin To Net: NetName=NetC_BOOT_2W_2 Pin=R_BOOT_2W-2
Added Net: Name=NetC_BOOT_2W_2
Added Pin To Net: NetName=NetCboot_12_1 Pin=Cboot_12-1
Added Pin To Net: NetName=NetCboot_12_1 Pin=D1_12-2
Added Pin To Net: NetName=NetCboot_12_1 Pin=L1_12-1
Added Pin To Net: NetName=NetCboot_12_1 Pin=M1_12-1
Added Pin To Net: NetName=NetCboot_12_1 Pin=M1_12-2
Added Pin To Net: NetName=NetCboot_12_1 Pin=M1_12-3
Added Pin To Net: NetName=NetCboot_12_1 Pin=U1-13
Added Net: Name=NetCboot_12_1
Added Pin To Net: NetName=NetCboot_12_2 Pin=Cboot_12-2
Added Pin To Net: NetName=NetCboot_12_2 Pin=U1-15
Added Net: Name=NetCboot_12_2
Added Pin To Net: NetName=NetCbst_5_1 Pin=Cbst_5-1
Added Pin To Net: NetName=NetCbst_5_1 Pin=TPS40305DRCR-6
Added Net: Name=NetCbst_5_1
Added Pin To Net: NetName=NetCbst_5_2 Pin=Cbst_5-2
Added Pin To Net: NetName=NetCbst_5_2 Pin=L1_5-1
Added Pin To Net: NetName=NetCbst_5_2 Pin=Q1_5-1
Added Pin To Net: NetName=NetCbst_5_2 Pin=Q1_5-2
Added Pin To Net: NetName=NetCbst_5_2 Pin=Q1_5-3
Added Pin To Net: NetName=NetCbst_5_2 Pin=Q2_5-5
Added Pin To Net: NetName=NetCbst_5_2 Pin=Q2_5-6
Added Pin To Net: NetName=NetCbst_5_2 Pin=Q2_5-7
Added Pin To Net: NetName=NetCbst_5_2 Pin=Q2_5-8
Added Pin To Net: NetName=NetCbst_5_2 Pin=Q2_5-9
Added Pin To Net: NetName=NetCbst_5_2 Pin=TPS40305DRCR-8
Added Net: Name=NetCbst_5_2
Added Pin To Net: NetName=NetCbyp_5_1 Pin=Cbyp_5-1
Added Pin To Net: NetName=NetCbyp_5_1 Pin=Rpgood_5-1
Added Pin To Net: NetName=NetCbyp_5_1 Pin=TPS40305DRCR-10
Added Net: Name=NetCbyp_5_1
Added Pin To Net: NetName=NetCcomp2_5_1 Pin=Ccomp2_5-1
Added Pin To Net: NetName=NetCcomp2_5_1 Pin=Ccomp3_5-2
Added Pin To Net: NetName=NetCcomp2_5_1 Pin=Rcomp_5-2
Added Pin To Net: NetName=NetCcomp2_5_1 Pin=Rfbb_5-1
Added Pin To Net: NetName=NetCcomp2_5_1 Pin=Rfbt_5-2
Added Pin To Net: NetName=NetCcomp2_5_1 Pin=TPS40305DRCR-5
Added Net: Name=NetCcomp2_5_1
Added Pin To Net: NetName=NetCcomp2_5_2 Pin=Ccomp2_5-2
Added Pin To Net: NetName=NetCcomp2_5_2 Pin=Ccomp_5-2
Added Pin To Net: NetName=NetCcomp2_5_2 Pin=TPS40305DRCR-4
Added Net: Name=NetCcomp2_5_2
Added Pin To Net: NetName=NetCcomp3_5_1 Pin=Ccomp3_5-1
Added Pin To Net: NetName=NetCcomp3_5_1 Pin=Rcomp2_5-2
Added Net: Name=NetCcomp3_5_1
Added Pin To Net: NetName=NetCcomp_5_1 Pin=Ccomp_5-1
Added Pin To Net: NetName=NetCcomp_5_1 Pin=Rcomp_5-1
Added Net: Name=NetCcomp_5_1
Added Pin To Net: NetName=NetCcomp_12_1 Pin=Ccomp_12-1
Added Pin To Net: NetName=NetCcomp_12_1 Pin=Rcomp_12-2
Added Net: Name=NetCcomp_12_1
Added Pin To Net: NetName=NetCcomp_12_2 Pin=Ccomp_12-2
Added Pin To Net: NetName=NetCcomp_12_2 Pin=Chf_12-1
Added Pin To Net: NetName=NetCcomp_12_2 Pin=U1-7
Added Net: Name=NetCcomp_12_2
Added Pin To Net: NetName=NetCdthr_2 Pin=Cdthr-2
Added Pin To Net: NetName=NetCdthr_2 Pin=U1-10
Added Net: Name=NetCdthr_2
Added Pin To Net: NetName=NetChf_12_2 Pin=Chf_12-2
Added Pin To Net: NetName=NetChf_12_2 Pin=Rcomp_12-1
Added Pin To Net: NetName=NetChf_12_2 Pin=Rfbb-1
Added Pin To Net: NetName=NetChf_12_2 Pin=Rfbt-2
Added Pin To Net: NetName=NetChf_12_2 Pin=U1-8
Added Net: Name=NetChf_12_2
Added Pin To Net: NetName=NetCramp_12_1 Pin=Cramp_12-1
Added Pin To Net: NetName=NetCramp_12_1 Pin=Rramp_12-2
Added Pin To Net: NetName=NetCramp_12_1 Pin=U1-4
Added Net: Name=NetCramp_12_1
Added Pin To Net: NetName=NetCS_Monitor_U_5 Pin=CS_Monitor_U-5
Added Pin To Net: NetName=NetCS_Monitor_U_5 Pin=Ros_U-1
Added Net: Name=NetCS_Monitor_U_5
Added Pin To Net: NetName=NetCS_Monitor_V_5 Pin=CS_Monitor_V-5
Added Pin To Net: NetName=NetCS_Monitor_V_5 Pin=Ros_V-1
Added Net: Name=NetCS_Monitor_V_5
Added Pin To Net: NetName=NetCS_Monitor_W_5 Pin=CS_Monitor_W-5
Added Pin To Net: NetName=NetCS_Monitor_W_5 Pin=Ros_W-1
Added Net: Name=NetCS_Monitor_W_5
Added Pin To Net: NetName=NetCss_5_1 Pin=Css_5-1
Added Pin To Net: NetName=NetCss_5_1 Pin=TPS40305DRCR-2
Added Net: Name=NetCss_5_1
Added Pin To Net: NetName=NetCss_12_1 Pin=Css_12-1
Added Pin To Net: NetName=NetCss_12_1 Pin=U1-3
Added Net: Name=NetCss_12_1
Added Pin To Net: NetName=NetCvcc_12_1 Pin=Cvcc_12-1
Added Pin To Net: NetName=NetCvcc_12_1 Pin=Rramp_12-1
Added Pin To Net: NetName=NetCvcc_12_1 Pin=U1-16
Added Net: Name=NetCvcc_12_1
Added Pin To Net: NetName=NetD1_1 Pin=D1-1
Added Pin To Net: NetName=NetD1_1 Pin=R_BOOT_1U-1
Added Net: Name=NetD1_1
Added Pin To Net: NetName=NetD1_12_1 Pin=D1_12-1
Added Pin To Net: NetName=NetD1_12_1 Pin=D1_12-3
Added Pin To Net: NetName=NetD1_12_1 Pin=Rsns_12-1
Added Net: Name=NetD1_12_1
Added Pin To Net: NetName=NetD2_1 Pin=D2-1
Added Pin To Net: NetName=NetD2_1 Pin=R_BOOT_2U-1
Added Net: Name=NetD2_1
Added Pin To Net: NetName=NetD3_1 Pin=D3-1
Added Pin To Net: NetName=NetD3_1 Pin=R_BOOT_1V-1
Added Net: Name=NetD3_1
Added Pin To Net: NetName=NetD4_1 Pin=D4-1
Added Pin To Net: NetName=NetD4_1 Pin=R_BOOT_2V-1
Added Net: Name=NetD4_1
Added Pin To Net: NetName=NetD5_1 Pin=D5-1
Added Pin To Net: NetName=NetD5_1 Pin=R_BOOT_1W-1
Added Net: Name=NetD5_1
Added Pin To Net: NetName=NetD6_1 Pin=D6-1
Added Pin To Net: NetName=NetD6_1 Pin=R_BOOT_2W-1
Added Net: Name=NetD6_1
Added Pin To Net: NetName=NetGD1U_1 Pin=GD1U-1
Added Pin To Net: NetName=NetGD1U_1 Pin=J_HIN_1U-1
Added Net: Name=NetGD1U_1
Added Pin To Net: NetName=NetGD1U_2 Pin=GD1U-2
Added Pin To Net: NetName=NetGD1U_2 Pin=J_LIN_1U-1
Added Net: Name=NetGD1U_2
Added Pin To Net: NetName=NetGD1U_4 Pin=GD1U-4
Added Pin To Net: NetName=NetGD1U_4 Pin=J1_U-1
Added Net: Name=NetGD1U_4
Added Pin To Net: NetName=NetGD1U_7 Pin=GD1U-7
Added Pin To Net: NetName=NetGD1U_7 Pin=J2_U-1
Added Net: Name=NetGD1U_7
Added Pin To Net: NetName=NetGD1V_1 Pin=GD1V-1
Added Pin To Net: NetName=NetGD1V_1 Pin=J_HIN_1V-1
Added Net: Name=NetGD1V_1
Added Pin To Net: NetName=NetGD1V_2 Pin=GD1V-2
Added Pin To Net: NetName=NetGD1V_2 Pin=J_LIN_1V-1
Added Net: Name=NetGD1V_2
Added Pin To Net: NetName=NetGD1V_4 Pin=GD1V-4
Added Pin To Net: NetName=NetGD1V_4 Pin=J1_V-1
Added Net: Name=NetGD1V_4
Added Pin To Net: NetName=NetGD1V_7 Pin=GD1V-7
Added Pin To Net: NetName=NetGD1V_7 Pin=J_2V-1
Added Net: Name=NetGD1V_7
Added Pin To Net: NetName=NetGD1W_1 Pin=GD1W-1
Added Pin To Net: NetName=NetGD1W_1 Pin=J_HIN_1W-1
Added Net: Name=NetGD1W_1
Added Pin To Net: NetName=NetGD1W_2 Pin=GD1W-2
Added Pin To Net: NetName=NetGD1W_2 Pin=J_LIN_1W-1
Added Net: Name=NetGD1W_2
Added Pin To Net: NetName=NetGD1W_4 Pin=GD1W-4
Added Pin To Net: NetName=NetGD1W_4 Pin=J1_W-1
Added Net: Name=NetGD1W_4
Added Pin To Net: NetName=NetGD1W_7 Pin=GD1W-7
Added Pin To Net: NetName=NetGD1W_7 Pin=J_2W-1
Added Net: Name=NetGD1W_7
Added Pin To Net: NetName=NetGD2U_1 Pin=GD2U-1
Added Pin To Net: NetName=NetGD2U_1 Pin=J_HIN_2U-1
Added Net: Name=NetGD2U_1
Added Pin To Net: NetName=NetGD2U_2 Pin=GD2U-2
Added Pin To Net: NetName=NetGD2U_2 Pin=J_LIN_2U-1
Added Net: Name=NetGD2U_2
Added Pin To Net: NetName=NetGD2U_4 Pin=GD2U-4
Added Pin To Net: NetName=NetGD2U_4 Pin=J3_U-1
Added Net: Name=NetGD2U_4
Added Pin To Net: NetName=NetGD2U_7 Pin=GD2U-7
Added Pin To Net: NetName=NetGD2U_7 Pin=J4_U-1
Added Net: Name=NetGD2U_7
Added Pin To Net: NetName=NetGD2V_1 Pin=GD2V-1
Added Pin To Net: NetName=NetGD2V_1 Pin=J_HIN_2V-1
Added Net: Name=NetGD2V_1
Added Pin To Net: NetName=NetGD2V_2 Pin=GD2V-2
Added Pin To Net: NetName=NetGD2V_2 Pin=J_LIN_2V-1
Added Net: Name=NetGD2V_2
Added Pin To Net: NetName=NetGD2V_4 Pin=GD2V-4
Added Pin To Net: NetName=NetGD2V_4 Pin=J3_V-1
Added Net: Name=NetGD2V_4
Added Pin To Net: NetName=NetGD2V_7 Pin=GD2V-7
Added Pin To Net: NetName=NetGD2V_7 Pin=J4_V-1
Added Net: Name=NetGD2V_7
Added Pin To Net: NetName=NetGD2W_1 Pin=GD2W-1
Added Pin To Net: NetName=NetGD2W_1 Pin=J_HIN_2W-1
Added Net: Name=NetGD2W_1
Added Pin To Net: NetName=NetGD2W_2 Pin=GD2W-2
Added Pin To Net: NetName=NetGD2W_2 Pin=J_LIN_2W-1
Added Net: Name=NetGD2W_2
Added Pin To Net: NetName=NetGD2W_4 Pin=GD2W-4
Added Pin To Net: NetName=NetGD2W_4 Pin=J3_W-1
Added Net: Name=NetGD2W_4
Added Pin To Net: NetName=NetGD2W_7 Pin=GD2W-7
Added Pin To Net: NetName=NetGD2W_7 Pin=J4_W-1
Added Net: Name=NetGD2W_7
Added Net: Name=NetJ1/J3_4
Added Net: Name=NetJ1/J3_5
Added Net: Name=NetJ1/J3_6
Added Net: Name=NetJ1/J3_7
Added Net: Name=NetJ1/J3_8
Added Net: Name=NetJ1/J3_9
Added Net: Name=NetJ1/J3_10
Added Net: Name=NetJ1/J3_11
Added Net: Name=NetJ1/J3_12
Added Net: Name=NetJ1/J3_13
Added Net: Name=NetJ1/J3_14
Added Net: Name=NetJ1/J3_15
Added Net: Name=NetJ1/J3_16
Added Net: Name=NetJ1/J3_17
Added Net: Name=NetJ1/J3_18
Added Net: Name=NetJ1/J3_19
Added Net: Name=NetJ1/J3_20
Added Net: Name=NetJ4/J2_2
Added Net: Name=NetJ4/J2_3
Added Net: Name=NetJ4/J2_4
Added Net: Name=NetJ4/J2_5
Added Net: Name=NetJ4/J2_6
Added Net: Name=NetJ4/J2_7
Added Net: Name=NetJ4/J2_8
Added Net: Name=NetJ4/J2_9
Added Net: Name=NetJ4/J2_10
Added Net: Name=NetJ4/J2_11
Added Net: Name=NetJ4/J2_12
Added Net: Name=NetJ4/J2_13
Added Net: Name=NetJ4/J2_14
Added Net: Name=NetJ4/J2_15
Added Net: Name=NetJ4/J2_16
Added Net: Name=NetJ4/J2_17
Added Net: Name=NetJ4/J2_18
Added Net: Name=NetJ4/J2_19
Added Net: Name=NetJ4/J2_20
Added Net: Name=NetJ5/J7_2
Added Net: Name=NetJ5/J7_4
Added Net: Name=NetJ5/J7_5
Added Net: Name=NetJ5/J7_6
Added Net: Name=NetJ5/J7_7
Added Net: Name=NetJ5/J7_8
Added Net: Name=NetJ5/J7_9
Added Net: Name=NetJ5/J7_10
Added Net: Name=NetJ5/J7_11
Added Net: Name=NetJ5/J7_12
Added Net: Name=NetJ5/J7_13
Added Net: Name=NetJ5/J7_14
Added Net: Name=NetJ5/J7_15
Added Net: Name=NetJ5/J7_16
Added Net: Name=NetJ5/J7_17
Added Net: Name=NetJ5/J7_18
Added Net: Name=NetJ5/J7_19
Added Net: Name=NetJ5/J7_20
Added Net: Name=NetJ8/J6_2
Added Net: Name=NetJ8/J6_3
Added Net: Name=NetJ8/J6_4
Added Net: Name=NetJ8/J6_5
Added Net: Name=NetJ8/J6_6
Added Net: Name=NetJ8/J6_7
Added Net: Name=NetJ8/J6_8
Added Net: Name=NetJ8/J6_9
Added Net: Name=NetJ8/J6_10
Added Net: Name=NetJ8/J6_11
Added Net: Name=NetJ8/J6_12
Added Net: Name=NetJ8/J6_13
Added Net: Name=NetJ8/J6_14
Added Net: Name=NetJ8/J6_15
Added Net: Name=NetJ8/J6_16
Added Net: Name=NetJ8/J6_17
Added Net: Name=NetJ8/J6_18
Added Net: Name=NetJ8/J6_19
Added Net: Name=NetJ8/J6_20
Added Pin To Net: NetName=NetM1_12_4 Pin=M1_12-4
Added Pin To Net: NetName=NetM1_12_4 Pin=U1-14
Added Net: Name=NetM1_12_4
Added Pin To Net: NetName=NetQ1_5_4 Pin=Q1_5-4
Added Pin To Net: NetName=NetQ1_5_4 Pin=TPS40305DRCR-7
Added Net: Name=NetQ1_5_4
Added Pin To Net: NetName=NetQ2_5_4 Pin=Q2_5-4
Added Pin To Net: NetName=NetQ2_5_4 Pin=Rs_5-1
Added Pin To Net: NetName=NetQ2_5_4 Pin=TPS40305DRCR-9
Added Net: Name=NetQ2_5_4
Added Pin To Net: NetName=NetRpgood_5_2 Pin=Rpgood_5-2
Added Pin To Net: NetName=NetRpgood_5_2 Pin=TPS40305DRCR-3
Added Net: Name=NetRpgood_5_2
Added Pin To Net: NetName=NetRt_12_1 Pin=Rt_12-1
Added Pin To Net: NetName=NetRt_12_1 Pin=U1-5
Added Net: Name=NetRt_12_1
Added Pin To Net: NetName=NetRuv1_12_1 Pin=Ruv1_12-1
Added Pin To Net: NetName=NetRuv1_12_1 Pin=Ruv2_12-2
Added Pin To Net: NetName=NetRuv1_12_1 Pin=U1-2
Added Net: Name=NetRuv1_12_1
Added Pin To Net: NetName=PHS_U Pin=U_DiV_T-1
Added Net: Name=PHS_U
Added Pin To Net: NetName=PHS_V Pin=V_DiV_T-1
Added Net: Name=PHS_V
Added Pin To Net: NetName=PHS_W Pin=W_DiV_T-1
Added Net: Name=PHS_W
Added Pin To Net: NetName=U_B_1 Pin=J1_U-2
Added Net: Name=U_B_1
Added Pin To Net: NetName=U_B_2 Pin=J3_U-2
Added Net: Name=U_B_2
Added Pin To Net: NetName=U_T_1 Pin=J2_U-2
Added Net: Name=U_T_1
Added Pin To Net: NetName=U_T_2 Pin=J4_U-2
Added Net: Name=U_T_2
Added Pin To Net: NetName=V_B_1 Pin=J1_V-2
Added Net: Name=V_B_1
Added Pin To Net: NetName=V_B_2 Pin=J3_V-2
Added Net: Name=V_B_2
Added Pin To Net: NetName=V_T_1 Pin=J_2V-2
Added Net: Name=V_T_1
Added Pin To Net: NetName=V_T_2 Pin=J4_V-2
Added Net: Name=V_T_2
Added Net: Name=VCC
Added Pin To Net: NetName=VFB-B Pin=B_Cf-1
Added Pin To Net: NetName=VFB-B Pin=B_DiV_B-1
Added Pin To Net: NetName=VFB-B Pin=B_DiV_T-2
Added Net: Name=VFB-B
Added Pin To Net: NetName=VFB-U Pin=U_Cf-1
Added Pin To Net: NetName=VFB-U Pin=U_DiV_B-1
Added Pin To Net: NetName=VFB-U Pin=U_DiV_T-2
Added Net: Name=VFB-U
Added Pin To Net: NetName=VFB-V Pin=V_Cf-1
Added Pin To Net: NetName=VFB-V Pin=V_DiV_B-1
Added Pin To Net: NetName=VFB-V Pin=V_DiV_T-2
Added Net: Name=VFB-V
Added Pin To Net: NetName=VFB-W Pin=W_Cf-1
Added Pin To Net: NetName=VFB-W Pin=W_DiV_B-1
Added Pin To Net: NetName=VFB-W Pin=W_DiV_T-2
Added Net: Name=VFB-W
Added Pin To Net: NetName=VIN+U Pin=CS_Monitor_U-2
Added Net: Name=VIN+U
Added Pin To Net: NetName=VIN+V Pin=CS_Monitor_V-2
Added Net: Name=VIN+V
Added Pin To Net: NetName=VIN+W Pin=CS_Monitor_W-2
Added Net: Name=VIN+W
Added Pin To Net: NetName=VIN-U Pin=CS_Monitor_U-1
Added Net: Name=VIN-U
Added Pin To Net: NetName=VIN-V Pin=CS_Monitor_V-1
Added Net: Name=VIN-V
Added Pin To Net: NetName=VIN-W Pin=CS_Monitor_W-1
Added Net: Name=VIN-W
Added Pin To Net: NetName=W_B_1 Pin=J1_W-2
Added Net: Name=W_B_1
Added Pin To Net: NetName=W_B_2 Pin=J3_W-2
Added Net: Name=W_B_2
Added Pin To Net: NetName=W_T_1 Pin=J_2W-2
Added Net: Name=W_T_1
Added Pin To Net: NetName=W_T_2 Pin=J4_W-2
Added Net: Name=W_T_2
Added Class: Name=5V_DCDC
Added Class: Name=12V_DCDC
Added Class: Name=Bidirectional_High_Side_Current_Sensing
Added Class: Name=Bluetooth
Added Class: Name=Gate_Drivers
Added Class: Name=Launchpad_Headers
Added Class: Name=Voltage_Sensing
Added Room: Name=5V_DCDC
Added Room: Name=12V_DCDC
Added Room: Name=Bidirectional_High_Side_Current_Sensing
Added Room: Name=Bluetooth
Added Room: Name=Gate_Drivers
Added Room: Name=Launchpad_Headers
Added Room: Name=Voltage_Sensing
