Change Component Footprint: Designator=C12V_1 Old Footprint=1210-Cap New Footprint=SPARKFUN_1210
Change Component Footprint: Designator=C12V_2 Old Footprint=1210-Cap New Footprint=SPARKFUN_1210
Change Component Footprint: Designator=C12V_3 Old Footprint=1210-Cap New Footprint=SPARKFUN_1210
Change Component Footprint: Designator=C12V_4 Old Footprint=1210-Cap New Footprint=SPARKFUN_1210
Change Component Footprint: Designator=C12V_5 Old Footprint=1210-Cap New Footprint=SPARKFUN_1210
Change Component Footprint: Designator=C12V_6 Old Footprint=1210-Cap New Footprint=SPARKFUN_1210
Change Component Footprint: Designator=C12V_7 Old Footprint=1210-Cap New Footprint=SPARKFUN_1210
Change Component Footprint: Designator=C12V_8 Old Footprint=1210-Cap New Footprint=SPARKFUN_1210
Change Component Footprint: Designator=C12V_9 Old Footprint=1210-Cap New Footprint=SPARKFUN_1210
Change Component Footprint: Designator=C12V_10 Old Footprint=1210-Cap New Footprint=SPARKFUN_1210
Change Component Footprint: Designator=C12V_11 Old Footprint=1210-Cap New Footprint=SPARKFUN_1210
Change Component Footprint: Designator=C12V_12 Old Footprint=1210-Cap New Footprint=SPARKFUN_1210
Change Component Footprint: Designator=C12V_13 Old Footprint=1210-Cap New Footprint=SPARKFUN_1210
Change Physical Footprint: Designator=B_Cf Old Footprint=0805 New Footprint=0805
Change Physical Footprint: Designator=B_DiV_B Old Footprint=0402 New Footprint=0402
Change Physical Footprint: Designator=B_DiV_T Old Footprint=0603 New Footprint=0603
Change Physical Footprint: Designator=Bluetooth Old Footprint=A20737x New Footprint=A20737x
Change Physical Footprint: Designator=C1 Old Footprint=C0402 New Footprint=C0402
Change Physical Footprint: Designator=C2 Old Footprint=C0402 New Footprint=C0402
Change Physical Footprint: Designator=C5 Old Footprint=C0402 New Footprint=C0402
Change Physical Footprint: Designator=C6 Old Footprint=C0402 New Footprint=C0402
Change Physical Footprint: Designator=C7_Vcc_5 Old Footprint=0603 New Footprint=0603
Change Physical Footprint: Designator=C10 Old Footprint=C0402 New Footprint=C0402
Change Physical Footprint: Designator=C11 Old Footprint=C0402 New Footprint=C0402
Change Physical Footprint: Designator=C12 Old Footprint=C0402 New Footprint=C0402
Change Physical Footprint: Designator=C13 Old Footprint=C0402 New Footprint=C0402
Change Physical Footprint: Designator=C14 Old Footprint=C0402 New Footprint=C0402
Change Physical Footprint: Designator=C15 Old Footprint=C0402 New Footprint=C0402
Change Physical Footprint: Designator=C16 Old Footprint=C0402 New Footprint=C0402
Change Physical Footprint: Designator=C17 Old Footprint=C0402 New Footprint=C0402
Change Physical Footprint: Designator=C18 Old Footprint=C0402 New Footprint=C0402
Change Physical Footprint: Designator=C19 Old Footprint=C0402 New Footprint=C0402
Change Physical Footprint: Designator=C20 Old Footprint=C0402 New Footprint=C0402
Change Physical Footprint: Designator=C21 Old Footprint=C0402 New Footprint=C0402
Change Physical Footprint: Designator=C22 Old Footprint=C0402 New Footprint=C0402
Change Physical Footprint: Designator=C23 Old Footprint=C0402 New Footprint=C0402
Change Physical Footprint: Designator=C24 Old Footprint=C0402 New Footprint=C0402
Change Physical Footprint: Designator=C26 Old Footprint=C0402 New Footprint=C0402
Change Physical Footprint: Designator=C27 Old Footprint=C0402 New Footprint=C0402
Change Physical Footprint: Designator=C28 Old Footprint=C0402 New Footprint=C0402
Change Physical Footprint: Designator=C29 Old Footprint=C0402 New Footprint=C0402
Change Physical Footprint: Designator=C30 Old Footprint=C0402 New Footprint=C0402
Change Physical Footprint: Designator=C39 Old Footprint=C0402 New Footprint=C0402
Change Physical Footprint: Designator=C40 Old Footprint=C0402 New Footprint=C0402
Change Physical Footprint: Designator=C43 Old Footprint=C0402 New Footprint=C0402
Change Physical Footprint: Designator=C43_2 Old Footprint=C0402 New Footprint=C0402
Change Physical Footprint: Designator=C44 Old Footprint=SPARKFUN_1210 New Footprint=SPARKFUN_1210
Change Physical Footprint: Designator=C44_2 Old Footprint=SPARKFUN_1210 New Footprint=SPARKFUN_1210
Change Physical Footprint: Designator=C45 Old Footprint=SPARKFUN_1210 New Footprint=SPARKFUN_1210
Change Physical Footprint: Designator=C45_2 Old Footprint=SPARKFUN_1210 New Footprint=SPARKFUN_1210
Change Physical Footprint: Designator=C_1U Old Footprint=CAPC3216X18N New Footprint=CAPC3216X18N
Change Physical Footprint: Designator=C_1V Old Footprint=CAPC3216X18N New Footprint=CAPC3216X18N
Change Physical Footprint: Designator=C_1W Old Footprint=CAPC3216X18N New Footprint=CAPC3216X18N
Change Physical Footprint: Designator=C_2U Old Footprint=CAPC3216X18N New Footprint=CAPC3216X18N
Change Physical Footprint: Designator=C_2V Old Footprint=CAPC3216X18N New Footprint=CAPC3216X18N
Change Physical Footprint: Designator=C_2W Old Footprint=CAPC3216X18N New Footprint=CAPC3216X18N
Change Physical Footprint: Designator=C_Boot_1U Old Footprint=CAPC3216X18N New Footprint=CAPC3216X18N
Change Physical Footprint: Designator=C_Boot_1V Old Footprint=CAPC3216X18N New Footprint=CAPC3216X18N
Change Physical Footprint: Designator=C_Boot_1W Old Footprint=CAPC3216X18N New Footprint=CAPC3216X18N
Change Physical Footprint: Designator=C_BOOT_2U Old Footprint=CAPC3216X18N New Footprint=CAPC3216X18N
Change Physical Footprint: Designator=C_BOOT_2V Old Footprint=CAPC3216X18N New Footprint=CAPC3216X18N
Change Physical Footprint: Designator=C_BOOT_2W Old Footprint=CAPC3216X18N New Footprint=CAPC3216X18N
Change Physical Footprint: Designator=Cboot Old Footprint=0805 New Footprint=0805
Change Physical Footprint: Designator=Cbst_5 Old Footprint=0805 New Footprint=0805
Change Physical Footprint: Designator=Cbyp_5 Old Footprint=1608 New Footprint=1608
Change Physical Footprint: Designator=Ccomp Old Footprint=0805 New Footprint=0805
Change Physical Footprint: Designator=Ccomp2 Old Footprint=0805 New Footprint=0805
Change Physical Footprint: Designator=Ccomp2 Old Footprint=0805 New Footprint=0805
Change Physical Footprint: Designator=Ccomp3_5 Old Footprint=0805 New Footprint=0805
Change Physical Footprint: Designator=Ccomp_5 Old Footprint=0805 New Footprint=0805
Change Physical Footprint: Designator=Cin_1 Old Footprint=2220 New Footprint=2220
Change Physical Footprint: Designator=Cin_2 Old Footprint=2220 New Footprint=2220
Change Physical Footprint: Designator=Cinx Old Footprint=0805 New Footprint=0805
Change Physical Footprint: Designator=CON1 Old Footprint=32005-201 New Footprint=32005-201
Change Physical Footprint: Designator=Cout_5 Old Footprint=0603 New Footprint=0603
Change Physical Footprint: Designator=Cramp Old Footprint=0805 New Footprint=0805
Change Physical Footprint: Designator=CS_Monitor_U Old Footprint=DGK8 New Footprint=DGK8
Change Physical Footprint: Designator=CS_Monitor_V Old Footprint=DGK8 New Footprint=DGK8
Change Physical Footprint: Designator=CS_Monitor_W Old Footprint=DGK8 New Footprint=DGK8
Change Physical Footprint: Designator=Css Old Footprint=0805 New Footprint=0805
Change Physical Footprint: Designator=Css_5 Old Footprint=0201 New Footprint=0201
Change Physical Footprint: Designator=Cvcc Old Footprint=0805 New Footprint=0805
Change Physical Footprint: Designator=D1 Old Footprint=SMA New Footprint=SMA
Change Physical Footprint: Designator=D1_2 Old Footprint=CHIP-LED0603 New Footprint=CHIP-LED0603
Change Physical Footprint: Designator=D1U Old Footprint=SOD882D New Footprint=SOD882D
Change Physical Footprint: Designator=D2U Old Footprint=SOD882D New Footprint=SOD882D
Change Physical Footprint: Designator=D3 Old Footprint=SOD882D New Footprint=SOD882D
Change Physical Footprint: Designator=D4 Old Footprint=SOD882D New Footprint=SOD882D
Change Physical Footprint: Designator=D4_2 Old Footprint=CHIP-LED0603 New Footprint=CHIP-LED0603
Change Physical Footprint: Designator=D5 Old Footprint=SOD882D New Footprint=SOD882D
Change Physical Footprint: Designator=D6 Old Footprint=SOD882D New Footprint=SOD882D
Change Physical Footprint: Designator=D7 Old Footprint=CHIP-LED0603 New Footprint=CHIP-LED0603
Change Physical Footprint: Designator=D8 Old Footprint=CHIP-LED0603 New Footprint=CHIP-LED0603
Change Physical Footprint: Designator=D9 Old Footprint=CHIP-LED0603 New Footprint=CHIP-LED0603
Change Physical Footprint: Designator=D10 Old Footprint=CHIP-LED0603 New Footprint=CHIP-LED0603
Change Physical Footprint: Designator=F1 Old Footprint=L1812 New Footprint=L1812
Change Physical Footprint: Designator=GD1U Old Footprint=SOIC127P600X265-8N New Footprint=SOIC127P600X265-8N
Change Physical Footprint: Designator=GD1V Old Footprint=SOIC127P600X265-8N New Footprint=SOIC127P600X265-8N
Change Physical Footprint: Designator=GD1W Old Footprint=SOIC127P600X265-8N New Footprint=SOIC127P600X265-8N
Change Physical Footprint: Designator=GD2U Old Footprint=SOIC127P600X265-8N New Footprint=SOIC127P600X265-8N
Change Physical Footprint: Designator=GD2V Old Footprint=SOIC127P600X265-8N New Footprint=SOIC127P600X265-8N
Change Physical Footprint: Designator=GD2W Old Footprint=SOIC127P600X265-8N New Footprint=SOIC127P600X265-8N
Change Physical Footprint: Designator=J1_U Old Footprint=R1608 New Footprint=R1608
Change Physical Footprint: Designator=J1_V Old Footprint=R1608 New Footprint=R1608
Change Physical Footprint: Designator=J1_W Old Footprint=R1608 New Footprint=R1608
Change Physical Footprint: Designator=J2_U Old Footprint=R1608 New Footprint=R1608
Change Physical Footprint: Designator=J3_U Old Footprint=R1608 New Footprint=R1608
Change Physical Footprint: Designator=J3_V Old Footprint=R1608 New Footprint=R1608
Change Physical Footprint: Designator=J3_W Old Footprint=R1608 New Footprint=R1608
Change Physical Footprint: Designator=J4_U Old Footprint=R1608 New Footprint=R1608
Change Physical Footprint: Designator=J4_V Old Footprint=R1608 New Footprint=R1608
Change Physical Footprint: Designator=J4_W Old Footprint=R1608 New Footprint=R1608
Change Physical Footprint: Designator=J_2V Old Footprint=R1608 New Footprint=R1608
Change Physical Footprint: Designator=J_2W Old Footprint=R1608 New Footprint=R1608
Change Physical Footprint: Designator=J_HIN_1U Old Footprint=R1608 New Footprint=R1608
Change Physical Footprint: Designator=J_HIN_1V Old Footprint=R1608 New Footprint=R1608
Change Physical Footprint: Designator=J_HIN_1W Old Footprint=R1608 New Footprint=R1608
Change Physical Footprint: Designator=J_HIN_2U Old Footprint=R1608 New Footprint=R1608
Change Physical Footprint: Designator=J_HIN_2V Old Footprint=R1608 New Footprint=R1608
Change Physical Footprint: Designator=J_HIN_2W Old Footprint=R1608 New Footprint=R1608
Change Physical Footprint: Designator=J_LIN_1U Old Footprint=R1608 New Footprint=R1608
Change Physical Footprint: Designator=J_LIN_1V Old Footprint=R1608 New Footprint=R1608
Change Physical Footprint: Designator=J_LIN_1W Old Footprint=R1608 New Footprint=R1608
Change Physical Footprint: Designator=J_LIN_2U Old Footprint=R1608 New Footprint=R1608
Change Physical Footprint: Designator=J_LIN_2V Old Footprint=R1608 New Footprint=R1608
Change Physical Footprint: Designator=J_LIN_2W Old Footprint=R1608 New Footprint=R1608
Change Physical Footprint: Designator=L1 Old Footprint=IND_MURATA_6000B New Footprint=IND_MURATA_6000B
Change Physical Footprint: Designator=L1_2 Old Footprint=R0402 New Footprint=R0402
Change Physical Footprint: Designator=L1_5 Old Footprint=SRP6540 New Footprint=SRP6540
Change Physical Footprint: Designator=L2 Old Footprint=R0402 New Footprint=R0402
Change Physical Footprint: Designator=L3 Old Footprint=R0402 New Footprint=R0402
Change Physical Footprint: Designator=L4 Old Footprint=R0402 New Footprint=R0402
Change Physical Footprint: Designator=L7 Old Footprint=INDUCT-3.2*3.2 New Footprint=INDUCT-3.2*3.2
Change Physical Footprint: Designator=L7_2 Old Footprint=INDUCT-3.2*3.2 New Footprint=INDUCT-3.2*3.2
Change Physical Footprint: Designator=LM5116 Old Footprint=MXA20A New Footprint=MXA20A
Change Physical Footprint: Designator=M1 Old Footprint=TRANS_NexFET_Q5A New Footprint=TRANS_NexFET_Q5A
Change Physical Footprint: Designator=M2 Old Footprint=PG-TDSON-8 New Footprint=PG-TDSON-8
Change Physical Footprint: Designator=Q1_5 Old Footprint=TRANS_NexFET_Q3 New Footprint=TRANS_NexFET_Q3
Change Physical Footprint: Designator=Q2_5 Old Footprint=PG-TSDSON-8 New Footprint=PG-TSDSON-8
Change Physical Footprint: Designator=Q3 Old Footprint=HC49UP New Footprint=HC49UP
Change Physical Footprint: Designator=R1 Old Footprint=R0402 New Footprint=R0402
Change Physical Footprint: Designator=R4 Old Footprint=R0402 New Footprint=R0402
Change Physical Footprint: Designator=R5 Old Footprint=R0402 New Footprint=R0402
Change Physical Footprint: Designator=R6 Old Footprint=R0402 New Footprint=R0402
Change Physical Footprint: Designator=R8 Old Footprint=R0402 New Footprint=R0402
Change Physical Footprint: Designator=R9 Old Footprint=R0402 New Footprint=R0402
Change Physical Footprint: Designator=R10 Old Footprint=R0402 New Footprint=R0402
Change Physical Footprint: Designator=R12 Old Footprint=R0402 New Footprint=R0402
Change Physical Footprint: Designator=R15 Old Footprint=R0402 New Footprint=R0402
Change Physical Footprint: Designator=R22 Old Footprint=R0402 New Footprint=R0402
Change Physical Footprint: Designator=R23 Old Footprint=R0402 New Footprint=R0402
Change Physical Footprint: Designator=R24 Old Footprint=R0402 New Footprint=R0402
Change Physical Footprint: Designator=R26 Old Footprint=R0402 New Footprint=R0402
Change Physical Footprint: Designator=R27 Old Footprint=R0402 New Footprint=R0402
Change Physical Footprint: Designator=R31 Old Footprint=R0402 New Footprint=R0402
Change Physical Footprint: Designator=R33 Old Footprint=R0402 New Footprint=R0402
Change Physical Footprint: Designator=R38 Old Footprint=R0402 New Footprint=R0402
Change Physical Footprint: Designator=R39 Old Footprint=R0402 New Footprint=R0402
Change Physical Footprint: Designator=R46 Old Footprint=R0402 New Footprint=R0402
Change Physical Footprint: Designator=R47 Old Footprint=R0402 New Footprint=R0402
Change Physical Footprint: Designator=R47_2 Old Footprint=R0402 New Footprint=R0402
Change Physical Footprint: Designator=R_BOOT_1U Old Footprint=R1608 New Footprint=R1608
Change Physical Footprint: Designator=R_BOOT_1V Old Footprint=R1608 New Footprint=R1608
Change Physical Footprint: Designator=R_BOOT_1W Old Footprint=R1608 New Footprint=R1608
Change Physical Footprint: Designator=R_BOOT_2U Old Footprint=R1608 New Footprint=R1608
Change Physical Footprint: Designator=R_BOOT_2V Old Footprint=R1608 New Footprint=R1608
Change Physical Footprint: Designator=R_BOOT_2W Old Footprint=R1608 New Footprint=R1608
Change Physical Footprint: Designator=Rcomp Old Footprint=0805 New Footprint=0805
Change Physical Footprint: Designator=Rcomp2_5 Old Footprint=0402 New Footprint=0402
Change Physical Footprint: Designator=Rcomp_5 Old Footprint=0402 New Footprint=0402
Change Physical Footprint: Designator=Renable Old Footprint=0805 New Footprint=0805
Change Physical Footprint: Designator=Rfbb Old Footprint=0805 New Footprint=0805
Change Physical Footprint: Designator=Rfbb_5 Old Footprint=0402 New Footprint=0402
Change Physical Footprint: Designator=Rfbt Old Footprint=0805 New Footprint=0805
Change Physical Footprint: Designator=Rfbt_5 Old Footprint=0402 New Footprint=0402
Change Physical Footprint: Designator=RL_U Old Footprint=0603 New Footprint=0603
Change Physical Footprint: Designator=RL_V Old Footprint=0603 New Footprint=0603
Change Physical Footprint: Designator=RL_W Old Footprint=0603 New Footprint=0603
Change Physical Footprint: Designator=Ros_U Old Footprint=0603 New Footprint=0603
Change Physical Footprint: Designator=Ros_V Old Footprint=0603 New Footprint=0603
Change Physical Footprint: Designator=Ros_W Old Footprint=0603 New Footprint=0603
Change Physical Footprint: Designator=Rpgood_5 Old Footprint=0402 New Footprint=0402
Change Physical Footprint: Designator=Rramp Old Footprint=0805 New Footprint=0805
Change Physical Footprint: Designator=Rs_5 Old Footprint=0402 New Footprint=0402
Change Physical Footprint: Designator=Rsense Old Footprint=1206 New Footprint=1206
Change Physical Footprint: Designator=Rt Old Footprint=0805 New Footprint=0805
Change Physical Footprint: Designator=Ruv1 Old Footprint=0805 New Footprint=0805
Change Physical Footprint: Designator=Ruv2 Old Footprint=0805 New Footprint=0805
Change Physical Footprint: Designator=S1 Old Footprint=CTS-219-03 New Footprint=CTS-219-03
Change Physical Footprint: Designator=S2 Old Footprint=FSMJSMA New Footprint=FSMJSMA
Change Physical Footprint: Designator=TP11 Old Footprint=TESTPAD_B1,27 New Footprint=TESTPAD_B1,27
Change Physical Footprint: Designator=TP12 Old Footprint=TESTPAD_B1,27 New Footprint=TESTPAD_B1,27
Change Physical Footprint: Designator=TP13 Old Footprint=TESTPAD_B1,27 New Footprint=TESTPAD_B1,27
Change Physical Footprint: Designator=TP14 Old Footprint=TESTPAD_B1,27 New Footprint=TESTPAD_B1,27
Change Physical Footprint: Designator=TP15 Old Footprint=TESTPAD_B1,27 New Footprint=TESTPAD_B1,27
Change Physical Footprint: Designator=TP16 Old Footprint=TESTPAD_B1,27 New Footprint=TESTPAD_B1,27
Change Physical Footprint: Designator=TP17 Old Footprint=TESTPAD_B1,27 New Footprint=TESTPAD_B1,27
Change Physical Footprint: Designator=TP18 Old Footprint=TESTPAD_B1,27 New Footprint=TESTPAD_B1,27
Change Physical Footprint: Designator=TP19 Old Footprint=TESTPAD_B1,27 New Footprint=TESTPAD_B1,27
Change Physical Footprint: Designator=TP20 Old Footprint=TESTPAD_B1,27 New Footprint=TESTPAD_B1,27
Change Physical Footprint: Designator=TP21 Old Footprint=TESTPAD_B1,27 New Footprint=TESTPAD_B1,27
Change Physical Footprint: Designator=TP22 Old Footprint=TESTPAD_B1,27 New Footprint=TESTPAD_B1,27
Change Physical Footprint: Designator=TP23 Old Footprint=TESTPAD_B1,27 New Footprint=TESTPAD_B1,27
Change Physical Footprint: Designator=TP24 Old Footprint=TESTPAD_B1,27 New Footprint=TESTPAD_B1,27
Change Physical Footprint: Designator=TP30 Old Footprint=TESTPAD_B1,27 New Footprint=TESTPAD_B1,27
Change Physical Footprint: Designator=TPS40305DRCR Old Footprint=S-PVSON-N10 New Footprint=S-PVSON-N10
Change Physical Footprint: Designator=U1 Old Footprint=PQFP100 New Footprint=PQFP100
Change Physical Footprint: Designator=U1A Old Footprint=PQFP100 New Footprint=PQFP100
Change Physical Footprint: Designator=U5 Old Footprint=SO-16DW New Footprint=SO-16DW
Change Physical Footprint: Designator=U6 Old Footprint=QFN64 New Footprint=QFN64
Change Physical Footprint: Designator=U7 Old Footprint=SO-16DW New Footprint=SO-16DW
Change Physical Footprint: Designator=U8 Old Footprint=SOT23-6 New Footprint=SOT23-6
Change Physical Footprint: Designator=U9 Old Footprint=SOT23-6-DBV New Footprint=SOT23-6-DBV
Change Physical Footprint: Designator=U17 Old Footprint=TI_DSG8 New Footprint=TI_DSG8
Change Physical Footprint: Designator=U17_2 Old Footprint=TI_DSG8 New Footprint=TI_DSG8
Change Physical Footprint: Designator=U_Cf Old Footprint=0805 New Footprint=0805
Change Physical Footprint: Designator=U_Connector Old Footprint=Gull-wing-10pin New Footprint=Gull-wing-10pin
Change Physical Footprint: Designator=U_DiV_B Old Footprint=0402 New Footprint=0402
Change Physical Footprint: Designator=U_DiV_T Old Footprint=0603 New Footprint=0603
Change Physical Footprint: Designator=V_Cf Old Footprint=0805 New Footprint=0805
Change Physical Footprint: Designator=V_Connector Old Footprint=Gull-wing-10pin New Footprint=Gull-wing-10pin
Change Physical Footprint: Designator=V_DiV_B Old Footprint=0402 New Footprint=0402
Change Physical Footprint: Designator=V_DiV_T Old Footprint=0603 New Footprint=0603
Change Physical Footprint: Designator=W_Cf Old Footprint=0805 New Footprint=0805
Change Physical Footprint: Designator=W_Connector Old Footprint=Gull-wing-10pin New Footprint=Gull-wing-10pin
Change Physical Footprint: Designator=W_DiV_B Old Footprint=0402 New Footprint=0402
Change Physical Footprint: Designator=W_DiV_T Old Footprint=0603 New Footprint=0603
