Added Component: Designator=B_Cf(0805)
Added Component: Designator=B_DiV_B(0402)
Added Component: Designator=B_DiV_T(0603)
Added Component: Designator=Bluetooth(A20737x)
Added Component: Designator=C1(C0402)
Added Component: Designator=C2(C0402)
Added Component: Designator=C5(C0402)
Added Component: Designator=C6(C0402)
Added Component: Designator=C7_Vcc_5(0603)
Added Component: Designator=C10(C0402)
Added Component: Designator=C11(C0402)
Added Component: Designator=C12(C0402)
Added Component: Designator=C13(C0402)
Added Component: Designator=C14(C0402)
Added Component: Designator=C15(C0402)
Added Component: Designator=C16(C0402)
Added Component: Designator=C17(C0402)
Added Component: Designator=C18(C0402)
Added Component: Designator=C19(C0402)
Added Component: Designator=C20(C0402)
Added Component: Designator=C21(C0402)
Added Component: Designator=C22(C0402)
Added Component: Designator=C23(C0402)
Added Component: Designator=C24(C0402)
Added Component: Designator=C26(C0402)
Added Component: Designator=C27(C0402)
Added Component: Designator=C28(C0402)
Added Component: Designator=C29(C0402)
Added Component: Designator=C30(C0402)
Added Component: Designator=C39(C0402)
Added Component: Designator=C40(C0402)
Added Component: Designator=C43_2(C0402)
Added Component: Designator=C43(C0402)
Added Component: Designator=C44_2(SPARKFUN_1210)
Added Component: Designator=C44(SPARKFUN_1210)
Added Component: Designator=C45_2(SPARKFUN_1210)
Added Component: Designator=C45(SPARKFUN_1210)
Added Component: Designator=C_1U(CAPC3216X18N)
Added Component: Designator=C_1V(CAPC3216X18N)
Added Component: Designator=C_1W(CAPC3216X18N)
Added Component: Designator=C_2U(CAPC3216X18N)
Added Component: Designator=C_2V(CAPC3216X18N)
Added Component: Designator=C_2W(CAPC3216X18N)
Added Component: Designator=C_Boot_1U(CAPC3216X18N)
Added Component: Designator=C_Boot_1V(CAPC3216X18N)
Added Component: Designator=C_Boot_1W(CAPC3216X18N)
Added Component: Designator=C_BOOT_2U(CAPC3216X18N)
Added Component: Designator=C_BOOT_2V(CAPC3216X18N)
Added Component: Designator=C_BOOT_2W(CAPC3216X18N)
Added Component: Designator=Cbst_5(0805)
Added Component: Designator=Cbyp_5(1608)
Added Component: Designator=Ccomp2_5(0805)
Added Component: Designator=Ccomp3_5(0805)
Added Component: Designator=Ccomp_5(0805)
Added Component: Designator=Cin_5(0805)
Added Component: Designator=CON1(32005-201)
Added Component: Designator=Cout_5(0603)
Added Component: Designator=CS_Monitor_U(DGK8)
Added Component: Designator=CS_Monitor_V(DGK8)
Added Component: Designator=CS_Monitor_W(DGK8)
Added Component: Designator=Css_5(0201)
Added Component: Designator=D1_2(CHIP-LED0603)
Added Component: Designator=D1U(SOD882D)
Added Component: Designator=D2U(SOD882D)
Added Component: Designator=D3(SOD882D)
Added Component: Designator=D4_2(CHIP-LED0603)
Added Component: Designator=D4(SOD882D)
Added Component: Designator=D5(SOD882D)
Added Component: Designator=D6(SOD882D)
Added Component: Designator=D7(CHIP-LED0603)
Added Component: Designator=D8(CHIP-LED0603)
Added Component: Designator=D9(CHIP-LED0603)
Added Component: Designator=D10(CHIP-LED0603)
Added Component: Designator=F1(L1812)
Added Component: Designator=GD1U(SOIC127P600X265-8N)
Added Component: Designator=GD1V(SOIC127P600X265-8N)
Added Component: Designator=GD1W(SOIC127P600X265-8N)
Added Component: Designator=GD2U(SOIC127P600X265-8N)
Added Component: Designator=GD2V(SOIC127P600X265-8N)
Added Component: Designator=GD2W(SOIC127P600X265-8N)
Added Component: Designator=J1_U(R1608)
Added Component: Designator=J1_V(R1608)
Added Component: Designator=J1_W(R1608)
Added Component: Designator=J2_U(R1608)
Added Component: Designator=J3_U(R1608)
Added Component: Designator=J3_V(R1608)
Added Component: Designator=J3_W(R1608)
Added Component: Designator=J4_U(R1608)
Added Component: Designator=J4_V(R1608)
Added Component: Designator=J4_W(R1608)
Added Component: Designator=J_2V(R1608)
Added Component: Designator=J_2W(R1608)
Added Component: Designator=J_HIN_1U(R1608)
Added Component: Designator=J_HIN_1V(R1608)
Added Component: Designator=J_HIN_1W(R1608)
Added Component: Designator=J_HIN_2U(R1608)
Added Component: Designator=J_HIN_2V(R1608)
Added Component: Designator=J_HIN_2W(R1608)
Added Component: Designator=J_LIN_1U(R1608)
Added Component: Designator=J_LIN_1V(R1608)
Added Component: Designator=J_LIN_1W(R1608)
Added Component: Designator=J_LIN_2U(R1608)
Added Component: Designator=J_LIN_2V(R1608)
Added Component: Designator=J_LIN_2W(R1608)
Added Component: Designator=L1_2(R0402)
Added Component: Designator=L1_5(SRP6540)
Added Component: Designator=L2(R0402)
Added Component: Designator=L3(R0402)
Added Component: Designator=L4(R0402)
Added Component: Designator=L7_2(INDUCT-3.2*3.2)
Added Component: Designator=L7(INDUCT-3.2*3.2)
Added Component: Designator=Q1_5(TRANS_NexFET_Q3)
Added Component: Designator=Q2_5(PG-TSDSON-8)
Added Component: Designator=Q3(HC49UP)
Added Component: Designator=R1(R0402)
Added Component: Designator=R4(R0402)
Added Component: Designator=R5(R0402)
Added Component: Designator=R6(R0402)
Added Component: Designator=R8(R0402)
Added Component: Designator=R9(R0402)
Added Component: Designator=R10(R0402)
Added Component: Designator=R12(R0402)
Added Component: Designator=R15(R0402)
Added Component: Designator=R22(R0402)
Added Component: Designator=R23(R0402)
Added Component: Designator=R24(R0402)
Added Component: Designator=R26(R0402)
Added Component: Designator=R27(R0402)
Added Component: Designator=R31(R0402)
Added Component: Designator=R33(R0402)
Added Component: Designator=R38(R0402)
Added Component: Designator=R39(R0402)
Added Component: Designator=R46(R0402)
Added Component: Designator=R47_2(R0402)
Added Component: Designator=R47(R0402)
Added Component: Designator=R_BOOT_1U(R1608)
Added Component: Designator=R_BOOT_1V(R1608)
Added Component: Designator=R_BOOT_1W(R1608)
Added Component: Designator=R_BOOT_2U(R1608)
Added Component: Designator=R_BOOT_2V(R1608)
Added Component: Designator=R_BOOT_2W(R1608)
Added Component: Designator=Rcomp2_5(0402)
Added Component: Designator=Rcomp_5(0402)
Added Component: Designator=Rfbb_5(0402)
Added Component: Designator=Rfbt_5(0402)
Added Component: Designator=RL_U(0603)
Added Component: Designator=RL_V(0603)
Added Component: Designator=RL_W(0603)
Added Component: Designator=Ros_U(0603)
Added Component: Designator=Ros_V(0603)
Added Component: Designator=Ros_W(0603)
Added Component: Designator=Rpgood_5(0402)
Added Component: Designator=Rs_5(0402)
Added Component: Designator=S1(CTS-219-03)
Added Component: Designator=S2(FSMJSMA)
Added Component: Designator=TP11(TESTPAD_B1,27)
Added Component: Designator=TP12(TESTPAD_B1,27)
Added Component: Designator=TP13(TESTPAD_B1,27)
Added Component: Designator=TP14(TESTPAD_B1,27)
Added Component: Designator=TP15(TESTPAD_B1,27)
Added Component: Designator=TP16(TESTPAD_B1,27)
Added Component: Designator=TP17(TESTPAD_B1,27)
Added Component: Designator=TP18(TESTPAD_B1,27)
Added Component: Designator=TP19(TESTPAD_B1,27)
Added Component: Designator=TP20(TESTPAD_B1,27)
Added Component: Designator=TP21(TESTPAD_B1,27)
Added Component: Designator=TP22(TESTPAD_B1,27)
Added Component: Designator=TP23(TESTPAD_B1,27)
Added Component: Designator=TP24(TESTPAD_B1,27)
Added Component: Designator=TP30(TESTPAD_B1,27)
Added Component: Designator=TPS40305DRCR(S-PVSON-N10)
Added Component: Designator=U1(PQFP100)
Added Component: Designator=U5(SO-16DW)
Added Component: Designator=U6(QFN64)
Added Component: Designator=U7(SO-16DW)
Added Component: Designator=U8(SOT23-6)
Added Component: Designator=U9(SOT23-6-DBV)
Added Component: Designator=U17_2(TI_DSG8)
Added Component: Designator=U17(TI_DSG8)
Added Component: Designator=U_Cf(0805)
Added Component: Designator=U_Connector(Gull-wing-10pin)
Added Component: Designator=U_DiV_B(0402)
Added Component: Designator=U_DiV_T(0603)
Added Component: Designator=V_Cf(0805)
Added Component: Designator=V_Connector(Gull-wing-10pin)
Added Component: Designator=V_DiV_B(0402)
Added Component: Designator=V_DiV_T(0603)
Added Component: Designator=W_Cf(0805)
Added Component: Designator=W_Connector(Gull-wing-10pin)
Added Component: Designator=W_DiV_B(0402)
Added Component: Designator=W_DiV_T(0603)
Added Pin To Net: NetName=+3V3 Pin=Bluetooth-27
Added Pin To Net: NetName=+3V3 Pin=C21-1
Added Pin To Net: NetName=+3V3 Pin=C24-1
Added Pin To Net: NetName=+3V3 Pin=C40-1
Added Pin To Net: NetName=+3V3 Pin=C43_2-1
Added Pin To Net: NetName=+3V3 Pin=C45_2-2
Added Pin To Net: NetName=+3V3 Pin=L3-2
Added Pin To Net: NetName=+3V3 Pin=L4-2
Added Pin To Net: NetName=+3V3 Pin=L7_2-P$1
Added Pin To Net: NetName=+3V3 Pin=R1-2
Added Pin To Net: NetName=+3V3 Pin=R4-2
Added Pin To Net: NetName=+3V3 Pin=R5-2
Added Pin To Net: NetName=+3V3 Pin=R6-2
Added Pin To Net: NetName=+3V3 Pin=R38-2
Added Pin To Net: NetName=+3V3 Pin=R39-2
Added Pin To Net: NetName=+3V3 Pin=R47_2-1
Added Pin To Net: NetName=+3V3 Pin=TP12-TP
Added Pin To Net: NetName=+3V3 Pin=TP13-TP
Added Pin To Net: NetName=+3V3 Pin=U1-46
Added Pin To Net: NetName=+3V3 Pin=U5-10
Added Pin To Net: NetName=+3V3 Pin=U5-16
Added Pin To Net: NetName=+3V3 Pin=U7-1
Added Pin To Net: NetName=+3V3 Pin=U7-7
Added Pin To Net: NetName=+3V3 Pin=U9-5
Added Pin To Net: NetName=+3V3 Pin=U17_2-P$6
Added Net: Name=+3V3
Added Pin To Net: NetName=+5V Pin=C44_2-2
Added Pin To Net: NetName=+5V Pin=U17_2-P$2
Added Pin To Net: NetName=+5V Pin=U17_2-P$3
Added Net: Name=+5V
Added Pin To Net: NetName=+12 Pin=C_1U-1
Added Pin To Net: NetName=+12 Pin=C_1V-1
Added Pin To Net: NetName=+12 Pin=C_1W-1
Added Pin To Net: NetName=+12 Pin=C_2U-1
Added Pin To Net: NetName=+12 Pin=C_2V-1
Added Pin To Net: NetName=+12 Pin=C_2W-1
Added Pin To Net: NetName=+12 Pin=D1U-2
Added Pin To Net: NetName=+12 Pin=D2U-2
Added Pin To Net: NetName=+12 Pin=D3-2
Added Pin To Net: NetName=+12 Pin=D4-2
Added Pin To Net: NetName=+12 Pin=D5-2
Added Pin To Net: NetName=+12 Pin=D6-2
Added Pin To Net: NetName=+12 Pin=GD1U-5
Added Pin To Net: NetName=+12 Pin=GD1V-5
Added Pin To Net: NetName=+12 Pin=GD1W-5
Added Pin To Net: NetName=+12 Pin=GD2U-5
Added Pin To Net: NetName=+12 Pin=GD2V-5
Added Pin To Net: NetName=+12 Pin=GD2W-5
Added Net: Name=+12
Added Pin To Net: NetName=+12V Pin=C7_Vcc_5-1
Added Pin To Net: NetName=+12V Pin=Cin_5-1
Added Pin To Net: NetName=+12V Pin=Q1_5-5
Added Pin To Net: NetName=+12V Pin=Q1_5-6
Added Pin To Net: NetName=+12V Pin=Q1_5-7
Added Pin To Net: NetName=+12V Pin=Q1_5-8
Added Pin To Net: NetName=+12V Pin=Q1_5-9
Added Pin To Net: NetName=+12V Pin=TPS40305DRCR-1
Added Net: Name=+12V
Added Net: Name=+BATTERY
Added Pin To Net: NetName=0 Pin=Cbyp_5-2
Added Pin To Net: NetName=0 Pin=Css_5-2
Added Net: Name=0
Added Pin To Net: NetName=5V Pin=Cout_5-1
Added Pin To Net: NetName=5V Pin=CS_Monitor_U-8
Added Pin To Net: NetName=5V Pin=CS_Monitor_V-8
Added Pin To Net: NetName=5V Pin=CS_Monitor_W-8
Added Pin To Net: NetName=5V Pin=L1_5-2
Added Pin To Net: NetName=5V Pin=Rcomp2_5-1
Added Pin To Net: NetName=5V Pin=Rfbt_5-1
Added Net: Name=5V
Added Pin To Net: NetName=ADCINA0 Pin=CS_Monitor_U-6
Added Pin To Net: NetName=ADCINA0 Pin=RL_U-2
Added Pin To Net: NetName=ADCINA0 Pin=U1-23
Added Net: Name=ADCINA0
Added Pin To Net: NetName=ADCINA1 Pin=CS_Monitor_W-6
Added Pin To Net: NetName=ADCINA1 Pin=RL_W-2
Added Pin To Net: NetName=ADCINA1 Pin=U1-22
Added Net: Name=ADCINA1
Added Pin To Net: NetName=ADCINA2 Pin=U1-21
Added Pin To Net: NetName=ADCINA2 Pin=V_Cf-1
Added Pin To Net: NetName=ADCINA2 Pin=V_DiV_B-1
Added Pin To Net: NetName=ADCINA2 Pin=V_DiV_T-2
Added Net: Name=ADCINA2
Added Pin To Net: NetName=ADCINA3 Pin=U1-20
Added Net: Name=ADCINA3
Added Pin To Net: NetName=ADCINA4 Pin=U1-19
Added Net: Name=ADCINA4
Added Pin To Net: NetName=ADCINA5 Pin=U1-18
Added Net: Name=ADCINA5
Added Pin To Net: NetName=ADCINA6 Pin=U1-17
Added Net: Name=ADCINA6
Added Pin To Net: NetName=ADCINA7 Pin=B_Cf-1
Added Pin To Net: NetName=ADCINA7 Pin=B_DiV_B-1
Added Pin To Net: NetName=ADCINA7 Pin=B_DiV_T-2
Added Pin To Net: NetName=ADCINA7 Pin=U1-16
Added Net: Name=ADCINA7
Added Pin To Net: NetName=ADCINB0 Pin=CS_Monitor_V-6
Added Pin To Net: NetName=ADCINB0 Pin=RL_V-2
Added Pin To Net: NetName=ADCINB0 Pin=U1-28
Added Net: Name=ADCINB0
Added Pin To Net: NetName=ADCINB1 Pin=U1-29
Added Pin To Net: NetName=ADCINB1 Pin=U_Cf-1
Added Pin To Net: NetName=ADCINB1 Pin=U_DiV_B-1
Added Pin To Net: NetName=ADCINB1 Pin=U_DiV_T-2
Added Net: Name=ADCINB1
Added Pin To Net: NetName=ADCINB2 Pin=U1-30
Added Pin To Net: NetName=ADCINB2 Pin=W_Cf-1
Added Pin To Net: NetName=ADCINB2 Pin=W_DiV_B-1
Added Pin To Net: NetName=ADCINB2 Pin=W_DiV_T-2
Added Net: Name=ADCINB2
Added Pin To Net: NetName=ADCINB3 Pin=U1-31
Added Net: Name=ADCINB3
Added Pin To Net: NetName=ADCINB4 Pin=U1-32
Added Net: Name=ADCINB4
Added Pin To Net: NetName=ADCINB5 Pin=U1-33
Added Net: Name=ADCINB5
Added Pin To Net: NetName=ADCINB6 Pin=U1-34
Added Net: Name=ADCINB6
Added Pin To Net: NetName=ADCINB7 Pin=U1-35
Added Net: Name=ADCINB7
Added Pin To Net: NetName=AGND Pin=C7_Vcc_5-2
Added Pin To Net: NetName=AGND Pin=C10-2
Added Pin To Net: NetName=AGND Pin=C11-2
Added Pin To Net: NetName=AGND Pin=C12-2
Added Pin To Net: NetName=AGND Pin=C13-2
Added Pin To Net: NetName=AGND Pin=C14-2
Added Pin To Net: NetName=AGND Pin=C15-2
Added Pin To Net: NetName=AGND Pin=C16-2
Added Pin To Net: NetName=AGND Pin=C17-2
Added Pin To Net: NetName=AGND Pin=C18-2
Added Pin To Net: NetName=AGND Pin=C43-2
Added Pin To Net: NetName=AGND Pin=C44-1
Added Pin To Net: NetName=AGND Pin=C45-1
Added Pin To Net: NetName=AGND Pin=Cin_5-2
Added Pin To Net: NetName=AGND Pin=CON1-5
Added Pin To Net: NetName=AGND Pin=Cout_5-2
Added Pin To Net: NetName=AGND Pin=D4_2-C
Added Pin To Net: NetName=AGND Pin=Q2_5-1
Added Pin To Net: NetName=AGND Pin=Q2_5-2
Added Pin To Net: NetName=AGND Pin=Q2_5-3
Added Pin To Net: NetName=AGND Pin=R23-2
Added Pin To Net: NetName=AGND Pin=R24-1
Added Pin To Net: NetName=AGND Pin=Rfbb_5-2
Added Pin To Net: NetName=AGND Pin=Rs_5-2
Added Pin To Net: NetName=AGND Pin=TP14-TP
Added Pin To Net: NetName=AGND Pin=TP15-TP
Added Pin To Net: NetName=AGND Pin=TP16-TP
Added Pin To Net: NetName=AGND Pin=TP17-TP
Added Pin To Net: NetName=AGND Pin=TPS40305DRCR-11
Added Pin To Net: NetName=AGND Pin=U5-2
Added Pin To Net: NetName=AGND Pin=U5-8
Added Pin To Net: NetName=AGND Pin=U6-P$1
Added Pin To Net: NetName=AGND Pin=U6-P$5
Added Pin To Net: NetName=AGND Pin=U6-P$10
Added Pin To Net: NetName=AGND Pin=U6-P$11
Added Pin To Net: NetName=AGND Pin=U6-P$13
Added Pin To Net: NetName=AGND Pin=U6-P$15
Added Pin To Net: NetName=AGND Pin=U6-P$25
Added Pin To Net: NetName=AGND Pin=U6-P$35
Added Pin To Net: NetName=AGND Pin=U6-P$47
Added Pin To Net: NetName=AGND Pin=U6-P$51
Added Pin To Net: NetName=AGND Pin=U6-TH
Added Pin To Net: NetName=AGND Pin=U7-9
Added Pin To Net: NetName=AGND Pin=U7-15
Added Pin To Net: NetName=AGND Pin=U8-2
Added Pin To Net: NetName=AGND Pin=U17-P$1
Added Pin To Net: NetName=AGND Pin=U17-P$4
Added Pin To Net: NetName=AGND Pin=U17-P$5
Added Pin To Net: NetName=AGND Pin=U17-P$9
Added Net: Name=AGND
Added Pin To Net: NetName=BATTERY+ Pin=U_Connector-1
Added Pin To Net: NetName=BATTERY+ Pin=U_Connector-2
Added Pin To Net: NetName=BATTERY+ Pin=V_Connector-1
Added Pin To Net: NetName=BATTERY+ Pin=V_Connector-2
Added Pin To Net: NetName=BATTERY+ Pin=W_Connector-1
Added Pin To Net: NetName=BATTERY+ Pin=W_Connector-2
Added Net: Name=BATTERY+
Added Pin To Net: NetName=D+ Pin=R33-2
Added Pin To Net: NetName=D+ Pin=U6-P$8
Added Net: Name=D+
Added Pin To Net: NetName=D- Pin=R15-2
Added Pin To Net: NetName=D- Pin=U6-P$7
Added Net: Name=D-
Added Pin To Net: NetName=FTDI_1V8 Pin=C12-1
Added Pin To Net: NetName=FTDI_1V8 Pin=C13-1
Added Pin To Net: NetName=FTDI_1V8 Pin=C14-1
Added Pin To Net: NetName=FTDI_1V8 Pin=C15-1
Added Pin To Net: NetName=FTDI_1V8 Pin=U6-P$12
Added Pin To Net: NetName=FTDI_1V8 Pin=U6-P$37
Added Pin To Net: NetName=FTDI_1V8 Pin=U6-P$49
Added Pin To Net: NetName=FTDI_1V8 Pin=U6-P$64
Added Net: Name=FTDI_1V8
Added Pin To Net: NetName=FTDI_3V3 Pin=C16-1
Added Pin To Net: NetName=FTDI_3V3 Pin=C43-1
Added Pin To Net: NetName=FTDI_3V3 Pin=C45-2
Added Pin To Net: NetName=FTDI_3V3 Pin=D7-A
Added Pin To Net: NetName=FTDI_3V3 Pin=D8-A
Added Pin To Net: NetName=FTDI_3V3 Pin=L1_2-1
Added Pin To Net: NetName=FTDI_3V3 Pin=L2-1
Added Pin To Net: NetName=FTDI_3V3 Pin=L7-P$1
Added Pin To Net: NetName=FTDI_3V3 Pin=R12-1
Added Pin To Net: NetName=FTDI_3V3 Pin=R22-1
Added Pin To Net: NetName=FTDI_3V3 Pin=R46-2
Added Pin To Net: NetName=FTDI_3V3 Pin=R47-1
Added Pin To Net: NetName=FTDI_3V3 Pin=TP11-TP
Added Pin To Net: NetName=FTDI_3V3 Pin=TP30-TP
Added Pin To Net: NetName=FTDI_3V3 Pin=U5-1
Added Pin To Net: NetName=FTDI_3V3 Pin=U6-P$20
Added Pin To Net: NetName=FTDI_3V3 Pin=U6-P$31
Added Pin To Net: NetName=FTDI_3V3 Pin=U6-P$42
Added Pin To Net: NetName=FTDI_3V3 Pin=U6-P$50
Added Pin To Net: NetName=FTDI_3V3 Pin=U6-P$56
Added Pin To Net: NetName=FTDI_3V3 Pin=U7-10
Added Pin To Net: NetName=FTDI_3V3 Pin=U7-16
Added Pin To Net: NetName=FTDI_3V3 Pin=U8-6
Added Pin To Net: NetName=FTDI_3V3 Pin=U17-P$6
Added Net: Name=FTDI_3V3
Added Pin To Net: NetName=FTDI_CLK Pin=U6-P$62
Added Pin To Net: NetName=FTDI_CLK Pin=U8-4
Added Net: Name=FTDI_CLK
Added Pin To Net: NetName=FTDI_CS Pin=U6-P$63
Added Pin To Net: NetName=FTDI_CS Pin=U8-5
Added Net: Name=FTDI_CS
Added Pin To Net: NetName=FTDI_DATA Pin=R31-2
Added Pin To Net: NetName=FTDI_DATA Pin=U6-P$61
Added Pin To Net: NetName=FTDI_DATA Pin=U8-3
Added Net: Name=FTDI_DATA
Added Pin To Net: NetName=GATE_DRIVE_U_HIGH Pin=J4_U-2
Added Net: Name=GATE_DRIVE_U_HIGH
Added Pin To Net: NetName=GATE_DRIVE_U_LOW Pin=J3_U-2
Added Net: Name=GATE_DRIVE_U_LOW
Added Pin To Net: NetName=GATE_DRIVE_V_HIGH Pin=J4_V-2
Added Net: Name=GATE_DRIVE_V_HIGH
Added Pin To Net: NetName=GATE_DRIVE_V_LOW Pin=J3_V-2
Added Net: Name=GATE_DRIVE_V_LOW
Added Pin To Net: NetName=GATE_DRIVE_W_HIGH Pin=J4_W-2
Added Net: Name=GATE_DRIVE_W_HIGH
Added Pin To Net: NetName=GATE_DRIVE_W_LOW Pin=J3_W-2
Added Net: Name=GATE_DRIVE_W_LOW
Added Pin To Net: NetName=GATE_SIGNAL_U_HIGH Pin=J_HIN_2U-2
Added Net: Name=GATE_SIGNAL_U_HIGH
Added Pin To Net: NetName=GATE_SIGNAL_U_LOW Pin=J_LIN_2U-2
Added Net: Name=GATE_SIGNAL_U_LOW
Added Pin To Net: NetName=GATE_SIGNAL_V_HIGH Pin=J_HIN_2V-2
Added Net: Name=GATE_SIGNAL_V_HIGH
Added Pin To Net: NetName=GATE_SIGNAL_V_LOW Pin=J_LIN_2V-2
Added Net: Name=GATE_SIGNAL_V_LOW
Added Pin To Net: NetName=GATE_SIGNAL_W_HIGH Pin=J_HIN_2W-2
Added Net: Name=GATE_SIGNAL_W_HIGH
Added Pin To Net: NetName=GATE_SIGNAL_W_LOW Pin=J_LIN_2W-2
Added Net: Name=GATE_SIGNAL_W_LOW
Added Pin To Net: NetName=GND Pin=B_Cf-2
Added Pin To Net: NetName=GND Pin=B_DiV_B-2
Added Pin To Net: NetName=GND Pin=Bluetooth-1
Added Pin To Net: NetName=GND Pin=Bluetooth-3
Added Pin To Net: NetName=GND Pin=Bluetooth-6
Added Pin To Net: NetName=GND Pin=Bluetooth-11
Added Pin To Net: NetName=GND Pin=Bluetooth-30
Added Pin To Net: NetName=GND Pin=C1-2
Added Pin To Net: NetName=GND Pin=C2-2
Added Pin To Net: NetName=GND Pin=C5-2
Added Pin To Net: NetName=GND Pin=C6-2
Added Pin To Net: NetName=GND Pin=C19-2
Added Pin To Net: NetName=GND Pin=C20-2
Added Pin To Net: NetName=GND Pin=C21-2
Added Pin To Net: NetName=GND Pin=C22-2
Added Pin To Net: NetName=GND Pin=C23-2
Added Pin To Net: NetName=GND Pin=C24-2
Added Pin To Net: NetName=GND Pin=C26-2
Added Pin To Net: NetName=GND Pin=C27-2
Added Pin To Net: NetName=GND Pin=C28-2
Added Pin To Net: NetName=GND Pin=C29-2
Added Pin To Net: NetName=GND Pin=C30-2
Added Pin To Net: NetName=GND Pin=C39-2
Added Pin To Net: NetName=GND Pin=C40-2
Added Pin To Net: NetName=GND Pin=C43_2-2
Added Pin To Net: NetName=GND Pin=C44_2-1
Added Pin To Net: NetName=GND Pin=C45_2-1
Added Pin To Net: NetName=GND Pin=C_1U-2
Added Pin To Net: NetName=GND Pin=C_1V-2
Added Pin To Net: NetName=GND Pin=C_1W-2
Added Pin To Net: NetName=GND Pin=C_2U-2
Added Pin To Net: NetName=GND Pin=C_2V-2
Added Pin To Net: NetName=GND Pin=C_2W-2
Added Pin To Net: NetName=GND Pin=CS_Monitor_U-4
Added Pin To Net: NetName=GND Pin=CS_Monitor_V-4
Added Pin To Net: NetName=GND Pin=CS_Monitor_W-4
Added Pin To Net: NetName=GND Pin=D1_2-C
Added Pin To Net: NetName=GND Pin=GD1U-3
Added Pin To Net: NetName=GND Pin=GD1V-3
Added Pin To Net: NetName=GND Pin=GD1W-3
Added Pin To Net: NetName=GND Pin=GD2U-3
Added Pin To Net: NetName=GND Pin=GD2V-3
Added Pin To Net: NetName=GND Pin=GD2W-3
Added Pin To Net: NetName=GND Pin=R8-1
Added Pin To Net: NetName=GND Pin=R9-1
Added Pin To Net: NetName=GND Pin=R10-1
Added Pin To Net: NetName=GND Pin=RL_U-1
Added Pin To Net: NetName=GND Pin=RL_V-1
Added Pin To Net: NetName=GND Pin=RL_W-1
Added Pin To Net: NetName=GND Pin=Ros_U-2
Added Pin To Net: NetName=GND Pin=Ros_V-2
Added Pin To Net: NetName=GND Pin=Ros_W-2
Added Pin To Net: NetName=GND Pin=S2-P$1
Added Pin To Net: NetName=GND Pin=S2-P$2
Added Pin To Net: NetName=GND Pin=TP20-TP
Added Pin To Net: NetName=GND Pin=TP21-TP
Added Pin To Net: NetName=GND Pin=TP22-TP
Added Pin To Net: NetName=GND Pin=TP23-TP
Added Pin To Net: NetName=GND Pin=TP24-TP
Added Pin To Net: NetName=GND Pin=U1-4
Added Pin To Net: NetName=GND Pin=U1-15
Added Pin To Net: NetName=GND Pin=U1-26
Added Pin To Net: NetName=GND Pin=U1-27
Added Pin To Net: NetName=GND Pin=U1-36
Added Pin To Net: NetName=GND Pin=U1-47
Added Pin To Net: NetName=GND Pin=U1-62
Added Pin To Net: NetName=GND Pin=U1-80
Added Pin To Net: NetName=GND Pin=U1-90
Added Pin To Net: NetName=GND Pin=U1-92
Added Pin To Net: NetName=GND Pin=U5-9
Added Pin To Net: NetName=GND Pin=U5-15
Added Pin To Net: NetName=GND Pin=U7-2
Added Pin To Net: NetName=GND Pin=U7-8
Added Pin To Net: NetName=GND Pin=U9-2
Added Pin To Net: NetName=GND Pin=U17_2-P$1
Added Pin To Net: NetName=GND Pin=U17_2-P$4
Added Pin To Net: NetName=GND Pin=U17_2-P$5
Added Pin To Net: NetName=GND Pin=U17_2-P$9
Added Pin To Net: NetName=GND Pin=U_Cf-2
Added Pin To Net: NetName=GND Pin=U_Connector-6
Added Pin To Net: NetName=GND Pin=U_Connector-7
Added Pin To Net: NetName=GND Pin=U_Connector-8
Added Pin To Net: NetName=GND Pin=U_DiV_B-2
Added Pin To Net: NetName=GND Pin=V_Cf-2
Added Pin To Net: NetName=GND Pin=V_Connector-6
Added Pin To Net: NetName=GND Pin=V_Connector-7
Added Pin To Net: NetName=GND Pin=V_Connector-8
Added Pin To Net: NetName=GND Pin=V_DiV_B-2
Added Pin To Net: NetName=GND Pin=W_Cf-2
Added Pin To Net: NetName=GND Pin=W_Connector-6
Added Pin To Net: NetName=GND Pin=W_Connector-7
Added Pin To Net: NetName=GND Pin=W_Connector-8
Added Pin To Net: NetName=GND Pin=W_DiV_B-2
Added Net: Name=GND
Added Pin To Net: NetName=GPIO0 Pin=J_HIN_1U-2
Added Pin To Net: NetName=GPIO0 Pin=U1-87
Added Net: Name=GPIO0
Added Pin To Net: NetName=GPIO1 Pin=J_LIN_1U-2
Added Pin To Net: NetName=GPIO1 Pin=U1-86
Added Net: Name=GPIO1
Added Pin To Net: NetName=GPIO2 Pin=J_HIN_1V-2
Added Pin To Net: NetName=GPIO2 Pin=U1-84
Added Net: Name=GPIO2
Added Pin To Net: NetName=GPIO3 Pin=J_LIN_1V-2
Added Pin To Net: NetName=GPIO3 Pin=U1-83
Added Net: Name=GPIO3
Added Pin To Net: NetName=GPIO4 Pin=J_HIN_1W-2
Added Pin To Net: NetName=GPIO4 Pin=U1-9
Added Net: Name=GPIO4
Added Pin To Net: NetName=GPIO5 Pin=J_LIN_1W-2
Added Pin To Net: NetName=GPIO5 Pin=U1-10
Added Net: Name=GPIO5
Added Pin To Net: NetName=GPIO6 Pin=U1-58
Added Net: Name=GPIO6
Added Pin To Net: NetName=GPIO7 Pin=U1-57
Added Net: Name=GPIO7
Added Pin To Net: NetName=GPIO8 Pin=U1-54
Added Net: Name=GPIO8
Added Pin To Net: NetName=GPIO9 Pin=U1-49
Added Net: Name=GPIO9
Added Pin To Net: NetName=GPIO10 Pin=U1-74
Added Net: Name=GPIO10
Added Pin To Net: NetName=GPIO11 Pin=U1-73
Added Net: Name=GPIO11
Added Pin To Net: NetName=GPIO12 Pin=U1-44
Added Net: Name=GPIO12
Added Pin To Net: NetName=GPIO13 Pin=U1-95
Added Net: Name=GPIO13
Added Pin To Net: NetName=GPIO14 Pin=U1-96
Added Net: Name=GPIO14
Added Pin To Net: NetName=GPIO15 Pin=U1-88
Added Net: Name=GPIO15
Added Pin To Net: NetName=GPIO16 Pin=U1-55
Added Net: Name=GPIO16
Added Pin To Net: NetName=GPIO17 Pin=U1-52
Added Net: Name=GPIO17
Added Pin To Net: NetName=GPIO18 Pin=U1-51
Added Net: Name=GPIO18
Added Pin To Net: NetName=GPIO19 Pin=U1-64
Added Net: Name=GPIO19
Added Pin To Net: NetName=GPIO20 Pin=U1-6
Added Net: Name=GPIO20
Added Pin To Net: NetName=GPIO21 Pin=U1-7
Added Net: Name=GPIO21
Added Pin To Net: NetName=GPIO22 Pin=U1-98
Added Net: Name=GPIO22
Added Pin To Net: NetName=GPIO23 Pin=U1-2
Added Net: Name=GPIO23
Added Pin To Net: NetName=GPIO24 Pin=U1-97
Added Net: Name=GPIO24
Added Pin To Net: NetName=GPIO25 Pin=U1-39
Added Net: Name=GPIO25
Added Pin To Net: NetName=GPIO26 Pin=U1-78
Added Net: Name=GPIO26
Added Pin To Net: NetName=GPIO27 Pin=U1-77
Added Net: Name=GPIO27
Added Pin To Net: NetName=GPIO28 Pin=U1-50
Added Pin To Net: NetName=GPIO28 Pin=U5-11
Added Net: Name=GPIO28
Added Pin To Net: NetName=GPIO29 Pin=U1-43
Added Pin To Net: NetName=GPIO29 Pin=U7-4
Added Net: Name=GPIO29
Added Pin To Net: NetName=GPIO30 Pin=U1-41
Added Net: Name=GPIO30
Added Pin To Net: NetName=GPIO31 Pin=U1-40
Added Net: Name=GPIO31
Added Pin To Net: NetName=GPIO32 Pin=Bluetooth-9
Added Pin To Net: NetName=GPIO32 Pin=U1-99
Added Net: Name=GPIO32
Added Pin To Net: NetName=GPIO33 Pin=Bluetooth-10
Added Pin To Net: NetName=GPIO33 Pin=U1-100
Added Net: Name=GPIO33
Added Pin To Net: NetName=GPIO34 Pin=R8-2
Added Pin To Net: NetName=GPIO34 Pin=S1-1
Added Pin To Net: NetName=GPIO34 Pin=U1-68
Added Pin To Net: NetName=GPIO34 Pin=U9-1
Added Net: Name=GPIO34
Added Pin To Net: NetName=GPIO39 Pin=U1-66
Added Pin To Net: NetName=GPIO39 Pin=U9-3
Added Net: Name=GPIO39
Added Pin To Net: NetName=GPIO40 Pin=U1-82
Added Net: Name=GPIO40
Added Pin To Net: NetName=GPIO41 Pin=U1-76
Added Net: Name=GPIO41
Added Pin To Net: NetName=GPIO42 Pin=U1-1
Added Net: Name=GPIO42
Added Pin To Net: NetName=GPIO43 Pin=U1-8
Added Net: Name=GPIO43
Added Pin To Net: NetName=GPIO44 Pin=U1-56
Added Net: Name=GPIO44
Added Pin To Net: NetName=GPIO50 Pin=U1-42
Added Net: Name=GPIO50
Added Pin To Net: NetName=GPIO51 Pin=U1-48
Added Net: Name=GPIO51
Added Pin To Net: NetName=GPIO52 Pin=U1-53
Added Net: Name=GPIO52
Added Pin To Net: NetName=GPIO53 Pin=U1-65
Added Net: Name=GPIO53
Added Pin To Net: NetName=GPIO54 Pin=U1-69
Added Net: Name=GPIO54
Added Pin To Net: NetName=GPIO55 Pin=U1-75
Added Net: Name=GPIO55
Added Pin To Net: NetName=GPIO56 Pin=U1-85
Added Net: Name=GPIO56
Added Pin To Net: NetName=GPIO57 Pin=U1-89
Added Net: Name=GPIO57
Added Pin To Net: NetName=GPIO58 Pin=U1-94
Added Net: Name=GPIO58
Added Pin To Net: NetName=JTAG_TRST Pin=S1-4
Added Net: Name=JTAG_TRST
Added Pin To Net: NetName=NetBluetooth_28 Pin=Bluetooth-28
Added Pin To Net: NetName=NetBluetooth_28 Pin=Bluetooth-29
Added Net: Name=NetBluetooth_28
Added Pin To Net: NetName=NetC1_1 Pin=C1-1
Added Pin To Net: NetName=NetC1_1 Pin=U1-3
Added Net: Name=NetC1_1
Added Pin To Net: NetName=NetC2_1 Pin=C2-1
Added Pin To Net: NetName=NetC2_1 Pin=U1-14
Added Net: Name=NetC2_1
Added Pin To Net: NetName=NetC5_1 Pin=C5-1
Added Pin To Net: NetName=NetC5_1 Pin=U1-81
Added Net: Name=NetC5_1
Added Pin To Net: NetName=NetC6_1 Pin=C6-1
Added Pin To Net: NetName=NetC6_1 Pin=U1-91
Added Net: Name=NetC6_1
Added Pin To Net: NetName=NetC10_1 Pin=C10-1
Added Pin To Net: NetName=NetC10_1 Pin=L2-2
Added Pin To Net: NetName=NetC10_1 Pin=U6-P$9
Added Net: Name=NetC10_1
Added Pin To Net: NetName=NetC11_1 Pin=C11-1
Added Pin To Net: NetName=NetC11_1 Pin=L1_2-2
Added Pin To Net: NetName=NetC11_1 Pin=U6-P$4
Added Net: Name=NetC11_1
Added Pin To Net: NetName=NetC17_1 Pin=C17-1
Added Pin To Net: NetName=NetC17_1 Pin=Q3-1
Added Pin To Net: NetName=NetC17_1 Pin=U6-P$2
Added Net: Name=NetC17_1
Added Pin To Net: NetName=NetC18_1 Pin=C18-1
Added Pin To Net: NetName=NetC18_1 Pin=Q3-2
Added Pin To Net: NetName=NetC18_1 Pin=U6-P$3
Added Net: Name=NetC18_1
Added Pin To Net: NetName=NetC22_1 Pin=C22-1
Added Pin To Net: NetName=NetC22_1 Pin=U1-37
Added Net: Name=NetC22_1
Added Pin To Net: NetName=NetC23_1 Pin=C23-1
Added Pin To Net: NetName=NetC23_1 Pin=U1-63
Added Net: Name=NetC23_1
Added Pin To Net: NetName=NetC_Boot_1U_1 Pin=C_Boot_1U-1
Added Pin To Net: NetName=NetC_Boot_1U_1 Pin=GD1U-6
Added Net: Name=NetC_Boot_1U_1
Added Pin To Net: NetName=NetC_Boot_1U_2 Pin=C_Boot_1U-2
Added Pin To Net: NetName=NetC_Boot_1U_2 Pin=GD1U-8
Added Pin To Net: NetName=NetC_Boot_1U_2 Pin=R_BOOT_1U-2
Added Net: Name=NetC_Boot_1U_2
Added Pin To Net: NetName=NetC_Boot_1V_1 Pin=C_Boot_1V-1
Added Pin To Net: NetName=NetC_Boot_1V_1 Pin=GD1V-6
Added Net: Name=NetC_Boot_1V_1
Added Pin To Net: NetName=NetC_Boot_1V_2 Pin=C_Boot_1V-2
Added Pin To Net: NetName=NetC_Boot_1V_2 Pin=GD1V-8
Added Pin To Net: NetName=NetC_Boot_1V_2 Pin=R_BOOT_1V-2
Added Net: Name=NetC_Boot_1V_2
Added Pin To Net: NetName=NetC_Boot_1W_1 Pin=C_Boot_1W-1
Added Pin To Net: NetName=NetC_Boot_1W_1 Pin=GD1W-6
Added Net: Name=NetC_Boot_1W_1
Added Pin To Net: NetName=NetC_Boot_1W_2 Pin=C_Boot_1W-2
Added Pin To Net: NetName=NetC_Boot_1W_2 Pin=GD1W-8
Added Pin To Net: NetName=NetC_Boot_1W_2 Pin=R_BOOT_1W-2
Added Net: Name=NetC_Boot_1W_2
Added Pin To Net: NetName=NetC_BOOT_2U_1 Pin=C_BOOT_2U-1
Added Pin To Net: NetName=NetC_BOOT_2U_1 Pin=GD2U-6
Added Net: Name=NetC_BOOT_2U_1
Added Pin To Net: NetName=NetC_BOOT_2U_2 Pin=C_BOOT_2U-2
Added Pin To Net: NetName=NetC_BOOT_2U_2 Pin=GD2U-8
Added Pin To Net: NetName=NetC_BOOT_2U_2 Pin=R_BOOT_2U-2
Added Net: Name=NetC_BOOT_2U_2
Added Pin To Net: NetName=NetC_BOOT_2V_1 Pin=C_BOOT_2V-1
Added Pin To Net: NetName=NetC_BOOT_2V_1 Pin=GD2V-6
Added Net: Name=NetC_BOOT_2V_1
Added Pin To Net: NetName=NetC_BOOT_2V_2 Pin=C_BOOT_2V-2
Added Pin To Net: NetName=NetC_BOOT_2V_2 Pin=GD2V-8
Added Pin To Net: NetName=NetC_BOOT_2V_2 Pin=R_BOOT_2V-2
Added Net: Name=NetC_BOOT_2V_2
Added Pin To Net: NetName=NetC_BOOT_2W_1 Pin=C_BOOT_2W-1
Added Pin To Net: NetName=NetC_BOOT_2W_1 Pin=GD2W-6
Added Net: Name=NetC_BOOT_2W_1
Added Pin To Net: NetName=NetC_BOOT_2W_2 Pin=C_BOOT_2W-2
Added Pin To Net: NetName=NetC_BOOT_2W_2 Pin=GD2W-8
Added Pin To Net: NetName=NetC_BOOT_2W_2 Pin=R_BOOT_2W-2
Added Net: Name=NetC_BOOT_2W_2
Added Net: Name=NetCboot_1
Added Net: Name=NetCboot_2
Added Pin To Net: NetName=NetCbst_5_1 Pin=Cbst_5-1
Added Pin To Net: NetName=NetCbst_5_1 Pin=TPS40305DRCR-6
Added Net: Name=NetCbst_5_1
Added Pin To Net: NetName=NetCbst_5_2 Pin=Cbst_5-2
Added Pin To Net: NetName=NetCbst_5_2 Pin=L1_5-1
Added Pin To Net: NetName=NetCbst_5_2 Pin=Q1_5-1
Added Pin To Net: NetName=NetCbst_5_2 Pin=Q1_5-2
Added Pin To Net: NetName=NetCbst_5_2 Pin=Q1_5-3
Added Pin To Net: NetName=NetCbst_5_2 Pin=Q2_5-5
Added Pin To Net: NetName=NetCbst_5_2 Pin=Q2_5-6
Added Pin To Net: NetName=NetCbst_5_2 Pin=Q2_5-7
Added Pin To Net: NetName=NetCbst_5_2 Pin=Q2_5-8
Added Pin To Net: NetName=NetCbst_5_2 Pin=Q2_5-9
Added Pin To Net: NetName=NetCbst_5_2 Pin=TPS40305DRCR-8
Added Net: Name=NetCbst_5_2
Added Pin To Net: NetName=NetCbyp_5_1 Pin=Cbyp_5-1
Added Pin To Net: NetName=NetCbyp_5_1 Pin=Rpgood_5-1
Added Pin To Net: NetName=NetCbyp_5_1 Pin=TPS40305DRCR-10
Added Net: Name=NetCbyp_5_1
Added Net: Name=NetCcomp2_1
Added Net: Name=NetCcomp2_2
Added Pin To Net: NetName=NetCcomp2_5_2 Pin=Ccomp2_5-2
Added Pin To Net: NetName=NetCcomp2_5_2 Pin=Ccomp_5-2
Added Pin To Net: NetName=NetCcomp2_5_2 Pin=TPS40305DRCR-4
Added Net: Name=NetCcomp2_5_2
Added Pin To Net: NetName=NetCcomp3_5_1 Pin=Ccomp3_5-1
Added Pin To Net: NetName=NetCcomp3_5_1 Pin=Rcomp2_5-2
Added Net: Name=NetCcomp3_5_1
Added Net: Name=NetCcomp_2
Added Pin To Net: NetName=NetCcomp_5_1 Pin=Ccomp_5-1
Added Pin To Net: NetName=NetCcomp_5_1 Pin=Rcomp_5-1
Added Net: Name=NetCcomp_5_1
Added Pin To Net: NetName=NetCON1_2 Pin=CON1-2
Added Pin To Net: NetName=NetCON1_2 Pin=R15-1
Added Net: Name=NetCON1_2
Added Pin To Net: NetName=NetCON1_3 Pin=CON1-3
Added Pin To Net: NetName=NetCON1_3 Pin=R33-1
Added Net: Name=NetCON1_3
Added Net: Name=NetCramp_1
Added Pin To Net: NetName=NetCS_Monitor_U_1 Pin=CS_Monitor_U-1
Added Pin To Net: NetName=NetCS_Monitor_U_1 Pin=U_Connector-5
Added Net: Name=NetCS_Monitor_U_1
Added Pin To Net: NetName=NetCS_Monitor_U_2 Pin=CS_Monitor_U-2
Added Pin To Net: NetName=NetCS_Monitor_U_2 Pin=U_Connector-3
Added Pin To Net: NetName=NetCS_Monitor_U_2 Pin=U_Connector-10
Added Pin To Net: NetName=NetCS_Monitor_U_2 Pin=U_DiV_T-1
Added Net: Name=NetCS_Monitor_U_2
Added Pin To Net: NetName=NetCS_Monitor_U_5 Pin=CS_Monitor_U-5
Added Pin To Net: NetName=NetCS_Monitor_U_5 Pin=Ros_U-1
Added Net: Name=NetCS_Monitor_U_5
Added Pin To Net: NetName=NetCS_Monitor_V_1 Pin=CS_Monitor_V-1
Added Pin To Net: NetName=NetCS_Monitor_V_1 Pin=V_Connector-5
Added Net: Name=NetCS_Monitor_V_1
Added Pin To Net: NetName=NetCS_Monitor_V_2 Pin=CS_Monitor_V-2
Added Pin To Net: NetName=NetCS_Monitor_V_2 Pin=V_Connector-3
Added Pin To Net: NetName=NetCS_Monitor_V_2 Pin=V_Connector-10
Added Pin To Net: NetName=NetCS_Monitor_V_2 Pin=V_DiV_T-1
Added Net: Name=NetCS_Monitor_V_2
Added Pin To Net: NetName=NetCS_Monitor_V_5 Pin=CS_Monitor_V-5
Added Pin To Net: NetName=NetCS_Monitor_V_5 Pin=Ros_V-1
Added Net: Name=NetCS_Monitor_V_5
Added Pin To Net: NetName=NetCS_Monitor_W_1 Pin=CS_Monitor_W-1
Added Pin To Net: NetName=NetCS_Monitor_W_1 Pin=W_Connector-5
Added Net: Name=NetCS_Monitor_W_1
Added Pin To Net: NetName=NetCS_Monitor_W_2 Pin=CS_Monitor_W-2
Added Pin To Net: NetName=NetCS_Monitor_W_2 Pin=W_Connector-3
Added Pin To Net: NetName=NetCS_Monitor_W_2 Pin=W_Connector-10
Added Pin To Net: NetName=NetCS_Monitor_W_2 Pin=W_DiV_T-1
Added Net: Name=NetCS_Monitor_W_2
Added Pin To Net: NetName=NetCS_Monitor_W_5 Pin=CS_Monitor_W-5
Added Pin To Net: NetName=NetCS_Monitor_W_5 Pin=Ros_W-1
Added Net: Name=NetCS_Monitor_W_5
Added Net: Name=NetCss_1
Added Pin To Net: NetName=NetCss_5_1 Pin=Css_5-1
Added Pin To Net: NetName=NetCss_5_1 Pin=TPS40305DRCR-2
Added Net: Name=NetCss_5_1
Added Net: Name=NetCvcc_1
Added Pin To Net: NetName=NetD1_2_A Pin=D1_2-A
Added Pin To Net: NetName=NetD1_2_A Pin=R1-1
Added Net: Name=NetD1_2_A
Added Pin To Net: NetName=NetD1U_1 Pin=D1U-1
Added Pin To Net: NetName=NetD1U_1 Pin=R_BOOT_1U-1
Added Net: Name=NetD1U_1
Added Pin To Net: NetName=NetD2U_1 Pin=D2U-1
Added Pin To Net: NetName=NetD2U_1 Pin=R_BOOT_2U-1
Added Net: Name=NetD2U_1
Added Pin To Net: NetName=NetD3_1 Pin=D3-1
Added Pin To Net: NetName=NetD3_1 Pin=R_BOOT_1V-1
Added Net: Name=NetD3_1
Added Pin To Net: NetName=NetD4_1 Pin=D4-1
Added Pin To Net: NetName=NetD4_1 Pin=R_BOOT_2V-1
Added Net: Name=NetD4_1
Added Pin To Net: NetName=NetD4_2_A Pin=D4_2-A
Added Pin To Net: NetName=NetD4_2_A Pin=R46-1
Added Net: Name=NetD4_2_A
Added Pin To Net: NetName=NetD5_1 Pin=D5-1
Added Pin To Net: NetName=NetD5_1 Pin=R_BOOT_1W-1
Added Net: Name=NetD5_1
Added Pin To Net: NetName=NetD6_1 Pin=D6-1
Added Pin To Net: NetName=NetD6_1 Pin=R_BOOT_2W-1
Added Net: Name=NetD6_1
Added Pin To Net: NetName=NetD7_C Pin=D7-C
Added Pin To Net: NetName=NetD7_C Pin=R26-2
Added Net: Name=NetD7_C
Added Pin To Net: NetName=NetD8_C Pin=D8-C
Added Pin To Net: NetName=NetD8_C Pin=R27-2
Added Net: Name=NetD8_C
Added Pin To Net: NetName=NetD9_A Pin=D9-A
Added Pin To Net: NetName=NetD9_A Pin=R38-1
Added Net: Name=NetD9_A
Added Pin To Net: NetName=NetD9_C Pin=D9-C
Added Pin To Net: NetName=NetD9_C Pin=U9-6
Added Net: Name=NetD9_C
Added Pin To Net: NetName=NetD10_A Pin=D10-A
Added Pin To Net: NetName=NetD10_A Pin=R39-1
Added Net: Name=NetD10_A
Added Pin To Net: NetName=NetD10_C Pin=D10-C
Added Pin To Net: NetName=NetD10_C Pin=U9-4
Added Net: Name=NetD10_C
Added Pin To Net: NetName=NetGD1U_1 Pin=GD1U-1
Added Pin To Net: NetName=NetGD1U_1 Pin=J_HIN_1U-1
Added Net: Name=NetGD1U_1
Added Pin To Net: NetName=NetGD1U_2 Pin=GD1U-2
Added Pin To Net: NetName=NetGD1U_2 Pin=J_LIN_1U-1
Added Net: Name=NetGD1U_2
Added Pin To Net: NetName=NetGD1U_4 Pin=GD1U-4
Added Pin To Net: NetName=NetGD1U_4 Pin=J1_U-1
Added Net: Name=NetGD1U_4
Added Pin To Net: NetName=NetGD1U_7 Pin=GD1U-7
Added Pin To Net: NetName=NetGD1U_7 Pin=J2_U-1
Added Net: Name=NetGD1U_7
Added Pin To Net: NetName=NetGD1V_1 Pin=GD1V-1
Added Pin To Net: NetName=NetGD1V_1 Pin=J_HIN_1V-1
Added Net: Name=NetGD1V_1
Added Pin To Net: NetName=NetGD1V_2 Pin=GD1V-2
Added Pin To Net: NetName=NetGD1V_2 Pin=J_LIN_1V-1
Added Net: Name=NetGD1V_2
Added Pin To Net: NetName=NetGD1V_4 Pin=GD1V-4
Added Pin To Net: NetName=NetGD1V_4 Pin=J1_V-1
Added Net: Name=NetGD1V_4
Added Pin To Net: NetName=NetGD1V_7 Pin=GD1V-7
Added Pin To Net: NetName=NetGD1V_7 Pin=J_2V-1
Added Net: Name=NetGD1V_7
Added Pin To Net: NetName=NetGD1W_1 Pin=GD1W-1
Added Pin To Net: NetName=NetGD1W_1 Pin=J_HIN_1W-1
Added Net: Name=NetGD1W_1
Added Pin To Net: NetName=NetGD1W_2 Pin=GD1W-2
Added Pin To Net: NetName=NetGD1W_2 Pin=J_LIN_1W-1
Added Net: Name=NetGD1W_2
Added Pin To Net: NetName=NetGD1W_4 Pin=GD1W-4
Added Pin To Net: NetName=NetGD1W_4 Pin=J1_W-1
Added Net: Name=NetGD1W_4
Added Pin To Net: NetName=NetGD1W_7 Pin=GD1W-7
Added Pin To Net: NetName=NetGD1W_7 Pin=J_2W-1
Added Net: Name=NetGD1W_7
Added Pin To Net: NetName=NetGD2U_1 Pin=GD2U-1
Added Pin To Net: NetName=NetGD2U_1 Pin=J_HIN_2U-1
Added Net: Name=NetGD2U_1
Added Pin To Net: NetName=NetGD2U_2 Pin=GD2U-2
Added Pin To Net: NetName=NetGD2U_2 Pin=J_LIN_2U-1
Added Net: Name=NetGD2U_2
Added Pin To Net: NetName=NetGD2U_4 Pin=GD2U-4
Added Pin To Net: NetName=NetGD2U_4 Pin=J3_U-1
Added Net: Name=NetGD2U_4
Added Pin To Net: NetName=NetGD2U_7 Pin=GD2U-7
Added Pin To Net: NetName=NetGD2U_7 Pin=J4_U-1
Added Net: Name=NetGD2U_7
Added Pin To Net: NetName=NetGD2V_1 Pin=GD2V-1
Added Pin To Net: NetName=NetGD2V_1 Pin=J_HIN_2V-1
Added Net: Name=NetGD2V_1
Added Pin To Net: NetName=NetGD2V_2 Pin=GD2V-2
Added Pin To Net: NetName=NetGD2V_2 Pin=J_LIN_2V-1
Added Net: Name=NetGD2V_2
Added Pin To Net: NetName=NetGD2V_4 Pin=GD2V-4
Added Pin To Net: NetName=NetGD2V_4 Pin=J3_V-1
Added Net: Name=NetGD2V_4
Added Pin To Net: NetName=NetGD2V_7 Pin=GD2V-7
Added Pin To Net: NetName=NetGD2V_7 Pin=J4_V-1
Added Net: Name=NetGD2V_7
Added Pin To Net: NetName=NetGD2W_1 Pin=GD2W-1
Added Pin To Net: NetName=NetGD2W_1 Pin=J_HIN_2W-1
Added Net: Name=NetGD2W_1
Added Pin To Net: NetName=NetGD2W_2 Pin=GD2W-2
Added Pin To Net: NetName=NetGD2W_2 Pin=J_LIN_2W-1
Added Net: Name=NetGD2W_2
Added Pin To Net: NetName=NetGD2W_4 Pin=GD2W-4
Added Pin To Net: NetName=NetGD2W_4 Pin=J3_W-1
Added Net: Name=NetGD2W_4
Added Pin To Net: NetName=NetGD2W_7 Pin=GD2W-7
Added Pin To Net: NetName=NetGD2W_7 Pin=J4_W-1
Added Net: Name=NetGD2W_7
Added Pin To Net: NetName=NetJ1_U_2 Pin=J1_U-2
Added Pin To Net: NetName=NetJ1_U_2 Pin=U_Connector-4
Added Net: Name=NetJ1_U_2
Added Pin To Net: NetName=NetJ1_V_2 Pin=J1_V-2
Added Pin To Net: NetName=NetJ1_V_2 Pin=V_Connector-4
Added Net: Name=NetJ1_V_2
Added Pin To Net: NetName=NetJ1_W_2 Pin=J1_W-2
Added Pin To Net: NetName=NetJ1_W_2 Pin=W_Connector-4
Added Net: Name=NetJ1_W_2
Added Pin To Net: NetName=NetJ2_U_2 Pin=J2_U-2
Added Pin To Net: NetName=NetJ2_U_2 Pin=U_Connector-9
Added Net: Name=NetJ2_U_2
Added Pin To Net: NetName=NetJ_2V_2 Pin=J_2V-2
Added Pin To Net: NetName=NetJ_2V_2 Pin=V_Connector-9
Added Net: Name=NetJ_2V_2
Added Pin To Net: NetName=NetJ_2W_2 Pin=J_2W-2
Added Pin To Net: NetName=NetJ_2W_2 Pin=W_Connector-9
Added Net: Name=NetJ_2W_2
Added Pin To Net: NetName=NetL7_2_P$2 Pin=L7_2-P$2
Added Pin To Net: NetName=NetL7_2_P$2 Pin=U17_2-P$7
Added Net: Name=NetL7_2_P$2
Added Pin To Net: NetName=NetL7_P$2 Pin=L7-P$2
Added Pin To Net: NetName=NetL7_P$2 Pin=U17-P$7
Added Net: Name=NetL7_P$2
Added Net: Name=NetLM5116_2
Added Net: Name=NetLM5116_3
Added Net: Name=NetLM5116_4
Added Net: Name=NetLM5116_12
Added Net: Name=NetLM5116_15
Added Net: Name=NetLM5116_19
Added Pin To Net: NetName=NetQ1_5_4 Pin=Q1_5-4
Added Pin To Net: NetName=NetQ1_5_4 Pin=TPS40305DRCR-7
Added Net: Name=NetQ1_5_4
Added Pin To Net: NetName=NetQ2_5_4 Pin=Q2_5-4
Added Pin To Net: NetName=NetQ2_5_4 Pin=Rs_5-1
Added Pin To Net: NetName=NetQ2_5_4 Pin=TPS40305DRCR-9
Added Net: Name=NetQ2_5_4
Added Pin To Net: NetName=NetR4_1 Pin=R4-1
Added Pin To Net: NetName=NetR4_1 Pin=S1-6
Added Net: Name=NetR4_1
Added Pin To Net: NetName=NetR5_1 Pin=R5-1
Added Pin To Net: NetName=NetR5_1 Pin=S1-5
Added Net: Name=NetR5_1
Added Pin To Net: NetName=NetR12_2 Pin=R12-2
Added Pin To Net: NetName=NetR12_2 Pin=R31-1
Added Pin To Net: NetName=NetR12_2 Pin=U8-1
Added Net: Name=NetR12_2
Added Pin To Net: NetName=NetR22_2 Pin=R22-2
Added Pin To Net: NetName=NetR22_2 Pin=U6-P$14
Added Net: Name=NetR22_2
Added Pin To Net: NetName=NetR23_1 Pin=R23-1
Added Pin To Net: NetName=NetR23_1 Pin=U6-P$32
Added Net: Name=NetR23_1
Added Pin To Net: NetName=NetR24_2 Pin=R24-2
Added Pin To Net: NetName=NetR24_2 Pin=U6-P$6
Added Net: Name=NetR24_2
Added Pin To Net: NetName=NetR26_1 Pin=R26-1
Added Pin To Net: NetName=NetR26_1 Pin=U6-P$54
Added Net: Name=NetR26_1
Added Pin To Net: NetName=NetR27_1 Pin=R27-1
Added Pin To Net: NetName=NetR27_1 Pin=U6-P$55
Added Net: Name=NetR27_1
Added Pin To Net: NetName=NetR47_2_2 Pin=R47_2-2
Added Pin To Net: NetName=NetR47_2_2 Pin=U17_2-P$8
Added Net: Name=NetR47_2_2
Added Pin To Net: NetName=NetR47_2 Pin=R47-2
Added Pin To Net: NetName=NetR47_2 Pin=U17-P$8
Added Net: Name=NetR47_2
Added Pin To Net: NetName=NetRpgood_5_2 Pin=Rpgood_5-2
Added Pin To Net: NetName=NetRpgood_5_2 Pin=TPS40305DRCR-3
Added Net: Name=NetRpgood_5_2
Added Pin To Net: NetName=NetU1_12 Pin=U1-12
Added Pin To Net: NetName=NetU1_12 Pin=U7-5
Added Net: Name=NetU1_12
Added Pin To Net: NetName=NetU1_67 Pin=U1-67
Added Pin To Net: NetName=NetU1_67 Pin=U5-14
Added Net: Name=NetU1_67
Added Pin To Net: NetName=NetU1_70 Pin=U1-70
Added Pin To Net: NetName=NetU1_70 Pin=U7-3
Added Net: Name=NetU1_70
Added Pin To Net: NetName=NetU1_71 Pin=U1-71
Added Pin To Net: NetName=NetU1_71 Pin=U5-13
Added Net: Name=NetU1_71
Added Pin To Net: NetName=NetU1_72 Pin=U1-72
Added Pin To Net: NetName=NetU1_72 Pin=U5-12
Added Net: Name=NetU1_72
Added Pin To Net: NetName=NetU5_3 Pin=U5-3
Added Pin To Net: NetName=NetU5_3 Pin=U6-P$16
Added Net: Name=NetU5_3
Added Pin To Net: NetName=NetU5_4 Pin=U5-4
Added Pin To Net: NetName=NetU5_4 Pin=U6-P$17
Added Net: Name=NetU5_4
Added Pin To Net: NetName=NetU5_5 Pin=U5-5
Added Pin To Net: NetName=NetU5_5 Pin=U6-P$19
Added Net: Name=NetU5_5
Added Pin To Net: NetName=NetU5_6 Pin=U5-6
Added Pin To Net: NetName=NetU5_6 Pin=U6-P$38
Added Net: Name=NetU5_6
Added Pin To Net: NetName=NetU6_P$18 Pin=U6-P$18
Added Pin To Net: NetName=NetU6_P$18 Pin=U7-14
Added Net: Name=NetU6_P$18
Added Pin To Net: NetName=NetU6_P$21 Pin=U6-P$21
Added Pin To Net: NetName=NetU6_P$21 Pin=U7-12
Added Net: Name=NetU6_P$21
Added Pin To Net: NetName=NetU6_P$39 Pin=U6-P$39
Added Pin To Net: NetName=NetU6_P$39 Pin=U7-13
Added Net: Name=NetU6_P$39
Added Pin To Net: NetName=NetU6_P$40 Pin=U6-P$40
Added Pin To Net: NetName=NetU6_P$40 Pin=U6-P$41
Added Net: Name=NetU6_P$40
Added Pin To Net: NetName=PWREN# Pin=U6-P$60
Added Net: Name=PWREN#
Added Pin To Net: NetName=RESET# Pin=C39-1
Added Pin To Net: NetName=RESET# Pin=R6-1
Added Pin To Net: NetName=RESET# Pin=S2-P$3
Added Pin To Net: NetName=RESET# Pin=S2-P$4
Added Pin To Net: NetName=RESET# Pin=TP18-TP
Added Pin To Net: NetName=RESET# Pin=U1-11
Added Net: Name=RESET#
Added Pin To Net: NetName=SUSPEND# Pin=U6-P$36
Added Net: Name=SUSPEND#
Added Pin To Net: NetName=TDO Pin=R9-2
Added Pin To Net: NetName=TDO Pin=S1-2
Added Net: Name=TDO
Added Pin To Net: NetName=TPS_FB Pin=Ccomp2_5-1
Added Pin To Net: NetName=TPS_FB Pin=Ccomp3_5-2
Added Pin To Net: NetName=TPS_FB Pin=Rcomp_5-2
Added Pin To Net: NetName=TPS_FB Pin=Rfbb_5-1
Added Pin To Net: NetName=TPS_FB Pin=Rfbt_5-2
Added Pin To Net: NetName=TPS_FB Pin=TPS40305DRCR-5
Added Net: Name=TPS_FB
Added Pin To Net: NetName=TRST Pin=R10-2
Added Pin To Net: NetName=TRST Pin=S1-3
Added Net: Name=TRST
Added Pin To Net: NetName=USBVCC Pin=C44-2
Added Pin To Net: NetName=USBVCC Pin=F1-1
Added Pin To Net: NetName=USBVCC Pin=U17-P$2
Added Pin To Net: NetName=USBVCC Pin=U17-P$3
Added Net: Name=USBVCC
Added Pin To Net: NetName=VDDA Pin=C19-1
Added Pin To Net: NetName=VDDA Pin=L3-1
Added Pin To Net: NetName=VDDA Pin=TP19-TP
Added Pin To Net: NetName=VDDA Pin=U1-25
Added Net: Name=VDDA
Added Pin To Net: NetName=VDDIO Pin=C20-1
Added Pin To Net: NetName=VDDIO Pin=C26-1
Added Pin To Net: NetName=VDDIO Pin=C27-1
Added Pin To Net: NetName=VDDIO Pin=C28-1
Added Pin To Net: NetName=VDDIO Pin=C29-1
Added Pin To Net: NetName=VDDIO Pin=C30-1
Added Pin To Net: NetName=VDDIO Pin=L4-1
Added Pin To Net: NetName=VDDIO Pin=U1-5
Added Pin To Net: NetName=VDDIO Pin=U1-13
Added Pin To Net: NetName=VDDIO Pin=U1-38
Added Pin To Net: NetName=VDDIO Pin=U1-61
Added Pin To Net: NetName=VDDIO Pin=U1-79
Added Pin To Net: NetName=VDDIO Pin=U1-93
Added Net: Name=VDDIO
Added Pin To Net: NetName=XUSB Pin=CON1-1
Added Pin To Net: NetName=XUSB Pin=CON1-1
Added Pin To Net: NetName=XUSB Pin=CON1-1
Added Pin To Net: NetName=XUSB Pin=F1-2
Added Net: Name=XUSB
Added Class: Name=3V3_DCDC
Added Class: Name=5V_DCDC
Added Class: Name=100V_to_12V
Added Class: Name=Bluetooth
Added Class: Name=Current_Sensing
Added Class: Name=FTDI
Added Class: Name=Gate_Drivers
Added Class: Name=HOST
Added Class: Name=Inverter
Added Class: Name=Voltage_Sensing
Added Room: Name=3V3_DCDC
Added Room: Name=5V_DCDC
Added Room: Name=100V_to_12V
Added Room: Name=Bluetooth
Added Room: Name=Current_Sensing
Added Room: Name=FTDI
Added Room: Name=Gate_Drivers
Added Room: Name=HOST
Added Room: Name=Inverter
Added Room: Name=Voltage_Sensing
