Removed Pin From Net: NetName=AGND Pin=C7_Vcc_5-2
Removed Pin From Net: NetName=AGND Pin=Cin_5-2
Removed Pin From Net: NetName=AGND Pin=Cout_5-2
Removed Pin From Net: NetName=AGND Pin=Q2_5-1
Removed Pin From Net: NetName=AGND Pin=Q2_5-2
Removed Pin From Net: NetName=AGND Pin=Q2_5-3
Removed Pin From Net: NetName=AGND Pin=Rfbb_5-2
Removed Pin From Net: NetName=AGND Pin=Rs_5-2
Removed Pin From Net: NetName=AGND Pin=TPS40305DRCR-11
Removed Pin From Net: NetName=RESET# Pin=U1-11
Removed Pin From Net: NetName=ADCINA7 Pin=U1-16
Removed Pin From Net: NetName=ADCINA6 Pin=U1-17
Removed Pin From Net: NetName=ADCINA5 Pin=U1-18
Removed Pin From Net: NetName=ADCINA4 Pin=U1-19
Removed Pin From Net: NetName=ADCINA3 Pin=U1-20
Removed Pin From Net: NetName=ADCINA2 Pin=U1-21
Removed Pin From Net: NetName=ADCINA1 Pin=U1-22
Removed Pin From Net: NetName=ADCINA0 Pin=U1-23
Removed Pin From Net: NetName=GND Pin=U1-27
Removed Pin From Net: NetName=ADCINB0 Pin=U1-28
Removed Pin From Net: NetName=ADCINB1 Pin=U1-29
Removed Pin From Net: NetName=ADCINB2 Pin=U1-30
Removed Pin From Net: NetName=ADCINB3 Pin=U1-31
Removed Pin From Net: NetName=ADCINB4 Pin=U1-32
Removed Pin From Net: NetName=ADCINB5 Pin=U1-33
Removed Pin From Net: NetName=ADCINB6 Pin=U1-34
Removed Pin From Net: NetName=ADCINB7 Pin=U1-35
Removed Pin From Net: NetName=+3V3 Pin=U1-46
Removed Pin From Net: NetName=GPIO18 Pin=U1-51
Removed Pin From Net: NetName=GPIO19 Pin=U1-64
Removed Pin From Net: NetName=GND Pin=U1-90
Removed Pin From Net: NetName=NetCS_Monitor_U_2 Pin=U_Connector-3
Removed Pin From Net: NetName=NetCS_Monitor_V_2 Pin=V_Connector-3
Removed Pin From Net: NetName=NetCS_Monitor_W_2 Pin=W_Connector-3
Added Component: Designator=Cboot(0805)
Added Component: Designator=Ccomp2(0805)
Added Component: Designator=Ccomp(0805)
Added Component: Designator=Cin_1(2220)
Added Component: Designator=Cin_2(2220)
Added Component: Designator=Cinx(0805)
Added Component: Designator=Cout(CAPSMT_62_E7)
Added Component: Designator=Cramp(0805)
Added Component: Designator=Css(0805)
Added Component: Designator=Cvcc(0805)
Added Component: Designator=D1(SMA)
Added Component: Designator=L1(PM2120)
Added Component: Designator=LM5116(MXA20A)
Added Component: Designator=M1(TRANS_NexFET_Q5A)
Added Component: Designator=M2(PG-TDSON-8)
Added Component: Designator=Rcomp(0805)
Added Component: Designator=Renable(0805)
Added Component: Designator=Rfbb(0805)
Added Component: Designator=Rfbt(0805)
Added Component: Designator=Rramp(0805)
Added Component: Designator=Rsense(1206)
Added Component: Designator=Rt(0805)
Added Component: Designator=Ruv1(0805)
Added Component: Designator=Ruv2(0805)
Added Component: Designator=U1A(PQFP100)
Added Pin To Net: NetName=+12 Pin=C7_Vcc_5-1
Added Pin To Net: NetName=GND Pin=C7_Vcc_5-2
Added Pin To Net: NetName=NetCboot_1 Pin=Cboot-1
Added Pin To Net: NetName=NetCboot_2 Pin=Cboot-2
Added Pin To Net: NetName=NetCcomp2_1 Pin=Ccomp2-1
Added Pin To Net: NetName=NetCcomp2_2 Pin=Ccomp2-2
Added Pin To Net: NetName=NetCcomp2_1 Pin=Ccomp-1
Added Pin To Net: NetName=NetCcomp_2 Pin=Ccomp-2
Added Pin To Net: NetName=BATTERY+ Pin=Cin_1-1
Added Pin To Net: NetName=GND Pin=Cin_1-2
Added Pin To Net: NetName=BATTERY+ Pin=Cin_2-1
Added Pin To Net: NetName=GND Pin=Cin_2-2
Added Pin To Net: NetName=+12 Pin=Cin_5-1
Added Pin To Net: NetName=GND Pin=Cin_5-2
Added Pin To Net: NetName=BATTERY+ Pin=Cinx-1
Added Pin To Net: NetName=GND Pin=Cinx-2
Added Pin To Net: NetName=+12 Pin=Cout-1
Added Pin To Net: NetName=GND Pin=Cout-2
Added Pin To Net: NetName=GND Pin=Cout_5-2
Added Pin To Net: NetName=NetCramp_1 Pin=Cramp-1
Added Pin To Net: NetName=GND Pin=Cramp-2
Added Pin To Net: NetName=NetCss_1 Pin=Css-1
Added Pin To Net: NetName=GND Pin=Css-2
Added Pin To Net: NetName=NetCvcc_1 Pin=Cvcc-1
Added Pin To Net: NetName=GND Pin=Cvcc-2
Added Pin To Net: NetName=NetCvcc_1 Pin=D1-1
Added Pin To Net: NetName=NetCboot_1 Pin=D1-2
Added Pin To Net: NetName=NetCboot_2 Pin=L1-1
Added Pin To Net: NetName=+12 Pin=L1-2
Added Pin To Net: NetName=BATTERY+ Pin=LM5116-1
Added Pin To Net: NetName=NetLM5116_2 Pin=LM5116-2
Added Pin To Net: NetName=NetLM5116_3 Pin=LM5116-3
Added Pin To Net: NetName=NetLM5116_4 Pin=LM5116-4
Added Pin To Net: NetName=NetCramp_1 Pin=LM5116-5
Added Pin To Net: NetName=GND Pin=LM5116-6
Added Pin To Net: NetName=NetCss_1 Pin=LM5116-7
Added Pin To Net: NetName=NetCcomp2_2 Pin=LM5116-8
Added Pin To Net: NetName=NetCcomp2_1 Pin=LM5116-9
Added Pin To Net: NetName=+12 Pin=LM5116-10
Added Pin To Net: NetName=GND Pin=LM5116-11
Added Pin To Net: NetName=NetLM5116_12 Pin=LM5116-12
Added Pin To Net: NetName=GND Pin=LM5116-13
Added Pin To Net: NetName=GND Pin=LM5116-14
Added Pin To Net: NetName=NetLM5116_15 Pin=LM5116-15
Added Pin To Net: NetName=NetCvcc_1 Pin=LM5116-16
Added Pin To Net: NetName=NetCboot_1 Pin=LM5116-18
Added Pin To Net: NetName=NetLM5116_19 Pin=LM5116-19
Added Pin To Net: NetName=NetCboot_2 Pin=LM5116-20
Added Pin To Net: NetName=GND Pin=LM5116-21
Added Pin To Net: NetName=NetCboot_2 Pin=M1-1
Added Pin To Net: NetName=NetCboot_2 Pin=M1-2
Added Pin To Net: NetName=NetCboot_2 Pin=M1-3
Added Pin To Net: NetName=NetLM5116_19 Pin=M1-4
Added Pin To Net: NetName=BATTERY+ Pin=M1-5
Added Pin To Net: NetName=BATTERY+ Pin=M1-6
Added Pin To Net: NetName=BATTERY+ Pin=M1-7
Added Pin To Net: NetName=BATTERY+ Pin=M1-8
Added Pin To Net: NetName=BATTERY+ Pin=M1-9
Added Pin To Net: NetName=NetLM5116_12 Pin=M2-1
Added Pin To Net: NetName=NetLM5116_12 Pin=M2-2
Added Pin To Net: NetName=NetLM5116_12 Pin=M2-3
Added Pin To Net: NetName=NetLM5116_15 Pin=M2-4
Added Pin To Net: NetName=NetCboot_2 Pin=M2-5
Added Pin To Net: NetName=NetCboot_2 Pin=M2-6
Added Pin To Net: NetName=NetCboot_2 Pin=M2-7
Added Pin To Net: NetName=NetCboot_2 Pin=M2-8
Added Pin To Net: NetName=NetCboot_2 Pin=M2-9
Added Pin To Net: NetName=+12 Pin=Q1_5-5
Added Pin To Net: NetName=+12 Pin=Q1_5-6
Added Pin To Net: NetName=+12 Pin=Q1_5-7
Added Pin To Net: NetName=+12 Pin=Q1_5-8
Added Pin To Net: NetName=+12 Pin=Q1_5-9
Added Pin To Net: NetName=GND Pin=Q2_5-1
Added Pin To Net: NetName=GND Pin=Q2_5-2
Added Pin To Net: NetName=GND Pin=Q2_5-3
Added Pin To Net: NetName=NetCcomp_2 Pin=Rcomp-1
Added Pin To Net: NetName=NetCcomp2_2 Pin=Rcomp-2
Added Pin To Net: NetName=BATTERY+ Pin=Renable-1
Added Pin To Net: NetName=NetLM5116_4 Pin=Renable-2
Added Pin To Net: NetName=NetCcomp2_2 Pin=Rfbb-1
Added Pin To Net: NetName=GND Pin=Rfbb-2
Added Pin To Net: NetName=GND Pin=Rfbb_5-2
Added Pin To Net: NetName=+12 Pin=Rfbt-1
Added Pin To Net: NetName=NetCcomp2_2 Pin=Rfbt-2
Added Pin To Net: NetName=NetCvcc_1 Pin=Rramp-1
Added Pin To Net: NetName=NetCramp_1 Pin=Rramp-2
Added Pin To Net: NetName=GND Pin=Rs_5-2
Added Pin To Net: NetName=NetLM5116_12 Pin=Rsense-1
Added Pin To Net: NetName=GND Pin=Rsense-2
Added Pin To Net: NetName=NetLM5116_3 Pin=Rt-1
Added Pin To Net: NetName=GND Pin=Rt-2
Added Pin To Net: NetName=NetLM5116_2 Pin=Ruv1-1
Added Pin To Net: NetName=GND Pin=Ruv1-2
Added Pin To Net: NetName=BATTERY+ Pin=Ruv2-1
Added Pin To Net: NetName=NetLM5116_2 Pin=Ruv2-2
Added Pin To Net: NetName=+12 Pin=TPS40305DRCR-1
Added Pin To Net: NetName=GND Pin=TPS40305DRCR-11
Added Pin To Net: NetName=RESET# Pin=U1A-11
Added Pin To Net: NetName=ADCINA7 Pin=U1A-16
Added Pin To Net: NetName=ADCINA6 Pin=U1A-17
Added Pin To Net: NetName=ADCINA5 Pin=U1A-18
Added Pin To Net: NetName=ADCINA4 Pin=U1A-19
Added Pin To Net: NetName=ADCINA3 Pin=U1A-20
Added Pin To Net: NetName=ADCINA2 Pin=U1A-21
Added Pin To Net: NetName=ADCINA1 Pin=U1A-22
Added Pin To Net: NetName=ADCINA0 Pin=U1A-23
Added Pin To Net: NetName=GND Pin=U1A-27
Added Pin To Net: NetName=ADCINB0 Pin=U1A-28
Added Pin To Net: NetName=ADCINB1 Pin=U1A-29
Added Pin To Net: NetName=ADCINB2 Pin=U1A-30
Added Pin To Net: NetName=ADCINB3 Pin=U1A-31
Added Pin To Net: NetName=ADCINB4 Pin=U1A-32
Added Pin To Net: NetName=ADCINB5 Pin=U1A-33
Added Pin To Net: NetName=ADCINB6 Pin=U1A-34
Added Pin To Net: NetName=ADCINB7 Pin=U1A-35
Added Pin To Net: NetName=+3V3 Pin=U1A-46
Added Pin To Net: NetName=GPIO18 Pin=U1A-51
Added Pin To Net: NetName=GPIO19 Pin=U1A-64
Added Pin To Net: NetName=GND Pin=U1A-90
Added Pin To Net: NetName=BATTERY+ Pin=U_Connector-3
Added Pin To Net: NetName=BATTERY+ Pin=V_Connector-3
Added Pin To Net: NetName=BATTERY+ Pin=W_Connector-3
Change Net Name : Old Net Name=+12 New Net Name=+12V
Change Net Name : Old Net Name=GATE_DRIVE_U_HIGH New Net Name=GATE_DRIVE_U_HIGH_OUT
Change Net Name : Old Net Name=GATE_DRIVE_U_LOW New Net Name=GATE_DRIVE_U_LOW_OUT
Change Net Name : Old Net Name=GATE_DRIVE_V_HIGH New Net Name=GATE_DRIVE_V_HIGH_OUT
Change Net Name : Old Net Name=GATE_DRIVE_V_LOW New Net Name=GATE_DRIVE_V_LOW_OUT
Change Net Name : Old Net Name=GATE_DRIVE_W_HIGH New Net Name=GATE_DRIVE_W_HIGH_OUT
Change Net Name : Old Net Name=GATE_DRIVE_W_LOW New Net Name=GATE_DRIVE_W_LOW_OUT
Change Net Name : Old Net Name=NetCS_Monitor_U_1 New Net Name=CURRENT_SHUNT-U
Change Net Name : Old Net Name=NetCS_Monitor_U_2 New Net Name=CURRENT_SHUNT+U
Change Net Name : Old Net Name=NetCS_Monitor_V_1 New Net Name=CURRENT_SHUNT-V
Change Net Name : Old Net Name=NetCS_Monitor_V_2 New Net Name=CURRENT_SHUNT+V
Change Net Name : Old Net Name=NetCS_Monitor_W_1 New Net Name=CURRENT_SHUNT-W
Change Net Name : Old Net Name=NetCS_Monitor_W_2 New Net Name=CURRENT_SHUNT+W
Change Net Name : Old Net Name=NetJ1_U_2 New Net Name=GATE_DRIVE_U_LOW
Change Net Name : Old Net Name=NetJ1_V_2 New Net Name=GATE_DRIVE_V_LOW
Change Net Name : Old Net Name=NetJ1_W_2 New Net Name=GATE_DRIVE_W_LOW
Change Net Name : Old Net Name=NetJ2_U_2 New Net Name=GATE_DRIVE_U_HIGH
Change Net Name : Old Net Name=NetJ_2V_2 New Net Name=GATE_DRIVE_V_HIGH
Change Net Name : Old Net Name=NetJ_2W_2 New Net Name=GATE_DRIVE_W_HIGH
Added Pin To Net: NetName=JTAG_TRST_IN Pin=U1A-12
Added Pin To Net: NetName=JTAG_TRST_IN Pin=U7-5
Added Net: Name=JTAG_TRST_IN
Added Pin To Net: NetName=NetB_DiV_T_1 Pin=B_DiV_T-1
Added Net: Name=NetB_DiV_T_1
Added Pin To Net: NetName=NetBluetooth_2 Pin=Bluetooth-2
Added Net: Name=NetBluetooth_2
Added Pin To Net: NetName=NetBluetooth_4 Pin=Bluetooth-4
Added Net: Name=NetBluetooth_4
Added Pin To Net: NetName=NetBluetooth_5 Pin=Bluetooth-5
Added Net: Name=NetBluetooth_5
Added Pin To Net: NetName=NetBluetooth_7 Pin=Bluetooth-7
Added Net: Name=NetBluetooth_7
Added Pin To Net: NetName=NetBluetooth_8 Pin=Bluetooth-8
Added Net: Name=NetBluetooth_8
Added Pin To Net: NetName=NetBluetooth_12 Pin=Bluetooth-12
Added Net: Name=NetBluetooth_12
Added Pin To Net: NetName=NetBluetooth_13 Pin=Bluetooth-13
Added Net: Name=NetBluetooth_13
Added Pin To Net: NetName=NetBluetooth_14 Pin=Bluetooth-14
Added Net: Name=NetBluetooth_14
Added Pin To Net: NetName=NetBluetooth_15 Pin=Bluetooth-15
Added Net: Name=NetBluetooth_15
Added Pin To Net: NetName=NetBluetooth_16 Pin=Bluetooth-16
Added Net: Name=NetBluetooth_16
Added Pin To Net: NetName=NetBluetooth_17 Pin=Bluetooth-17
Added Net: Name=NetBluetooth_17
Added Pin To Net: NetName=NetBluetooth_18 Pin=Bluetooth-18
Added Net: Name=NetBluetooth_18
Added Pin To Net: NetName=NetBluetooth_19 Pin=Bluetooth-19
Added Net: Name=NetBluetooth_19
Added Pin To Net: NetName=NetBluetooth_20 Pin=Bluetooth-20
Added Net: Name=NetBluetooth_20
Added Pin To Net: NetName=NetBluetooth_21 Pin=Bluetooth-21
Added Net: Name=NetBluetooth_21
Added Pin To Net: NetName=NetBluetooth_22 Pin=Bluetooth-22
Added Net: Name=NetBluetooth_22
Added Pin To Net: NetName=NetBluetooth_23 Pin=Bluetooth-23
Added Net: Name=NetBluetooth_23
Added Pin To Net: NetName=NetBluetooth_24 Pin=Bluetooth-24
Added Net: Name=NetBluetooth_24
Added Pin To Net: NetName=NetBluetooth_25 Pin=Bluetooth-25
Added Net: Name=NetBluetooth_25
Added Pin To Net: NetName=NetBluetooth_26 Pin=Bluetooth-26
Added Net: Name=NetBluetooth_26
Added Pin To Net: NetName=NetCON1_4 Pin=CON1-4
Added Net: Name=NetCON1_4
Added Pin To Net: NetName=NetCS_Monitor_U_3 Pin=CS_Monitor_U-3
Added Net: Name=NetCS_Monitor_U_3
Added Pin To Net: NetName=NetCS_Monitor_U_7 Pin=CS_Monitor_U-7
Added Net: Name=NetCS_Monitor_U_7
Added Pin To Net: NetName=NetCS_Monitor_V_3 Pin=CS_Monitor_V-3
Added Net: Name=NetCS_Monitor_V_3
Added Pin To Net: NetName=NetCS_Monitor_V_7 Pin=CS_Monitor_V-7
Added Net: Name=NetCS_Monitor_V_7
Added Pin To Net: NetName=NetCS_Monitor_W_3 Pin=CS_Monitor_W-3
Added Net: Name=NetCS_Monitor_W_3
Added Pin To Net: NetName=NetCS_Monitor_W_7 Pin=CS_Monitor_W-7
Added Net: Name=NetCS_Monitor_W_7
Added Pin To Net: NetName=NetLM5116_17 Pin=LM5116-17
Added Net: Name=NetLM5116_17
Added Pin To Net: NetName=NetU1A_24 Pin=U1A-24
Added Net: Name=NetU1A_24
Added Pin To Net: NetName=NetU1A_45 Pin=U1A-45
Added Net: Name=NetU1A_45
Added Pin To Net: NetName=NetU1A_59 Pin=U1A-59
Added Net: Name=NetU1A_59
Added Pin To Net: NetName=NetU1A_60 Pin=U1A-60
Added Net: Name=NetU1A_60
Added Pin To Net: NetName=NetU5_7 Pin=U5-7
Added Net: Name=NetU5_7
Added Pin To Net: NetName=NetU6_P$22 Pin=U6-P$22
Added Net: Name=NetU6_P$22
Added Pin To Net: NetName=NetU6_P$23 Pin=U6-P$23
Added Net: Name=NetU6_P$23
Added Pin To Net: NetName=NetU6_P$24 Pin=U6-P$24
Added Net: Name=NetU6_P$24
Added Pin To Net: NetName=NetU6_P$26 Pin=U6-P$26
Added Net: Name=NetU6_P$26
Added Pin To Net: NetName=NetU6_P$27 Pin=U6-P$27
Added Net: Name=NetU6_P$27
Added Pin To Net: NetName=NetU6_P$28 Pin=U6-P$28
Added Net: Name=NetU6_P$28
Added Pin To Net: NetName=NetU6_P$29 Pin=U6-P$29
Added Net: Name=NetU6_P$29
Added Pin To Net: NetName=NetU6_P$30 Pin=U6-P$30
Added Net: Name=NetU6_P$30
Added Pin To Net: NetName=NetU6_P$33 Pin=U6-P$33
Added Net: Name=NetU6_P$33
Added Pin To Net: NetName=NetU6_P$34 Pin=U6-P$34
Added Net: Name=NetU6_P$34
Added Pin To Net: NetName=NetU6_P$43 Pin=U6-P$43
Added Net: Name=NetU6_P$43
Added Pin To Net: NetName=NetU6_P$44 Pin=U6-P$44
Added Net: Name=NetU6_P$44
Added Pin To Net: NetName=NetU6_P$45 Pin=U6-P$45
Added Net: Name=NetU6_P$45
Added Pin To Net: NetName=NetU6_P$46 Pin=U6-P$46
Added Net: Name=NetU6_P$46
Added Pin To Net: NetName=NetU6_P$48 Pin=U6-P$48
Added Net: Name=NetU6_P$48
Added Pin To Net: NetName=NetU6_P$52 Pin=U6-P$52
Added Net: Name=NetU6_P$52
Added Pin To Net: NetName=NetU6_P$53 Pin=U6-P$53
Added Net: Name=NetU6_P$53
Added Pin To Net: NetName=NetU6_P$57 Pin=U6-P$57
Added Net: Name=NetU6_P$57
Added Pin To Net: NetName=NetU6_P$58 Pin=U6-P$58
Added Net: Name=NetU6_P$58
Added Pin To Net: NetName=NetU6_P$59 Pin=U6-P$59
Added Net: Name=NetU6_P$59
Added Pin To Net: NetName=NetU7_6 Pin=U7-6
Added Net: Name=NetU7_6
Added Pin To Net: NetName=NetU7_11 Pin=U7-11
Added Net: Name=NetU7_11
Added Pin To Net: NetName=TCK Pin=U1A-67
Added Pin To Net: NetName=TCK Pin=U5-14
Added Net: Name=TCK
Added Pin To Net: NetName=TDI Pin=U1A-71
Added Pin To Net: NetName=TDI Pin=U5-13
Added Net: Name=TDI
Added Pin To Net: NetName=TDO_IN Pin=U1A-70
Added Pin To Net: NetName=TDO_IN Pin=U7-3
Added Net: Name=TDO_IN
Added Pin To Net: NetName=TMS Pin=U1A-72
Added Pin To Net: NetName=TMS Pin=U5-12
Added Net: Name=TMS
Change Class Name : Old Net Name=100V_to_12V New Net Name=90V_to_12V
Added Member To Class: ClassName=90V_to_12V Member=Component Cboot EMK212B7105KG-T
Added Member To Class: ClassName=90V_to_12V Member=Component Ccomp2 C2012C0G1H271J
Added Member To Class: ClassName=90V_to_12V Member=Component Ccomp GRM216R71H103KA01D
Added Member To Class: ClassName=90V_to_12V Member=Component Cin_1 C5750X7S2A106M
Added Member To Class: ClassName=90V_to_12V Member=Component Cin_2 C5750X7S2A106M
Added Member To Class: ClassName=90V_to_12V Member=Component Cinx C2012X7R2A104K
Added Member To Class: ClassName=90V_to_12V Member=Component Cout 16SVPF270M
Added Member To Class: ClassName=90V_to_12V Member=Component Cramp CC0805KRX7R9BB332
Added Member To Class: ClassName=90V_to_12V Member=Component Css GRM216R71H103KA01D
Added Member To Class: ClassName=90V_to_12V Member=Component Cvcc EMK212B7105KG-T
Added Member To Class: ClassName=90V_to_12V Member=Component D1 ES1J-TP
Added Member To Class: ClassName=90V_to_12V Member=Component L1 PM2120-151K-RC
Added Member To Class: ClassName=90V_to_12V Member=Component LM5116 LM5116MHX/NOPB
Added Member To Class: ClassName=90V_to_12V Member=Component M1 CSD19534Q5A
Added Member To Class: ClassName=90V_to_12V Member=Component M2 BSC320N20NS3 G
Added Member To Class: ClassName=90V_to_12V Member=Component Rcomp ERJ-6ENF2212V
Added Member To Class: ClassName=90V_to_12V Member=Component Renable ERJ-6ENF1004V
Added Member To Class: ClassName=90V_to_12V Member=Component Rfbb ERJ-6ENF1101V
Added Member To Class: ClassName=90V_to_12V Member=Component Rfbt ERJ-6ENF9761V
Added Member To Class: ClassName=90V_to_12V Member=Component Rramp ERJ-6ENF4753V
Added Member To Class: ClassName=90V_to_12V Member=Component Rsense PRL1632-R016-F-T1
Added Member To Class: ClassName=90V_to_12V Member=Component Rt ERJ-6ENF6812V
Added Member To Class: ClassName=90V_to_12V Member=Component Ruv1 ERJ-6ENF2741V
Added Member To Class: ClassName=90V_to_12V Member=Component Ruv2 ERJ-6ENF8662V
Added Member To Class: ClassName=HOST Member=Component U1A TMS320F28069MPZT
Added Room: Name=90V_to_12V
