Change Component Footprint: Designator=Rsense Old Footprint=PRL1632 New Footprint=1206
Change Component Comment : Designator=C12V_1 Old Comment=22uF New Comment=10uF
Change Component Comment : Designator=C12V_2 Old Comment=22uF New Comment=10uF
Change Component Comment : Designator=C12V_3 Old Comment=22uF New Comment=10uF
Change Component Comment : Designator=C12V_4 Old Comment=22uF New Comment=10uF
Change Component Comment : Designator=C12V_5 Old Comment=22uF New Comment=10uF
Change Component Comment : Designator=C12V_6 Old Comment=22uF New Comment=10uF
Change Component Comment : Designator=C12V_7 Old Comment=22uF New Comment=10uF
Change Component Comment : Designator=C12V_8 Old Comment=22uF New Comment=10uF
Change Component Comment : Designator=C12V_9 Old Comment=22uF New Comment=10uF
Change Component Comment : Designator=C12V_10 Old Comment=22uF New Comment=10uF
Change Component Comment : Designator=C12V_11 Old Comment=22uF New Comment=10uF
Change Component Comment : Designator=C12V_12 Old Comment=22uF New Comment=10uF
Change Component Comment : Designator=C12V_13 Old Comment=22uF New Comment=10uF
Change Component Designator: OldDesignator=C43_1 NewDesignator=C43_2
Change Component Designator: OldDesignator=C44_1 NewDesignator=C44_2
Change Component Designator: OldDesignator=C45_1 NewDesignator=C45_2
Change Component Designator: OldDesignator=L7_1 NewDesignator=L7_2
Change Component Designator: OldDesignator=R47_1 NewDesignator=R47_2
Added Member To Class: ClassName=12V_to_5V Member=Component C7_Vcc_5 GRM188R61E105KA1
Added Member To Class: ClassName=90V_to_12V Member=Component C12V_1 10uF
Added Member To Class: ClassName=90V_to_12V Member=Component C12V_2 10uF
Added Member To Class: ClassName=90V_to_12V Member=Component C12V_3 10uF
Added Member To Class: ClassName=90V_to_12V Member=Component C12V_4 10uF
Added Member To Class: ClassName=90V_to_12V Member=Component C12V_5 10uF
Added Member To Class: ClassName=90V_to_12V Member=Component C12V_6 10uF
Added Member To Class: ClassName=90V_to_12V Member=Component C12V_7 10uF
Added Member To Class: ClassName=90V_to_12V Member=Component C12V_8 10uF
Added Member To Class: ClassName=90V_to_12V Member=Component C12V_9 10uF
Added Member To Class: ClassName=90V_to_12V Member=Component C12V_10 10uF
Added Member To Class: ClassName=90V_to_12V Member=Component C12V_11 10uF
Added Member To Class: ClassName=90V_to_12V Member=Component C12V_12 10uF
Added Member To Class: ClassName=90V_to_12V Member=Component C12V_13 10uF
Added Member To Class: ClassName=12V_to_3V3 Member=Component C43_2 0.1u
Added Member To Class: ClassName=12V_to_3V3 Member=Component C44_2 10uF
Added Member To Class: ClassName=12V_to_3V3 Member=Component C45_2 22uF
Added Member To Class: ClassName=90V_to_12V Member=Component Cboot EMK212B7105KG-T
Added Member To Class: ClassName=12V_to_5V Member=Component Cbst_5 08053C104KAT2A
Added Member To Class: ClassName=12V_to_5V Member=Component Cbyp_5 C1608X5R1A105K
Added Member To Class: ClassName=12V_to_5V Member=Component Ccomp2_5 C0805C181K5GACTU
Added Member To Class: ClassName=90V_to_12V Member=Component Ccomp2 C2012C0G1H271J
Added Member To Class: ClassName=12V_to_5V Member=Component Ccomp3_5 CC0805KRX7R9BB82
Added Member To Class: ClassName=12V_to_5V Member=Component Ccomp_5 CC0805KRX7R9BB47
Added Member To Class: ClassName=90V_to_12V Member=Component Ccomp GRM216R71H103KA01D
Added Member To Class: ClassName=90V_to_12V Member=Component Cin_1 C5750X7S2A106M
Added Member To Class: ClassName=90V_to_12V Member=Component Cin_2 C5750X7S2A106M
Added Member To Class: ClassName=90V_to_12V Member=Component Cinx C2012X7R2A104K
Added Member To Class: ClassName=12V_to_5V Member=Component Cout_5 CC0603MRX5R5BB10
Added Member To Class: ClassName=90V_to_12V Member=Component Cramp CC0805KRX7R9BB332
Added Member To Class: ClassName=12V_to_5V Member=Component Css_5 GRM033R71C332KA8
Added Member To Class: ClassName=90V_to_12V Member=Component Css GRM216R71H103KA01D
Added Member To Class: ClassName=90V_to_12V Member=Component Cvcc EMK212B7105KG-T
Added Member To Class: ClassName=90V_to_12V Member=Component D1 ES1J-TP
Added Member To Class: ClassName=12V_to_5V Member=Component L1_5 SRP6540-1R5M
Added Member To Class: ClassName=90V_to_12V Member=Component L1 PM2120-151K-RC
Added Member To Class: ClassName=12V_to_3V3 Member=Component L7_2 2.2uH
Added Member To Class: ClassName=90V_to_12V Member=Component LM5116 LM5116MHX/NOPB
Added Member To Class: ClassName=90V_to_12V Member=Component M1 CSD19534Q5A
Added Member To Class: ClassName=90V_to_12V Member=Component M2 BSC320N20NS3 G
Added Member To Class: ClassName=[01]_Backbone Member=Component R33 0R
Added Member To Class: ClassName=12V_to_3V3 Member=Component R47_2 100K
Added Member To Class: ClassName=12V_to_5V Member=Component Rcomp2_5 CRCW0402412RFKED
Added Member To Class: ClassName=12V_to_5V Member=Component Rcomp_5 CRCW04021K69FKED
Added Member To Class: ClassName=90V_to_12V Member=Component Rcomp ERJ-6ENF2212V
Added Member To Class: ClassName=90V_to_12V Member=Component Renable ERJ-6ENF1004V
Added Member To Class: ClassName=12V_to_5V Member=Component Rfbb_5 CRCW04021K37FKED
Added Member To Class: ClassName=90V_to_12V Member=Component Rfbb ERJ-6ENF1101V
Added Member To Class: ClassName=12V_to_5V Member=Component Rfbt_5 CRCW040210K0FKED
Added Member To Class: ClassName=90V_to_12V Member=Component Rfbt ERJ-6ENF9761V
Added Member To Class: ClassName=12V_to_5V Member=Component Rpgood_5 CRCW0402100KFKED
Added Member To Class: ClassName=90V_to_12V Member=Component Rramp ERJ-6ENF4753V
Added Member To Class: ClassName=12V_to_5V Member=Component Rs_5 CRCW04026K04FKED
Added Member To Class: ClassName=90V_to_12V Member=Component Rsense PRL1632-R016-F-T1
Added Member To Class: ClassName=90V_to_12V Member=Component Rt ERJ-6ENF6812V
Added Member To Class: ClassName=90V_to_12V Member=Component Ruv1 ERJ-6ENF2741V
Added Member To Class: ClassName=90V_to_12V Member=Component Ruv2 ERJ-6ENF8662V
Added Member To Class: ClassName=12V_to_5V Member=Component TPS40305DRCR
Added Member To Class: ClassName=[01]_Backbone Member=Component U6 FT2232H
Added Member To Class: ClassName=12V_to_3V3 Member=Component U17_2 TPS62162DSGR
Added Room: Name=12V_to_3V3
Added Room: Name=12V_to_5V
Added Room: Name=90V_to_12V
