Removed Pin From Net: NetName=NetLED1_A Pin=Q1-3
Removed Pin From Net: NetName=NetLED13_A Pin=Q1b-3
Removed Pin From Net: NetName=NetLED2_A Pin=Q2-3
Removed Pin From Net: NetName=NetLED14_A Pin=Q2b-3
Removed Pin From Net: NetName=NetLED3_A Pin=Q3-3
Removed Pin From Net: NetName=NetLED15_A Pin=Q3b-3
Removed Pin From Net: NetName=NetLED4_A Pin=Q4-3
Removed Pin From Net: NetName=NetLED16_A Pin=Q4b-3
Removed Pin From Net: NetName=NetLED5_A Pin=Q5-3
Removed Pin From Net: NetName=NetLED17_A Pin=Q5b-3
Removed Pin From Net: NetName=NetLED6_A Pin=Q6-3
Removed Pin From Net: NetName=NetLED18_A Pin=Q6b-3
Removed Pin From Net: NetName=NetLED7_A Pin=Q7-3
Removed Pin From Net: NetName=NetLED19_A Pin=Q7b-3
Removed Pin From Net: NetName=NetLED8_A Pin=Q8-3
Removed Pin From Net: NetName=NetLED20_A Pin=Q8b-3
Removed Pin From Net: NetName=NetLED9_A Pin=Q9-3
Removed Pin From Net: NetName=NetLED21_A Pin=Q9b-3
Removed Pin From Net: NetName=NetLED10_A Pin=Q10-3
Removed Pin From Net: NetName=NetLED22_A Pin=Q10b-3
Removed Pin From Net: NetName=NetLED11_A Pin=Q11-3
Removed Pin From Net: NetName=NetLED23_A Pin=Q11b-3
Removed Pin From Net: NetName=NetLED12_A Pin=Q12-3
Removed Pin From Net: NetName=NetLED24_A Pin=Q12b-3
Removed Pin From Net: NetName=NetLED1_K Pin=R25-1
Removed Pin From Net: NetName=NetLED13_K Pin=R25b-1
Removed Pin From Net: NetName=NetLED2_K Pin=R26-1
Removed Pin From Net: NetName=NetLED14_K Pin=R26b-1
Removed Pin From Net: NetName=NetLED3_K Pin=R27-1
Removed Pin From Net: NetName=NetLED15_K Pin=R27b-1
Removed Pin From Net: NetName=NetLED4_K Pin=R28-1
Removed Pin From Net: NetName=NetLED16_K Pin=R28b-1
Removed Pin From Net: NetName=NetLED5_K Pin=R29-1
Removed Pin From Net: NetName=NetLED17_K Pin=R29b-1
Removed Pin From Net: NetName=NetLED6_K Pin=R30-1
Removed Pin From Net: NetName=NetLED18_K Pin=R30b-1
Removed Pin From Net: NetName=NetLED7_K Pin=R31-1
Removed Pin From Net: NetName=NetLED19_K Pin=R31b-1
Removed Pin From Net: NetName=NetLED8_K Pin=R32-1
Removed Pin From Net: NetName=NetLED20_K Pin=R32b-1
Removed Pin From Net: NetName=NetLED9_K Pin=R33-1
Removed Pin From Net: NetName=NetLED21_K Pin=R33b-1
Removed Pin From Net: NetName=NetLED10_K Pin=R34-1
Removed Pin From Net: NetName=NetLED22_K Pin=R34b-1
Removed Pin From Net: NetName=NetLED11_K Pin=R35-1
Removed Pin From Net: NetName=NetLED23_K Pin=R35b-1
Removed Pin From Net: NetName=NetLED12_K Pin=R36-1
Removed Pin From Net: NetName=NetLED24_K Pin=R36b-1
Removed Pin From Net: NetName=NetLED1_A Pin=R37-1
Removed Pin From Net: NetName=NetLED13_A Pin=R37b-1
Removed Pin From Net: NetName=NetLED2_A Pin=R38-1
Removed Pin From Net: NetName=NetLED14_A Pin=R38b-1
Removed Pin From Net: NetName=NetLED3_A Pin=R39-1
Removed Pin From Net: NetName=NetLED15_A Pin=R39b-1
Removed Pin From Net: NetName=NetLED4_A Pin=R40-1
Removed Pin From Net: NetName=NetLED16_A Pin=R40b-1
Removed Pin From Net: NetName=NetLED5_A Pin=R41-1
Removed Pin From Net: NetName=NetLED17_A Pin=R41b-1
Removed Pin From Net: NetName=NetLED6_A Pin=R42-1
Removed Pin From Net: NetName=NetLED18_A Pin=R42b-1
Removed Pin From Net: NetName=NetLED7_A Pin=R43-1
Removed Pin From Net: NetName=NetLED19_A Pin=R43b-1
Removed Pin From Net: NetName=NetLED8_A Pin=R44-1
Removed Pin From Net: NetName=NetLED20_A Pin=R44b-1
Removed Pin From Net: NetName=NetLED9_A Pin=R45-1
Removed Pin From Net: NetName=NetLED21_A Pin=R45b-1
Removed Pin From Net: NetName=NetLED10_A Pin=R46-1
Removed Pin From Net: NetName=NetLED22_A Pin=R46b-1
Removed Pin From Net: NetName=NetLED11_A Pin=R47-1
Removed Pin From Net: NetName=NetLED23_A Pin=R47b-1
Removed Pin From Net: NetName=NetLED12_A Pin=R48-1
Removed Pin From Net: NetName=NetLED24_A Pin=R48b-1
Added Pin To Net: NetName=NetLED1_A Pin=LED1-1
Added Pin To Net: NetName=NetLED1_K Pin=LED1-2
Added Pin To Net: NetName=NetLED2_A Pin=LED2-1
Added Pin To Net: NetName=NetLED2_K Pin=LED2-2
Added Pin To Net: NetName=NetLED3_A Pin=LED3-1
Added Pin To Net: NetName=NetLED3_K Pin=LED3-2
Added Pin To Net: NetName=NetLED4_A Pin=LED4-1
Added Pin To Net: NetName=NetLED4_K Pin=LED4-2
Added Pin To Net: NetName=NetLED5_A Pin=LED5-1
Added Pin To Net: NetName=NetLED5_K Pin=LED5-2
Added Pin To Net: NetName=NetLED6_A Pin=LED6-1
Added Pin To Net: NetName=NetLED6_K Pin=LED6-2
Added Pin To Net: NetName=NetLED7_A Pin=LED7-1
Added Pin To Net: NetName=NetLED7_K Pin=LED7-2
Added Pin To Net: NetName=NetLED8_A Pin=LED8-1
Added Pin To Net: NetName=NetLED8_K Pin=LED8-2
Added Pin To Net: NetName=NetLED9_A Pin=LED9-1
Added Pin To Net: NetName=NetLED9_K Pin=LED9-2
Added Pin To Net: NetName=NetLED10_A Pin=LED10-1
Added Pin To Net: NetName=NetLED10_K Pin=LED10-2
Added Pin To Net: NetName=NetLED11_A Pin=LED11-1
Added Pin To Net: NetName=NetLED11_K Pin=LED11-2
Added Pin To Net: NetName=NetLED12_A Pin=LED12-1
Added Pin To Net: NetName=NetLED12_K Pin=LED12-2
Added Pin To Net: NetName=NetLED13_A Pin=LED13-1
Added Pin To Net: NetName=NetLED13_K Pin=LED13-2
Added Pin To Net: NetName=NetLED14_A Pin=LED14-1
Added Pin To Net: NetName=NetLED14_K Pin=LED14-2
Added Pin To Net: NetName=NetLED15_A Pin=LED15-1
Added Pin To Net: NetName=NetLED15_K Pin=LED15-2
Added Pin To Net: NetName=NetLED16_A Pin=LED16-1
Added Pin To Net: NetName=NetLED16_K Pin=LED16-2
Added Pin To Net: NetName=NetLED17_A Pin=LED17-1
Added Pin To Net: NetName=NetLED17_K Pin=LED17-2
Added Pin To Net: NetName=NetLED18_A Pin=LED18-1
Added Pin To Net: NetName=NetLED18_K Pin=LED18-2
Added Pin To Net: NetName=NetLED19_A Pin=LED19-1
Added Pin To Net: NetName=NetLED19_K Pin=LED19-2
Added Pin To Net: NetName=NetLED20_A Pin=LED20-1
Added Pin To Net: NetName=NetLED20_K Pin=LED20-2
Added Pin To Net: NetName=NetLED21_A Pin=LED21-1
Added Pin To Net: NetName=NetLED21_K Pin=LED21-2
Added Pin To Net: NetName=NetLED22_A Pin=LED22-1
Added Pin To Net: NetName=NetLED22_K Pin=LED22-2
Added Pin To Net: NetName=NetLED23_A Pin=LED23-1
Added Pin To Net: NetName=NetLED23_K Pin=LED23-2
Added Pin To Net: NetName=NetLED24_A Pin=LED24-1
Added Pin To Net: NetName=NetLED24_K Pin=LED24-2
Added Pin To Net: NetName=NetLED1_K Pin=Q1-3
Added Pin To Net: NetName=NetLED13_K Pin=Q1b-3
Added Pin To Net: NetName=NetLED2_K Pin=Q2-3
Added Pin To Net: NetName=NetLED14_K Pin=Q2b-3
Added Pin To Net: NetName=NetLED3_K Pin=Q3-3
Added Pin To Net: NetName=NetLED15_K Pin=Q3b-3
Added Pin To Net: NetName=NetLED4_K Pin=Q4-3
Added Pin To Net: NetName=NetLED16_K Pin=Q4b-3
Added Pin To Net: NetName=NetLED5_K Pin=Q5-3
Added Pin To Net: NetName=NetLED17_K Pin=Q5b-3
Added Pin To Net: NetName=NetLED6_K Pin=Q6-3
Added Pin To Net: NetName=NetLED18_K Pin=Q6b-3
Added Pin To Net: NetName=NetLED7_K Pin=Q7-3
Added Pin To Net: NetName=NetLED19_K Pin=Q7b-3
Added Pin To Net: NetName=NetLED8_K Pin=Q8-3
Added Pin To Net: NetName=NetLED20_K Pin=Q8b-3
Added Pin To Net: NetName=NetLED9_K Pin=Q9-3
Added Pin To Net: NetName=NetLED21_K Pin=Q9b-3
Added Pin To Net: NetName=NetLED10_K Pin=Q10-3
Added Pin To Net: NetName=NetLED22_K Pin=Q10b-3
Added Pin To Net: NetName=NetLED11_K Pin=Q11-3
Added Pin To Net: NetName=NetLED23_K Pin=Q11b-3
Added Pin To Net: NetName=NetLED12_K Pin=Q12-3
Added Pin To Net: NetName=NetLED24_K Pin=Q12b-3
Added Pin To Net: NetName=NetLED1_A Pin=R25-1
Added Pin To Net: NetName=NetLED13_A Pin=R25b-1
Added Pin To Net: NetName=NetLED2_A Pin=R26-1
Added Pin To Net: NetName=NetLED14_A Pin=R26b-1
Added Pin To Net: NetName=NetLED3_A Pin=R27-1
Added Pin To Net: NetName=NetLED15_A Pin=R27b-1
Added Pin To Net: NetName=NetLED4_A Pin=R28-1
Added Pin To Net: NetName=NetLED16_A Pin=R28b-1
Added Pin To Net: NetName=NetLED5_A Pin=R29-1
Added Pin To Net: NetName=NetLED17_A Pin=R29b-1
Added Pin To Net: NetName=NetLED6_A Pin=R30-1
Added Pin To Net: NetName=NetLED18_A Pin=R30b-1
Added Pin To Net: NetName=NetLED7_A Pin=R31-1
Added Pin To Net: NetName=NetLED19_A Pin=R31b-1
Added Pin To Net: NetName=NetLED8_A Pin=R32-1
Added Pin To Net: NetName=NetLED20_A Pin=R32b-1
Added Pin To Net: NetName=NetLED9_A Pin=R33-1
Added Pin To Net: NetName=NetLED21_A Pin=R33b-1
Added Pin To Net: NetName=NetLED10_A Pin=R34-1
Added Pin To Net: NetName=NetLED22_A Pin=R34b-1
Added Pin To Net: NetName=NetLED11_A Pin=R35-1
Added Pin To Net: NetName=NetLED23_A Pin=R35b-1
Added Pin To Net: NetName=NetLED12_A Pin=R36-1
Added Pin To Net: NetName=NetLED24_A Pin=R36b-1
Added Pin To Net: NetName=NetLED1_K Pin=R37-1
Added Pin To Net: NetName=NetLED13_K Pin=R37b-1
Added Pin To Net: NetName=NetLED2_K Pin=R38-1
Added Pin To Net: NetName=NetLED14_K Pin=R38b-1
Added Pin To Net: NetName=NetLED3_K Pin=R39-1
Added Pin To Net: NetName=NetLED15_K Pin=R39b-1
Added Pin To Net: NetName=NetLED4_K Pin=R40-1
Added Pin To Net: NetName=NetLED16_K Pin=R40b-1
Added Pin To Net: NetName=NetLED5_K Pin=R41-1
Added Pin To Net: NetName=NetLED17_K Pin=R41b-1
Added Pin To Net: NetName=NetLED6_K Pin=R42-1
Added Pin To Net: NetName=NetLED18_K Pin=R42b-1
Added Pin To Net: NetName=NetLED7_K Pin=R43-1
Added Pin To Net: NetName=NetLED19_K Pin=R43b-1
Added Pin To Net: NetName=NetLED8_K Pin=R44-1
Added Pin To Net: NetName=NetLED20_K Pin=R44b-1
Added Pin To Net: NetName=NetLED9_K Pin=R45-1
Added Pin To Net: NetName=NetLED21_K Pin=R45b-1
Added Pin To Net: NetName=NetLED10_K Pin=R46-1
Added Pin To Net: NetName=NetLED22_K Pin=R46b-1
Added Pin To Net: NetName=NetLED11_K Pin=R47-1
Added Pin To Net: NetName=NetLED23_K Pin=R47b-1
Added Pin To Net: NetName=NetLED12_K Pin=R48-1
Added Pin To Net: NetName=NetLED24_K Pin=R48b-1
Change Net Name : Old Net Name=NetLED1_A New Net Name=NetLED1_1
Change Net Name : Old Net Name=NetLED1_K New Net Name=NetLED1_2
Change Net Name : Old Net Name=NetLED2_A New Net Name=NetLED2_1
Change Net Name : Old Net Name=NetLED2_K New Net Name=NetLED2_2
Change Net Name : Old Net Name=NetLED3_A New Net Name=NetLED3_1
Change Net Name : Old Net Name=NetLED3_K New Net Name=NetLED3_2
Change Net Name : Old Net Name=NetLED4_A New Net Name=NetLED4_1
Change Net Name : Old Net Name=NetLED4_K New Net Name=NetLED4_2
Change Net Name : Old Net Name=NetLED5_A New Net Name=NetLED5_1
Change Net Name : Old Net Name=NetLED5_K New Net Name=NetLED5_2
Change Net Name : Old Net Name=NetLED6_A New Net Name=NetLED6_1
Change Net Name : Old Net Name=NetLED6_K New Net Name=NetLED6_2
Change Net Name : Old Net Name=NetLED7_A New Net Name=NetLED7_1
Change Net Name : Old Net Name=NetLED7_K New Net Name=NetLED7_2
Change Net Name : Old Net Name=NetLED8_A New Net Name=NetLED8_1
Change Net Name : Old Net Name=NetLED8_K New Net Name=NetLED8_2
Change Net Name : Old Net Name=NetLED9_A New Net Name=NetLED9_1
Change Net Name : Old Net Name=NetLED9_K New Net Name=NetLED9_2
Change Net Name : Old Net Name=NetLED10_A New Net Name=NetLED10_1
Change Net Name : Old Net Name=NetLED10_K New Net Name=NetLED10_2
Change Net Name : Old Net Name=NetLED11_A New Net Name=NetLED11_1
Change Net Name : Old Net Name=NetLED11_K New Net Name=NetLED11_2
Change Net Name : Old Net Name=NetLED12_A New Net Name=NetLED12_1
Change Net Name : Old Net Name=NetLED12_K New Net Name=NetLED12_2
Change Net Name : Old Net Name=NetLED13_A New Net Name=NetLED13_1
Change Net Name : Old Net Name=NetLED13_K New Net Name=NetLED13_2
Change Net Name : Old Net Name=NetLED14_A New Net Name=NetLED14_1
Change Net Name : Old Net Name=NetLED14_K New Net Name=NetLED14_2
Change Net Name : Old Net Name=NetLED15_A New Net Name=NetLED15_1
Change Net Name : Old Net Name=NetLED15_K New Net Name=NetLED15_2
Change Net Name : Old Net Name=NetLED16_A New Net Name=NetLED16_1
Change Net Name : Old Net Name=NetLED16_K New Net Name=NetLED16_2
Change Net Name : Old Net Name=NetLED17_A New Net Name=NetLED17_1
Change Net Name : Old Net Name=NetLED17_K New Net Name=NetLED17_2
Change Net Name : Old Net Name=NetLED18_A New Net Name=NetLED18_1
Change Net Name : Old Net Name=NetLED18_K New Net Name=NetLED18_2
Change Net Name : Old Net Name=NetLED19_A New Net Name=NetLED19_1
Change Net Name : Old Net Name=NetLED19_K New Net Name=NetLED19_2
Change Net Name : Old Net Name=NetLED20_A New Net Name=NetLED20_1
Change Net Name : Old Net Name=NetLED20_K New Net Name=NetLED20_2
Change Net Name : Old Net Name=NetLED21_A New Net Name=NetLED21_1
Change Net Name : Old Net Name=NetLED21_K New Net Name=NetLED21_2
Change Net Name : Old Net Name=NetLED22_A New Net Name=NetLED22_1
Change Net Name : Old Net Name=NetLED22_K New Net Name=NetLED22_2
Change Net Name : Old Net Name=NetLED23_A New Net Name=NetLED23_1
Change Net Name : Old Net Name=NetLED23_K New Net Name=NetLED23_2
Change Net Name : Old Net Name=NetLED24_A New Net Name=NetLED24_1
Change Net Name : Old Net Name=NetLED24_K New Net Name=NetLED24_2
