Replace Part C1 Cap, 0805, OPT in C:\Users\Chris\Documents\GitHub\DRIVAIR_EDA\Source\BMS\BMS.SchDoc with Cap, 0805, OPT from BMS.SchLib
Replace Part C2 Cap, 0805, OPT in C:\Users\Chris\Documents\GitHub\DRIVAIR_EDA\Source\BMS\BMS.SchDoc with Cap, 0805, OPT from BMS.SchLib
Replace Part C3 Cap, 0805, OPT in C:\Users\Chris\Documents\GitHub\DRIVAIR_EDA\Source\BMS\BMS.SchDoc with Cap, 0805, OPT from BMS.SchLib
Replace Part C4 Cap, 0805, OPT in C:\Users\Chris\Documents\GitHub\DRIVAIR_EDA\Source\BMS\BMS.SchDoc with Cap, 0805, OPT from BMS.SchLib
Replace Part C5 Cap, 0805, OPT in C:\Users\Chris\Documents\GitHub\DRIVAIR_EDA\Source\BMS\BMS.SchDoc with Cap, 0805, OPT from BMS.SchLib
Replace Part C6 Cap, 0805, OPT in C:\Users\Chris\Documents\GitHub\DRIVAIR_EDA\Source\BMS\BMS.SchDoc with Cap, 0805, OPT from BMS.SchLib
Replace Part C7 Cap, 0805, OPT in C:\Users\Chris\Documents\GitHub\DRIVAIR_EDA\Source\BMS\BMS.SchDoc with Cap, 0805, OPT from BMS.SchLib
Replace Part C8 Cap, 0805, OPT in C:\Users\Chris\Documents\GitHub\DRIVAIR_EDA\Source\BMS\BMS.SchDoc with Cap, 0805, OPT from BMS.SchLib
Replace Part C9 Cap, 0805, OPT in C:\Users\Chris\Documents\GitHub\DRIVAIR_EDA\Source\BMS\BMS.SchDoc with Cap, 0805, OPT from BMS.SchLib
Replace Part C10 Cap, 0805, OPT in C:\Users\Chris\Documents\GitHub\DRIVAIR_EDA\Source\BMS\BMS.SchDoc with Cap, 0805, OPT from BMS.SchLib
Replace Part C11 Cap, 0805, OPT in C:\Users\Chris\Documents\GitHub\DRIVAIR_EDA\Source\BMS\BMS.SchDoc with Cap, 0805, OPT from BMS.SchLib
Replace Part C12 Cap, 0805, OPT in C:\Users\Chris\Documents\GitHub\DRIVAIR_EDA\Source\BMS\BMS.SchDoc with Cap, 0805, OPT from BMS.SchLib
Replace Part C13 GCM21BR72A104KA37 in C:\Users\Chris\Documents\GitHub\DRIVAIR_EDA\Source\BMS\BMS.SchDoc with GCM21BR72A104KA37 from BMS.SchLib
Replace Part C14 Cap, 0805, OPT in C:\Users\Chris\Documents\GitHub\DRIVAIR_EDA\Source\BMS\BMS.SchDoc with Cap, 0805, OPT from BMS.SchLib
Replace Part C15 Cap, 0805, OPT in C:\Users\Chris\Documents\GitHub\DRIVAIR_EDA\Source\BMS\BMS.SchDoc with Cap, 0805, OPT from BMS.SchLib
Replace Part C16 Cap, 1206, OPT in C:\Users\Chris\Documents\GitHub\DRIVAIR_EDA\Source\BMS\BMS.SchDoc with Cap, 1206, OPT from BMS.SchLib
Replace Part C17 GCM188R71C105KA64D in C:\Users\Chris\Documents\GitHub\DRIVAIR_EDA\Source\BMS\BMS.SchDoc with GCM188R71C105KA64D from BMS.SchLib
Replace Part C18 Cap, 1206, OPT in C:\Users\Chris\Documents\GitHub\DRIVAIR_EDA\Source\BMS\BMS.SchDoc with Cap, 1206, OPT from BMS.SchLib
Replace Part C19 GCM188R71E104KA57D in C:\Users\Chris\Documents\GitHub\DRIVAIR_EDA\Source\BMS\BMS.SchDoc with GCM188R71E104KA57D from BMS.SchLib
Replace Part C20 GCM188R71C105KA64D in C:\Users\Chris\Documents\GitHub\DRIVAIR_EDA\Source\BMS\BMS.SchDoc with GCM188R71C105KA64D from BMS.SchLib
Replace Part C21 GCM188R71C105KA64D in C:\Users\Chris\Documents\GitHub\DRIVAIR_EDA\Source\BMS\BMS.SchDoc with GCM188R71C105KA64D from BMS.SchLib
Replace Part C22 GCM188R71C105KA64D in C:\Users\Chris\Documents\GitHub\DRIVAIR_EDA\Source\BMS\BMS.SchDoc with GCM188R71C105KA64D from BMS.SchLib
Replace Part C23 GCM21BR72A104KA37 in C:\Users\Chris\Documents\GitHub\DRIVAIR_EDA\Source\BMS\BMS.SchDoc with GCM21BR72A104KA37 from BMS.SchLib
Replace Part C24 GRM188R71E103KA01D in C:\Users\Chris\Documents\GitHub\DRIVAIR_EDA\Source\BMS\BMS.SchDoc with GRM188R71E103KA01D from BMS.SchLib
Replace Part C25 GRM188R71E103KA01D in C:\Users\Chris\Documents\GitHub\DRIVAIR_EDA\Source\BMS\BMS.SchDoc with GRM188R71E103KA01D from BMS.SchLib
Replace Part C26 GRM188R71E103KA01D in C:\Users\Chris\Documents\GitHub\DRIVAIR_EDA\Source\BMS\BMS.SchDoc with GRM188R71E103KA01D from BMS.SchLib
Replace Part C27 GRM188R71E103KA01D in C:\Users\Chris\Documents\GitHub\DRIVAIR_EDA\Source\BMS\BMS.SchDoc with GRM188R71E103KA01D from BMS.SchLib
Replace Part C28 GRM188R71E103KA01D in C:\Users\Chris\Documents\GitHub\DRIVAIR_EDA\Source\BMS\BMS.SchDoc with GRM188R71E103KA01D from BMS.SchLib
Replace Part C29 GRM188R71E103KA01D in C:\Users\Chris\Documents\GitHub\DRIVAIR_EDA\Source\BMS\BMS.SchDoc with GRM188R71E103KA01D from BMS.SchLib
Replace Part C30 GRM188R71E103KA01D in C:\Users\Chris\Documents\GitHub\DRIVAIR_EDA\Source\BMS\BMS.SchDoc with GRM188R71E103KA01D from BMS.SchLib
Replace Part C31 GRM188R71E103KA01D in C:\Users\Chris\Documents\GitHub\DRIVAIR_EDA\Source\BMS\BMS.SchDoc with GRM188R71E103KA01D from BMS.SchLib
Replace Part C32 GRM188R71E103KA01D in C:\Users\Chris\Documents\GitHub\DRIVAIR_EDA\Source\BMS\BMS.SchDoc with GRM188R71E103KA01D from BMS.SchLib
Replace Part C33 GRM188R71E103KA01D in C:\Users\Chris\Documents\GitHub\DRIVAIR_EDA\Source\BMS\BMS.SchDoc with GRM188R71E103KA01D from BMS.SchLib
Replace Part C34 GRM188R71E103KA01D in C:\Users\Chris\Documents\GitHub\DRIVAIR_EDA\Source\BMS\BMS.SchDoc with GRM188R71E103KA01D from BMS.SchLib
Replace Part C35 GRM188R71E103KA01D in C:\Users\Chris\Documents\GitHub\DRIVAIR_EDA\Source\BMS\BMS.SchDoc with GRM188R71E103KA01D from BMS.SchLib
Replace Part C36 GRM188R71E103KA01D in C:\Users\Chris\Documents\GitHub\DRIVAIR_EDA\Source\BMS\BMS.SchDoc with GRM188R71E103KA01D from BMS.SchLib
Replace Part D2 BAT46W in C:\Users\Chris\Documents\GitHub\DRIVAIR_EDA\Source\BMS\BMS.SchDoc with BAT46W from BMS.SchLib
Replace Part LED1 LSTST-C190KGKT in C:\Users\Chris\Documents\GitHub\DRIVAIR_EDA\Source\BMS\BMS.SchDoc with LSTST-C190KGKT from BMS.SchLib
Replace Part LED2 LSTST-C190KGKT in C:\Users\Chris\Documents\GitHub\DRIVAIR_EDA\Source\BMS\BMS.SchDoc with LSTST-C190KGKT from BMS.SchLib
Replace Part LED3 LSTST-C190KGKT in C:\Users\Chris\Documents\GitHub\DRIVAIR_EDA\Source\BMS\BMS.SchDoc with LSTST-C190KGKT from BMS.SchLib
Replace Part LED4 LSTST-C190KGKT in C:\Users\Chris\Documents\GitHub\DRIVAIR_EDA\Source\BMS\BMS.SchDoc with LSTST-C190KGKT from BMS.SchLib
Replace Part LED5 LSTST-C190KGKT in C:\Users\Chris\Documents\GitHub\DRIVAIR_EDA\Source\BMS\BMS.SchDoc with LSTST-C190KGKT from BMS.SchLib
Replace Part LED6 LSTST-C190KGKT in C:\Users\Chris\Documents\GitHub\DRIVAIR_EDA\Source\BMS\BMS.SchDoc with LSTST-C190KGKT from BMS.SchLib
Replace Part LED7 LSTST-C190KGKT in C:\Users\Chris\Documents\GitHub\DRIVAIR_EDA\Source\BMS\BMS.SchDoc with LSTST-C190KGKT from BMS.SchLib
Replace Part LED8 LSTST-C190KGKT in C:\Users\Chris\Documents\GitHub\DRIVAIR_EDA\Source\BMS\BMS.SchDoc with LSTST-C190KGKT from BMS.SchLib
Replace Part LED9 LSTST-C190KGKT in C:\Users\Chris\Documents\GitHub\DRIVAIR_EDA\Source\BMS\BMS.SchDoc with LSTST-C190KGKT from BMS.SchLib
Replace Part LED10 LSTST-C190KGKT in C:\Users\Chris\Documents\GitHub\DRIVAIR_EDA\Source\BMS\BMS.SchDoc with LSTST-C190KGKT from BMS.SchLib
Replace Part LED11 LSTST-C190KGKT in C:\Users\Chris\Documents\GitHub\DRIVAIR_EDA\Source\BMS\BMS.SchDoc with LSTST-C190KGKT from BMS.SchLib
Replace Part LED12 LSTST-C190KGKT in C:\Users\Chris\Documents\GitHub\DRIVAIR_EDA\Source\BMS\BMS.SchDoc with LSTST-C190KGKT from BMS.SchLib
Replace Part LTC6804-1/1ST LTC6804-1 in C:\Users\Chris\Documents\GitHub\DRIVAIR_EDA\Source\BMS\BMS.SchDoc with LTC6804-1 from BMS.SchLib
Replace Part Q1 RQJ0303PGDQA in C:\Users\Chris\Documents\GitHub\DRIVAIR_EDA\Source\BMS\BMS.SchDoc with RQJ0303PGDQA from BMS.SchLib
Replace Part Q2 RQJ0303PGDQA in C:\Users\Chris\Documents\GitHub\DRIVAIR_EDA\Source\BMS\BMS.SchDoc with RQJ0303PGDQA from BMS.SchLib
Replace Part Q3 RQJ0303PGDQA in C:\Users\Chris\Documents\GitHub\DRIVAIR_EDA\Source\BMS\BMS.SchDoc with RQJ0303PGDQA from BMS.SchLib
Replace Part Q4 RQJ0303PGDQA in C:\Users\Chris\Documents\GitHub\DRIVAIR_EDA\Source\BMS\BMS.SchDoc with RQJ0303PGDQA from BMS.SchLib
Replace Part Q5 RQJ0303PGDQA in C:\Users\Chris\Documents\GitHub\DRIVAIR_EDA\Source\BMS\BMS.SchDoc with RQJ0303PGDQA from BMS.SchLib
Replace Part Q6 RQJ0303PGDQA in C:\Users\Chris\Documents\GitHub\DRIVAIR_EDA\Source\BMS\BMS.SchDoc with RQJ0303PGDQA from BMS.SchLib
Replace Part Q7 RQJ0303PGDQA in C:\Users\Chris\Documents\GitHub\DRIVAIR_EDA\Source\BMS\BMS.SchDoc with RQJ0303PGDQA from BMS.SchLib
Replace Part Q8 RQJ0303PGDQA in C:\Users\Chris\Documents\GitHub\DRIVAIR_EDA\Source\BMS\BMS.SchDoc with RQJ0303PGDQA from BMS.SchLib
Replace Part Q9 RQJ0303PGDQA in C:\Users\Chris\Documents\GitHub\DRIVAIR_EDA\Source\BMS\BMS.SchDoc with RQJ0303PGDQA from BMS.SchLib
Replace Part Q10 RQJ0303PGDQA in C:\Users\Chris\Documents\GitHub\DRIVAIR_EDA\Source\BMS\BMS.SchDoc with RQJ0303PGDQA from BMS.SchLib
Replace Part Q11 RQJ0303PGDQA in C:\Users\Chris\Documents\GitHub\DRIVAIR_EDA\Source\BMS\BMS.SchDoc with RQJ0303PGDQA from BMS.SchLib
Replace Part Q12 RQJ0303PGDQA in C:\Users\Chris\Documents\GitHub\DRIVAIR_EDA\Source\BMS\BMS.SchDoc with RQJ0303PGDQA from BMS.SchLib
Replace Part Q13 CZT5551 in C:\Users\Chris\Documents\GitHub\DRIVAIR_EDA\Source\BMS\BMS.SchDoc with CZT5551 from BMS.SchLib
Replace Part R1 CRCW0603100RFKEA in C:\Users\Chris\Documents\GitHub\DRIVAIR_EDA\Source\BMS\BMS.SchDoc with CRCW0603100RFKEA from BMS.SchLib
Replace Part R2 CRCW0603100RFKEA in C:\Users\Chris\Documents\GitHub\DRIVAIR_EDA\Source\BMS\BMS.SchDoc with CRCW0603100RFKEA from BMS.SchLib
Replace Part R3 CRCW0603100RFKEA in C:\Users\Chris\Documents\GitHub\DRIVAIR_EDA\Source\BMS\BMS.SchDoc with CRCW0603100RFKEA from BMS.SchLib
Replace Part R4 CRCW0603100RFKEA in C:\Users\Chris\Documents\GitHub\DRIVAIR_EDA\Source\BMS\BMS.SchDoc with CRCW0603100RFKEA from BMS.SchLib
Replace Part R5 CRCW0603100RFKEA in C:\Users\Chris\Documents\GitHub\DRIVAIR_EDA\Source\BMS\BMS.SchDoc with CRCW0603100RFKEA from BMS.SchLib
Replace Part R6 CRCW0603100RFKEA in C:\Users\Chris\Documents\GitHub\DRIVAIR_EDA\Source\BMS\BMS.SchDoc with CRCW0603100RFKEA from BMS.SchLib
Replace Part R7 CRCW0603100RFKEA in C:\Users\Chris\Documents\GitHub\DRIVAIR_EDA\Source\BMS\BMS.SchDoc with CRCW0603100RFKEA from BMS.SchLib
Replace Part R8 CRCW0603100RFKEA in C:\Users\Chris\Documents\GitHub\DRIVAIR_EDA\Source\BMS\BMS.SchDoc with CRCW0603100RFKEA from BMS.SchLib
Replace Part R9 CRCW0603100RFKEA in C:\Users\Chris\Documents\GitHub\DRIVAIR_EDA\Source\BMS\BMS.SchDoc with CRCW0603100RFKEA from BMS.SchLib
Replace Part R10 CRCW0603100RFKEA in C:\Users\Chris\Documents\GitHub\DRIVAIR_EDA\Source\BMS\BMS.SchDoc with CRCW0603100RFKEA from BMS.SchLib
Replace Part R11 CRCW0603100RFKEA in C:\Users\Chris\Documents\GitHub\DRIVAIR_EDA\Source\BMS\BMS.SchDoc with CRCW0603100RFKEA from BMS.SchLib
Replace Part R12 CRCW0603100RFKEA in C:\Users\Chris\Documents\GitHub\DRIVAIR_EDA\Source\BMS\BMS.SchDoc with CRCW0603100RFKEA from BMS.SchLib
Replace Part R13 CRCW06033K30JNEA in C:\Users\Chris\Documents\GitHub\DRIVAIR_EDA\Source\BMS\BMS.SchDoc with CRCW06033K30JNEA from BMS.SchLib
Replace Part R14 CRCW06033K30JNEA in C:\Users\Chris\Documents\GitHub\DRIVAIR_EDA\Source\BMS\BMS.SchDoc with CRCW06033K30JNEA from BMS.SchLib
Replace Part R15 CRCW06033K30JNEA in C:\Users\Chris\Documents\GitHub\DRIVAIR_EDA\Source\BMS\BMS.SchDoc with CRCW06033K30JNEA from BMS.SchLib
Replace Part R16 CRCW06033K30JNEA in C:\Users\Chris\Documents\GitHub\DRIVAIR_EDA\Source\BMS\BMS.SchDoc with CRCW06033K30JNEA from BMS.SchLib
Replace Part R17 CRCW06033K30JNEA in C:\Users\Chris\Documents\GitHub\DRIVAIR_EDA\Source\BMS\BMS.SchDoc with CRCW06033K30JNEA from BMS.SchLib
Replace Part R18 CRCW06033K30JNEA in C:\Users\Chris\Documents\GitHub\DRIVAIR_EDA\Source\BMS\BMS.SchDoc with CRCW06033K30JNEA from BMS.SchLib
Replace Part R19 CRCW06033K30JNEA in C:\Users\Chris\Documents\GitHub\DRIVAIR_EDA\Source\BMS\BMS.SchDoc with CRCW06033K30JNEA from BMS.SchLib
Replace Part R20 CRCW06033K30JNEA in C:\Users\Chris\Documents\GitHub\DRIVAIR_EDA\Source\BMS\BMS.SchDoc with CRCW06033K30JNEA from BMS.SchLib
Replace Part R21 CRCW06033K30JNEA in C:\Users\Chris\Documents\GitHub\DRIVAIR_EDA\Source\BMS\BMS.SchDoc with CRCW06033K30JNEA from BMS.SchLib
Replace Part R22 CRCW06033K30JNEA in C:\Users\Chris\Documents\GitHub\DRIVAIR_EDA\Source\BMS\BMS.SchDoc with CRCW06033K30JNEA from BMS.SchLib
Replace Part R23 CRCW06033K30JNEA in C:\Users\Chris\Documents\GitHub\DRIVAIR_EDA\Source\BMS\BMS.SchDoc with CRCW06033K30JNEA from BMS.SchLib
Replace Part R24 CRCW06033K30JNEA in C:\Users\Chris\Documents\GitHub\DRIVAIR_EDA\Source\BMS\BMS.SchDoc with CRCW06033K30JNEA from BMS.SchLib
Replace Part R25 CRCW0603475RFKEA in C:\Users\Chris\Documents\GitHub\DRIVAIR_EDA\Source\BMS\BMS.SchDoc with CRCW0603475RFKEA from BMS.SchLib
Replace Part R26 CRCW0603475RFKEA in C:\Users\Chris\Documents\GitHub\DRIVAIR_EDA\Source\BMS\BMS.SchDoc with CRCW0603475RFKEA from BMS.SchLib
Replace Part R27 CRCW0603475RFKEA in C:\Users\Chris\Documents\GitHub\DRIVAIR_EDA\Source\BMS\BMS.SchDoc with CRCW0603475RFKEA from BMS.SchLib
Replace Part R28 CRCW0603475RFKEA in C:\Users\Chris\Documents\GitHub\DRIVAIR_EDA\Source\BMS\BMS.SchDoc with CRCW0603475RFKEA from BMS.SchLib
Replace Part R29 CRCW0603475RFKEA in C:\Users\Chris\Documents\GitHub\DRIVAIR_EDA\Source\BMS\BMS.SchDoc with CRCW0603475RFKEA from BMS.SchLib
Replace Part R30 CRCW0603475RFKEA in C:\Users\Chris\Documents\GitHub\DRIVAIR_EDA\Source\BMS\BMS.SchDoc with CRCW0603475RFKEA from BMS.SchLib
Replace Part R31 CRCW0603475RFKEA in C:\Users\Chris\Documents\GitHub\DRIVAIR_EDA\Source\BMS\BMS.SchDoc with CRCW0603475RFKEA from BMS.SchLib
Replace Part R32 CRCW0603475RFKEA in C:\Users\Chris\Documents\GitHub\DRIVAIR_EDA\Source\BMS\BMS.SchDoc with CRCW0603475RFKEA from BMS.SchLib
Replace Part R33 CRCW0603475RFKEA in C:\Users\Chris\Documents\GitHub\DRIVAIR_EDA\Source\BMS\BMS.SchDoc with CRCW0603475RFKEA from BMS.SchLib
Replace Part R34 CRCW0603475RFKEA in C:\Users\Chris\Documents\GitHub\DRIVAIR_EDA\Source\BMS\BMS.SchDoc with CRCW0603475RFKEA from BMS.SchLib
Replace Part R35 CRCW0603475RFKEA in C:\Users\Chris\Documents\GitHub\DRIVAIR_EDA\Source\BMS\BMS.SchDoc with CRCW0603475RFKEA from BMS.SchLib
Replace Part R36 CRCW0603475RFKEA in C:\Users\Chris\Documents\GitHub\DRIVAIR_EDA\Source\BMS\BMS.SchDoc with CRCW0603475RFKEA from BMS.SchLib
Replace Part R37 CRCW251233R0FKEGHP in C:\Users\Chris\Documents\GitHub\DRIVAIR_EDA\Source\BMS\BMS.SchDoc with CRCW251233R0FKEGHP from BMS.SchLib
Replace Part R38 CRCW251233R0FKEGHP in C:\Users\Chris\Documents\GitHub\DRIVAIR_EDA\Source\BMS\BMS.SchDoc with CRCW251233R0FKEGHP from BMS.SchLib
Replace Part R39 CRCW251233R0FKEGHP in C:\Users\Chris\Documents\GitHub\DRIVAIR_EDA\Source\BMS\BMS.SchDoc with CRCW251233R0FKEGHP from BMS.SchLib
Replace Part R40 CRCW251233R0FKEGHP in C:\Users\Chris\Documents\GitHub\DRIVAIR_EDA\Source\BMS\BMS.SchDoc with CRCW251233R0FKEGHP from BMS.SchLib
Replace Part R41 CRCW251233R0FKEGHP in C:\Users\Chris\Documents\GitHub\DRIVAIR_EDA\Source\BMS\BMS.SchDoc with CRCW251233R0FKEGHP from BMS.SchLib
Replace Part R42 CRCW251233R0FKEGHP in C:\Users\Chris\Documents\GitHub\DRIVAIR_EDA\Source\BMS\BMS.SchDoc with CRCW251233R0FKEGHP from BMS.SchLib
Replace Part R43 CRCW251233R0FKEGHP in C:\Users\Chris\Documents\GitHub\DRIVAIR_EDA\Source\BMS\BMS.SchDoc with CRCW251233R0FKEGHP from BMS.SchLib
Replace Part R44 CRCW251233R0FKEGHP in C:\Users\Chris\Documents\GitHub\DRIVAIR_EDA\Source\BMS\BMS.SchDoc with CRCW251233R0FKEGHP from BMS.SchLib
Replace Part R45 CRCW251233R0FKEGHP in C:\Users\Chris\Documents\GitHub\DRIVAIR_EDA\Source\BMS\BMS.SchDoc with CRCW251233R0FKEGHP from BMS.SchLib
Replace Part R46 CRCW251233R0FKEGHP in C:\Users\Chris\Documents\GitHub\DRIVAIR_EDA\Source\BMS\BMS.SchDoc with CRCW251233R0FKEGHP from BMS.SchLib
Replace Part R47 CRCW251233R0FKEGHP in C:\Users\Chris\Documents\GitHub\DRIVAIR_EDA\Source\BMS\BMS.SchDoc with CRCW251233R0FKEGHP from BMS.SchLib
Replace Part R48 CRCW251233R0FKEGHP in C:\Users\Chris\Documents\GitHub\DRIVAIR_EDA\Source\BMS\BMS.SchDoc with CRCW251233R0FKEGHP from BMS.SchLib
Replace Part R49 CRCW0603100RFKEA in C:\Users\Chris\Documents\GitHub\DRIVAIR_EDA\Source\BMS\BMS.SchDoc with CRCW0603100RFKEA from BMS.SchLib
Replace Part R50 CRCW0603110RFKEA in C:\Users\Chris\Documents\GitHub\DRIVAIR_EDA\Source\BMS\BMS.SchDoc with CRCW0603110RFKEA from BMS.SchLib
Replace Part R51 CRCW0603110RFKEA in C:\Users\Chris\Documents\GitHub\DRIVAIR_EDA\Source\BMS\BMS.SchDoc with CRCW0603110RFKEA from BMS.SchLib
Replace Part R52 CRCW06031K00FKEA in C:\Users\Chris\Documents\GitHub\DRIVAIR_EDA\Source\BMS\BMS.SchDoc with CRCW06031K00FKEA from BMS.SchLib
Replace Part R53 CRCW06031K00FKEA in C:\Users\Chris\Documents\GitHub\DRIVAIR_EDA\Source\BMS\BMS.SchDoc with CRCW06031K00FKEA from BMS.SchLib
Replace Part R54 CRCW06031M00FKEA in C:\Users\Chris\Documents\GitHub\DRIVAIR_EDA\Source\BMS\BMS.SchDoc with CRCW06031M00FKEA from BMS.SchLib
Replace Part R55 CRCW06031M00FKEA in C:\Users\Chris\Documents\GitHub\DRIVAIR_EDA\Source\BMS\BMS.SchDoc with CRCW06031M00FKEA from BMS.SchLib
Replace Part R56 CRCW0603100RFKEA in C:\Users\Chris\Documents\GitHub\DRIVAIR_EDA\Source\BMS\BMS.SchDoc with CRCW0603100RFKEA from BMS.SchLib
Replace Part R57 CRCW06034K99FKEA in C:\Users\Chris\Documents\GitHub\DRIVAIR_EDA\Source\BMS\BMS.SchDoc with CRCW06034K99FKEA from BMS.SchLib
Replace Part R58 CRCW06034K99FKEA in C:\Users\Chris\Documents\GitHub\DRIVAIR_EDA\Source\BMS\BMS.SchDoc with CRCW06034K99FKEA from BMS.SchLib
Replace Part R61 CRCW06030000Z0EA in C:\Users\Chris\Documents\GitHub\DRIVAIR_EDA\Source\BMS\BMS.SchDoc with CRCW06030000Z0EA from BMS.SchLib
Replace Part R62 CRCW06031M00FKEA in C:\Users\Chris\Documents\GitHub\DRIVAIR_EDA\Source\BMS\BMS.SchDoc with CRCW06031M00FKEA from BMS.SchLib
Replace Part R63 RES, 0603, OPT in C:\Users\Chris\Documents\GitHub\DRIVAIR_EDA\Source\BMS\BMS.SchDoc with RES, 0603, OPT from BMS.SchLib
Replace Part R64 CRCW0603100RFKEA in C:\Users\Chris\Documents\GitHub\DRIVAIR_EDA\Source\BMS\BMS.SchDoc with CRCW0603100RFKEA from BMS.SchLib
Replace Part R65 RES, 1206, OPT in C:\Users\Chris\Documents\GitHub\DRIVAIR_EDA\Source\BMS\BMS.SchDoc with RES, 1206, OPT from BMS.SchLib
Replace Part R66 RES, 1206, OPT in C:\Users\Chris\Documents\GitHub\DRIVAIR_EDA\Source\BMS\BMS.SchDoc with RES, 1206, OPT from BMS.SchLib
Replace Part R67 CRCW060310K0FKEA in C:\Users\Chris\Documents\GitHub\DRIVAIR_EDA\Source\BMS\BMS.SchDoc with CRCW060310K0FKEA from BMS.SchLib
Replace Part R68 NCP18XH103F03RB in C:\Users\Chris\Documents\GitHub\DRIVAIR_EDA\Source\BMS\BMS.SchDoc with NCP18XH103F03RB from BMS.SchLib
Replace Part R69 CRCW060322K0FKEA in C:\Users\Chris\Documents\GitHub\DRIVAIR_EDA\Source\BMS\BMS.SchDoc with CRCW060322K0FKEA from BMS.SchLib
Replace Part R70 CRCW060322K0FKEA in C:\Users\Chris\Documents\GitHub\DRIVAIR_EDA\Source\BMS\BMS.SchDoc with CRCW060322K0FKEA from BMS.SchLib
Replace Part R71 CRCW06031M00FKEA in C:\Users\Chris\Documents\GitHub\DRIVAIR_EDA\Source\BMS\BMS.SchDoc with CRCW06031M00FKEA from BMS.SchLib
Replace Part R72 CRCW06031M00FKEA in C:\Users\Chris\Documents\GitHub\DRIVAIR_EDA\Source\BMS\BMS.SchDoc with CRCW06031M00FKEA from BMS.SchLib
Replace Part R73 RES, 0603, OPT in C:\Users\Chris\Documents\GitHub\DRIVAIR_EDA\Source\BMS\BMS.SchDoc with RES, 0603, OPT from BMS.SchLib
Replace Part T1 TG110-AE050N5 in C:\Users\Chris\Documents\GitHub\DRIVAIR_EDA\Source\BMS\BMS.SchDoc with TG110-AE050N5 from BMS.SchLib
Replace Part U1 LTC6804-1 in C:\Users\Chris\Documents\GitHub\DRIVAIR_EDA\Source\BMS\BMS.SchDoc with LTC6804-1 from BMS.SchLib
Replace Part U2 24AA01 in C:\Users\Chris\Documents\GitHub\DRIVAIR_EDA\Source\BMS\BMS.SchDoc with 24AA01 from BMS.SchLib
Replace Part U3 24LC025-I/ST in C:\Users\Chris\Documents\GitHub\DRIVAIR_EDA\Source\BMS\BMS.SchDoc with 24LC025-I/ST from BMS.SchLib
