Change Physical Footprint: Designator=C1 Old Footprint=C0402 New Footprint=C0402
Change Physical Footprint: Designator=C2 Old Footprint=C0402 New Footprint=C0402
Change Physical Footprint: Designator=C3 Old Footprint=C0402 New Footprint=C0402
Change Physical Footprint: Designator=C4 Old Footprint=C0402 New Footprint=C0402
Change Physical Footprint: Designator=C5 Old Footprint=C0402 New Footprint=C0402
Change Physical Footprint: Designator=C6 Old Footprint=C0402 New Footprint=C0402
Change Physical Footprint: Designator=C7 Old Footprint=C0402 New Footprint=C0402
Change Physical Footprint: Designator=C8 Old Footprint=C0402 New Footprint=C0402
Change Physical Footprint: Designator=C9 Old Footprint=C0402 New Footprint=C0402
Change Physical Footprint: Designator=C10 Old Footprint=C0402 New Footprint=C0402
Change Physical Footprint: Designator=C11 Old Footprint=C0402 New Footprint=C0402
Change Physical Footprint: Designator=C12 Old Footprint=C0402 New Footprint=C0402
Change Physical Footprint: Designator=C13 Old Footprint=C0402 New Footprint=C0402
Change Physical Footprint: Designator=C14 Old Footprint=C0402 New Footprint=C0402
Change Physical Footprint: Designator=C15 Old Footprint=C0402 New Footprint=C0402
Change Physical Footprint: Designator=C16 Old Footprint=C0402 New Footprint=C0402
Change Physical Footprint: Designator=C17 Old Footprint=C0402 New Footprint=C0402
Change Physical Footprint: Designator=C18 Old Footprint=C0402 New Footprint=C0402
Change Physical Footprint: Designator=C19 Old Footprint=C0402 New Footprint=C0402
Change Physical Footprint: Designator=C20 Old Footprint=C0402 New Footprint=C0402
Change Physical Footprint: Designator=C21 Old Footprint=C0402 New Footprint=C0402
Change Physical Footprint: Designator=C22 Old Footprint=C0402 New Footprint=C0402
Change Physical Footprint: Designator=C23 Old Footprint=C0402 New Footprint=C0402
Change Physical Footprint: Designator=C24 Old Footprint=C0402 New Footprint=C0402
Change Physical Footprint: Designator=C25 Old Footprint=C0402 New Footprint=C0402
Change Physical Footprint: Designator=C26 Old Footprint=C0402 New Footprint=C0402
Change Physical Footprint: Designator=C27 Old Footprint=C0402 New Footprint=C0402
Change Physical Footprint: Designator=C28 Old Footprint=C0402 New Footprint=C0402
Change Physical Footprint: Designator=C29 Old Footprint=C0402 New Footprint=C0402
Change Physical Footprint: Designator=C30 Old Footprint=C0402 New Footprint=C0402
Change Physical Footprint: Designator=C31 Old Footprint=C0402 New Footprint=C0402
Change Physical Footprint: Designator=C32 Old Footprint=C0402 New Footprint=C0402
Change Physical Footprint: Designator=C33 Old Footprint=C0402 New Footprint=C0402
Change Physical Footprint: Designator=C34 Old Footprint=C0402 New Footprint=C0402
Change Physical Footprint: Designator=C35 Old Footprint=C0402 New Footprint=C0402
Change Physical Footprint: Designator=C36 Old Footprint=C0402 New Footprint=C0402
Change Physical Footprint: Designator=C37 Old Footprint=C0402 New Footprint=C0402
Change Physical Footprint: Designator=C38 Old Footprint=C0402 New Footprint=C0402
Change Physical Footprint: Designator=C39 Old Footprint=C0402 New Footprint=C0402
Change Physical Footprint: Designator=C40 Old Footprint=C0402 New Footprint=C0402
Change Physical Footprint: Designator=C41 Old Footprint=SPARKFUN_1210 New Footprint=SPARKFUN_1210
Change Physical Footprint: Designator=C42 Old Footprint=C0402 New Footprint=C0402
Change Physical Footprint: Designator=C43 Old Footprint=C0402 New Footprint=C0402
Change Physical Footprint: Designator=C44 Old Footprint=SPARKFUN_1210 New Footprint=SPARKFUN_1210
Change Physical Footprint: Designator=C45 Old Footprint=SPARKFUN_1210 New Footprint=SPARKFUN_1210
Change Physical Footprint: Designator=C46 Old Footprint=C0402 New Footprint=C0402
Change Physical Footprint: Designator=C47 Old Footprint=C0402 New Footprint=C0402
Change Physical Footprint: Designator=C48 Old Footprint=C0402 New Footprint=C0402
Change Physical Footprint: Designator=C49 Old Footprint=C0402 New Footprint=C0402
Change Physical Footprint: Designator=C50 Old Footprint=C0402 New Footprint=C0402
Change Physical Footprint: Designator=C51 Old Footprint=C0402 New Footprint=C0402
Change Physical Footprint: Designator=C52 Old Footprint=C0402 New Footprint=C0402
Change Physical Footprint: Designator=C53 Old Footprint=C0402 New Footprint=C0402
Change Physical Footprint: Designator=C54 Old Footprint=C0402 New Footprint=C0402
Change Physical Footprint: Designator=C55 Old Footprint=C0402 New Footprint=C0402
Change Physical Footprint: Designator=CON1 Old Footprint=32005-201 New Footprint=32005-201
Change Physical Footprint: Designator=D1 Old Footprint=CHIP-LED0603 New Footprint=CHIP-LED0603
Change Physical Footprint: Designator=D3 Old Footprint=SOD123 New Footprint=SOD123
Change Physical Footprint: Designator=D4 Old Footprint=CHIP-LED0603 New Footprint=CHIP-LED0603
Change Physical Footprint: Designator=D7 Old Footprint=CHIP-LED0603 New Footprint=CHIP-LED0603
Change Physical Footprint: Designator=D8 Old Footprint=CHIP-LED0603 New Footprint=CHIP-LED0603
Change Physical Footprint: Designator=D9 Old Footprint=CHIP-LED0603 New Footprint=CHIP-LED0603
Change Physical Footprint: Designator=D10 Old Footprint=CHIP-LED0603 New Footprint=CHIP-LED0603
Change Physical Footprint: Designator=F1 Old Footprint=L1812 New Footprint=L1812
Change Physical Footprint: Designator=J1 Old Footprint=MA10-1 New Footprint=MA10-1
Change Physical Footprint: Designator=J2 Old Footprint=MA10-1 New Footprint=MA10-1
Change Physical Footprint: Designator=J3 Old Footprint=MA10-1 New Footprint=MA10-1
Change Physical Footprint: Designator=J4 Old Footprint=MA10-1 New Footprint=MA10-1
Change Physical Footprint: Designator=J5 Old Footprint=MA10-1 New Footprint=MA10-1
Change Physical Footprint: Designator=J6 Old Footprint=MA10-1 New Footprint=MA10-1
Change Physical Footprint: Designator=J7 Old Footprint=MA10-1 New Footprint=MA10-1
Change Physical Footprint: Designator=J8 Old Footprint=MA10-1 New Footprint=MA10-1
Change Physical Footprint: Designator=J9 Old Footprint=CON-LSTB_MA03-1 New Footprint=CON-LSTB_MA03-1
Change Physical Footprint: Designator=J12 Old Footprint=MA03-1 New Footprint=MA03-1
Change Physical Footprint: Designator=JP1 Old Footprint=JP1 New Footprint=JP1
Change Physical Footprint: Designator=JP2 Old Footprint=JP1 New Footprint=JP1
Change Physical Footprint: Designator=JP3 Old Footprint=JP1 New Footprint=JP1
Change Physical Footprint: Designator=JP4 Old Footprint=JP1 New Footprint=JP1
Change Physical Footprint: Designator=JP5 Old Footprint=JP1 New Footprint=JP1
Change Physical Footprint: Designator=JP6 Old Footprint=JP1 New Footprint=JP1
Change Physical Footprint: Designator=JP7 Old Footprint=JP1 New Footprint=JP1
Change Physical Footprint: Designator=L1 Old Footprint=R0402 New Footprint=R0402
Change Physical Footprint: Designator=L2 Old Footprint=R0402 New Footprint=R0402
Change Physical Footprint: Designator=L3 Old Footprint=R0402 New Footprint=R0402
Change Physical Footprint: Designator=L4 Old Footprint=R0402 New Footprint=R0402
Change Physical Footprint: Designator=L6 Old Footprint=INDUCT-3_7*3_5 New Footprint=INDUCT-3_7*3_5
Change Physical Footprint: Designator=L7 Old Footprint=INDUCT-3.2*3.2 New Footprint=INDUCT-3.2*3.2
Change Physical Footprint: Designator=Q1 Old Footprint=HC49/S New Footprint=HC49/S
Change Physical Footprint: Designator=Q3 Old Footprint=HC49UP New Footprint=HC49UP
Change Physical Footprint: Designator=QEP_A Old Footprint=MA05-1 New Footprint=MA05-1
Change Physical Footprint: Designator=QEP_B Old Footprint=MA05-1 New Footprint=MA05-1
Change Physical Footprint: Designator=R1 Old Footprint=R0402 New Footprint=R0402
Change Physical Footprint: Designator=R2 Old Footprint=R0402 New Footprint=R0402
Change Physical Footprint: Designator=R3 Old Footprint=R0402 New Footprint=R0402
Change Physical Footprint: Designator=R4 Old Footprint=R0402 New Footprint=R0402
Change Physical Footprint: Designator=R5 Old Footprint=R0402 New Footprint=R0402
Change Physical Footprint: Designator=R6 Old Footprint=R0402 New Footprint=R0402
Change Physical Footprint: Designator=R7 Old Footprint=R0402 New Footprint=R0402
Change Physical Footprint: Designator=R8 Old Footprint=R0402 New Footprint=R0402
Change Physical Footprint: Designator=R9 Old Footprint=R0402 New Footprint=R0402
Change Physical Footprint: Designator=R10 Old Footprint=R0402 New Footprint=R0402
Change Physical Footprint: Designator=R11 Old Footprint=R0402 New Footprint=R0402
Change Physical Footprint: Designator=R12 Old Footprint=R0402 New Footprint=R0402
Change Physical Footprint: Designator=R13 Old Footprint=R0402 New Footprint=R0402
Change Physical Footprint: Designator=R14 Old Footprint=R0402 New Footprint=R0402
Change Physical Footprint: Designator=R15 Old Footprint=R0402 New Footprint=R0402
Change Physical Footprint: Designator=R16 Old Footprint=R1206 New Footprint=R1206
Change Physical Footprint: Designator=R17 Old Footprint=R0402 New Footprint=R0402
Change Physical Footprint: Designator=R18 Old Footprint=R1206 New Footprint=R1206
Change Physical Footprint: Designator=R19 Old Footprint=R1206 New Footprint=R1206
Change Physical Footprint: Designator=R20 Old Footprint=R1206 New Footprint=R1206
Change Physical Footprint: Designator=R21 Old Footprint=R1206 New Footprint=R1206
Change Physical Footprint: Designator=R22 Old Footprint=R0402 New Footprint=R0402
Change Physical Footprint: Designator=R23 Old Footprint=R0402 New Footprint=R0402
Change Physical Footprint: Designator=R24 Old Footprint=R0402 New Footprint=R0402
Change Physical Footprint: Designator=R25 Old Footprint=R1206 New Footprint=R1206
Change Physical Footprint: Designator=R26 Old Footprint=R0402 New Footprint=R0402
Change Physical Footprint: Designator=R27 Old Footprint=R0402 New Footprint=R0402
Change Physical Footprint: Designator=R28 Old Footprint=R1206 New Footprint=R1206
Change Physical Footprint: Designator=R29 Old Footprint=R0402 New Footprint=R0402
Change Physical Footprint: Designator=R30 Old Footprint=R1206 New Footprint=R1206
Change Physical Footprint: Designator=R31 Old Footprint=R0402 New Footprint=R0402
Change Physical Footprint: Designator=R32 Old Footprint=R1206 New Footprint=R1206
Change Physical Footprint: Designator=R33 Old Footprint=R0402 New Footprint=R0402
Change Physical Footprint: Designator=R34 Old Footprint=R0402 New Footprint=R0402
Change Physical Footprint: Designator=R35 Old Footprint=R0402 New Footprint=R0402
Change Physical Footprint: Designator=R36 Old Footprint=R0402 New Footprint=R0402
Change Physical Footprint: Designator=R37 Old Footprint=R0402 New Footprint=R0402
Change Physical Footprint: Designator=R38 Old Footprint=R0402 New Footprint=R0402
Change Physical Footprint: Designator=R39 Old Footprint=R0402 New Footprint=R0402
Change Physical Footprint: Designator=R40 Old Footprint=R0402 New Footprint=R0402
Change Physical Footprint: Designator=R41 Old Footprint=R0402 New Footprint=R0402
Change Physical Footprint: Designator=R42 Old Footprint=R0402 New Footprint=R0402
Change Physical Footprint: Designator=R43 Old Footprint=R0402 New Footprint=R0402
Change Physical Footprint: Designator=R44 Old Footprint=R0402 New Footprint=R0402
Change Physical Footprint: Designator=R45 Old Footprint=R0402 New Footprint=R0402
Change Physical Footprint: Designator=R46 Old Footprint=R0402 New Footprint=R0402
Change Physical Footprint: Designator=R47 Old Footprint=R0402 New Footprint=R0402
Change Physical Footprint: Designator=R48 Old Footprint=R0402 New Footprint=R0402
Change Physical Footprint: Designator=R49 Old Footprint=R0402 New Footprint=R0402
Change Physical Footprint: Designator=R50 Old Footprint=R0402 New Footprint=R0402
Change Physical Footprint: Designator=R51 Old Footprint=R0402 New Footprint=R0402
Change Physical Footprint: Designator=S1 Old Footprint=CTS-219-03 New Footprint=CTS-219-03
Change Physical Footprint: Designator=S2 Old Footprint=FSMJSMA New Footprint=FSMJSMA
Change Physical Footprint: Designator=TP1 Old Footprint=TESTPAD_B1,27 New Footprint=TESTPAD_B1,27
Change Physical Footprint: Designator=TP2 Old Footprint=TESTPAD_B1,27 New Footprint=TESTPAD_B1,27
Change Physical Footprint: Designator=TP3 Old Footprint=TESTPAD_B1,27 New Footprint=TESTPAD_B1,27
Change Physical Footprint: Designator=TP4 Old Footprint=TESTPAD_B1,27 New Footprint=TESTPAD_B1,27
Change Physical Footprint: Designator=TP5 Old Footprint=TESTPAD_B1,27 New Footprint=TESTPAD_B1,27
Change Physical Footprint: Designator=TP6 Old Footprint=TESTPAD_B1,27 New Footprint=TESTPAD_B1,27
Change Physical Footprint: Designator=TP7 Old Footprint=TESTPAD_B1,27 New Footprint=TESTPAD_B1,27
Change Physical Footprint: Designator=TP8 Old Footprint=TESTPAD_B1,27 New Footprint=TESTPAD_B1,27
Change Physical Footprint: Designator=TP9 Old Footprint=TESTPAD_B1,27 New Footprint=TESTPAD_B1,27
Change Physical Footprint: Designator=TP10 Old Footprint=TESTPAD_B1,27 New Footprint=TESTPAD_B1,27
Change Physical Footprint: Designator=TP11 Old Footprint=TESTPAD_B1,27 New Footprint=TESTPAD_B1,27
Change Physical Footprint: Designator=TP12 Old Footprint=TESTPAD_B1,27 New Footprint=TESTPAD_B1,27
Change Physical Footprint: Designator=TP13 Old Footprint=TESTPAD_B1,27 New Footprint=TESTPAD_B1,27
Change Physical Footprint: Designator=TP14 Old Footprint=TESTPAD_B1,27 New Footprint=TESTPAD_B1,27
Change Physical Footprint: Designator=TP15 Old Footprint=TESTPAD_B1,27 New Footprint=TESTPAD_B1,27
Change Physical Footprint: Designator=TP16 Old Footprint=TESTPAD_B1,27 New Footprint=TESTPAD_B1,27
Change Physical Footprint: Designator=TP17 Old Footprint=TESTPAD_B1,27 New Footprint=TESTPAD_B1,27
Change Physical Footprint: Designator=TP18 Old Footprint=TESTPAD_B1,27 New Footprint=TESTPAD_B1,27
Change Physical Footprint: Designator=TP19 Old Footprint=TESTPAD_B1,27 New Footprint=TESTPAD_B1,27
Change Physical Footprint: Designator=TP20 Old Footprint=TESTPAD_B1,27 New Footprint=TESTPAD_B1,27
Change Physical Footprint: Designator=TP21 Old Footprint=TESTPAD_B1,27 New Footprint=TESTPAD_B1,27
Change Physical Footprint: Designator=TP22 Old Footprint=TESTPAD_B1,27 New Footprint=TESTPAD_B1,27
Change Physical Footprint: Designator=TP23 Old Footprint=TESTPAD_B1,27 New Footprint=TESTPAD_B1,27
Change Physical Footprint: Designator=TP24 Old Footprint=TESTPAD_B1,27 New Footprint=TESTPAD_B1,27
Change Physical Footprint: Designator=TP25 Old Footprint=TESTPAD_B1,27 New Footprint=TESTPAD_B1,27
Change Physical Footprint: Designator=TP26 Old Footprint=TESTPAD_B1,27 New Footprint=TESTPAD_B1,27
Change Physical Footprint: Designator=TP27 Old Footprint=TESTPAD_B1,27 New Footprint=TESTPAD_B1,27
Change Physical Footprint: Designator=TP28 Old Footprint=TESTPAD_B1,27 New Footprint=TESTPAD_B1,27
Change Physical Footprint: Designator=TP29 Old Footprint=TESTPAD_B1,27 New Footprint=TESTPAD_B1,27
Change Physical Footprint: Designator=TP30 Old Footprint=TESTPAD_B1,27 New Footprint=TESTPAD_B1,27
Change Physical Footprint: Designator=U1 Old Footprint=PQFP100 New Footprint=PQFP100
Change Physical Footprint: Designator=U2 Old Footprint=TSSOP16-PW New Footprint=TSSOP16-PW
Change Physical Footprint: Designator=U3 Old Footprint=SOIC8-PDSO New Footprint=SOIC8-PDSO
Change Physical Footprint: Designator=U4 Old Footprint=SOT23-5-DBV New Footprint=SOT23-5-DBV
Change Physical Footprint: Designator=U5 Old Footprint=SO-16DW New Footprint=SO-16DW
Change Physical Footprint: Designator=U6 Old Footprint=QFN64 New Footprint=QFN64
Change Physical Footprint: Designator=U7 Old Footprint=SO-16DW New Footprint=SO-16DW
Change Physical Footprint: Designator=U8 Old Footprint=SOT23-6 New Footprint=SOT23-6
Change Physical Footprint: Designator=U9 Old Footprint=SOT23-6-DBV New Footprint=SOT23-6-DBV
Change Physical Footprint: Designator=U10 Old Footprint=TSSOP16-PW New Footprint=TSSOP16-PW
Change Physical Footprint: Designator=U11 Old Footprint=TI-DCU8 New Footprint=TI-DCU8
Change Physical Footprint: Designator=U12 Old Footprint=SOT23-5-DBV New Footprint=SOT23-5-DBV
Change Physical Footprint: Designator=U13 Old Footprint=SOT23-5-DBV New Footprint=SOT23-5-DBV
Change Physical Footprint: Designator=U14 Old Footprint=SOT23-5-DBV New Footprint=SOT23-5-DBV
Change Physical Footprint: Designator=U15 Old Footprint=TI-DCU8 New Footprint=TI-DCU8
Change Physical Footprint: Designator=U16 Old Footprint=TI-DGS10 New Footprint=TI-DGS10
Change Physical Footprint: Designator=U17 Old Footprint=TI_DSG8 New Footprint=TI_DSG8
Change Physical Footprint: Designator=U18 Old Footprint=74XX-LITTLE-DE_SC70-5 New Footprint=74XX-LITTLE-DE_SC70-5
Change Physical Footprint: Designator=U$1 Old Footprint=ROY_JUMPER New Footprint=ROY_JUMPER
Change Physical Footprint: Designator=U$2 Old Footprint=ROY_JUMPER New Footprint=ROY_JUMPER
Change Physical Footprint: Designator=U$9 Old Footprint=ROY_JUMPER New Footprint=ROY_JUMPER
Change Physical Footprint: Designator=U$10 Old Footprint=ROY_JUMPER New Footprint=ROY_JUMPER
Change Physical Footprint: Designator=U$11 Old Footprint=ROY_JUMPER New Footprint=ROY_JUMPER
Change Physical Footprint: Designator=U$12 Old Footprint=ROY_JUMPER New Footprint=ROY_JUMPER
Change Physical Footprint: Designator=U$13 Old Footprint=ROY_JUMPER New Footprint=ROY_JUMPER
