Removed Pin From Net: NetName=U_T Pin=J4_U-1
Removed Pin From Net: NetName=V_T Pin=J4_V-1
Removed Pin From Net: NetName=W_T Pin=J4_W-1
Removed Pin From Net: NetName=U_T Pin=J_2U-1
Removed Pin From Net: NetName=V_T Pin=J_2V-1
Removed Pin From Net: NetName=W_T Pin=J_2W-1
Added Pin To Net: NetName=NetGD1U_4 Pin=J1_U-2
Added Pin To Net: NetName=NetGD1V_4 Pin=J1_V-2
Added Pin To Net: NetName=NetGD1W_4 Pin=J1_W-2
Added Pin To Net: NetName=NetGD2U_4 Pin=J3_U-2
Added Pin To Net: NetName=NetGD2V_4 Pin=J3_V-2
Added Pin To Net: NetName=NetGD2W_4 Pin=J3_W-2
Added Pin To Net: NetName=NetGD2U_7 Pin=J4_U-1
Added Pin To Net: NetName=U_T Pin=J4_U-2
Added Pin To Net: NetName=NetGD2V_7 Pin=J4_V-1
Added Pin To Net: NetName=V_T Pin=J4_V-2
Added Pin To Net: NetName=NetGD2W_7 Pin=J4_W-1
Added Pin To Net: NetName=W_T Pin=J4_W-2
Added Pin To Net: NetName=NetGD1U_7 Pin=J_2U-1
Added Pin To Net: NetName=U_T Pin=J_2U-2
Added Pin To Net: NetName=NetGD1V_7 Pin=J_2V-1
Added Pin To Net: NetName=V_T Pin=J_2V-2
Added Pin To Net: NetName=NetGD1W_7 Pin=J_2W-1
Added Pin To Net: NetName=W_T Pin=J_2W-2
